INFO - 2023-07-27 00:01:13 --> Session: Class initialized using 'CodeIgniter\Session\Handlers\FileHandler' driver.
INFO - 2023-07-27 00:01:13 --> Cart Class Initialized
INFO - 2023-07-27 10:00:39 --> Session: Class initialized using 'CodeIgniter\Session\Handlers\FileHandler' driver.
INFO - 2023-07-27 10:00:39 --> Session: Class initialized using 'CodeIgniter\Session\Handlers\FileHandler' driver.
INFO - 2023-07-27 10:00:39 --> Cart Class Initialized
INFO - 2023-07-27 10:01:08 --> Session: Class initialized using 'CodeIgniter\Session\Handlers\FileHandler' driver.
INFO - 2023-07-27 10:01:08 --> Cart Class Initialized
INFO - 2023-07-27 10:01:08 --> Session: Class initialized using 'CodeIgniter\Session\Handlers\FileHandler' driver.
INFO - 2023-07-27 10:01:23 --> Session: Class initialized using 'CodeIgniter\Session\Handlers\FileHandler' driver.
INFO - 2023-07-27 10:01:23 --> Cart Class Initialized
INFO - 2023-07-27 10:05:04 --> Session: Class initialized using 'CodeIgniter\Session\Handlers\FileHandler' driver.
INFO - 2023-07-27 10:05:04 --> Cart Class Initialized
INFO - 2023-07-27 10:05:31 --> Session: Class initialized using 'CodeIgniter\Session\Handlers\FileHandler' driver.
INFO - 2023-07-27 10:05:31 --> Cart Class Initialized
INFO - 2023-07-27 10:05:44 --> Session: Class initialized using 'CodeIgniter\Session\Handlers\FileHandler' driver.
INFO - 2023-07-27 10:05:44 --> Cart Class Initialized
INFO - 2023-07-27 10:05:46 --> Session: Class initialized using 'CodeIgniter\Session\Handlers\FileHandler' driver.
INFO - 2023-07-27 10:05:46 --> Cart Class Initialized
INFO - 2023-07-27 10:05:48 --> Session: Class initialized using 'CodeIgniter\Session\Handlers\FileHandler' driver.
INFO - 2023-07-27 10:05:48 --> Session: Class initialized using 'CodeIgniter\Session\Handlers\FileHandler' driver.
INFO - 2023-07-27 10:05:48 --> Cart Class Initialized
INFO - 2023-07-27 10:12:25 --> Session: Class initialized using 'CodeIgniter\Session\Handlers\FileHandler' driver.
INFO - 2023-07-27 10:19:52 --> Session: Class initialized using 'CodeIgniter\Session\Handlers\FileHandler' driver.
INFO - 2023-07-27 10:19:52 --> Cart Class Initialized
INFO - 2023-07-27 10:20:01 --> Session: Class initialized using 'CodeIgniter\Session\Handlers\FileHandler' driver.
INFO - 2023-07-27 10:20:01 --> Session: Class initialized using 'CodeIgniter\Session\Handlers\FileHandler' driver.
INFO - 2023-07-27 10:20:01 --> Cart Class Initialized
INFO - 2023-07-27 10:20:08 --> Session: Class initialized using 'CodeIgniter\Session\Handlers\FileHandler' driver.
INFO - 2023-07-27 10:20:12 --> Session: Class initialized using 'CodeIgniter\Session\Handlers\FileHandler' driver.
INFO - 2023-07-27 10:20:12 --> Session: Class initialized using 'CodeIgniter\Session\Handlers\FileHandler' driver.
INFO - 2023-07-27 10:20:12 --> Cart Class Initialized
INFO - 2023-07-27 10:20:22 --> Session: Class initialized using 'CodeIgniter\Session\Handlers\FileHandler' driver.
INFO - 2023-07-27 10:20:22 --> Cart Class Initialized
INFO - 2023-07-27 10:26:06 --> Session: Class initialized using 'CodeIgniter\Session\Handlers\FileHandler' driver.
INFO - 2023-07-27 10:26:06 --> Cart Class Initialized
INFO - 2023-07-27 10:27:04 --> Session: Class initialized using 'CodeIgniter\Session\Handlers\FileHandler' driver.
INFO - 2023-07-27 10:27:04 --> Cart Class Initialized
INFO - 2023-07-27 10:30:31 --> Session: Class initialized using 'CodeIgniter\Session\Handlers\FileHandler' driver.
INFO - 2023-07-27 10:30:33 --> Session: Class initialized using 'CodeIgniter\Session\Handlers\FileHandler' driver.
INFO - 2023-07-27 10:30:39 --> Session: Class initialized using 'CodeIgniter\Session\Handlers\FileHandler' driver.
INFO - 2023-07-27 10:30:39 --> Session: Class initialized using 'CodeIgniter\Session\Handlers\FileHandler' driver.
INFO - 2023-07-27 10:31:55 --> Session: Class initialized using 'CodeIgniter\Session\Handlers\FileHandler' driver.
INFO - 2023-07-27 10:31:55 --> Cart Class Initialized
INFO - 2023-07-27 10:32:00 --> Session: Class initialized using 'CodeIgniter\Session\Handlers\FileHandler' driver.
INFO - 2023-07-27 10:32:00 --> Session: Class initialized using 'CodeIgniter\Session\Handlers\FileHandler' driver.
INFO - 2023-07-27 10:32:00 --> Cart Class Initialized
INFO - 2023-07-27 10:33:11 --> Session: Class initialized using 'CodeIgniter\Session\Handlers\FileHandler' driver.
INFO - 2023-07-27 10:33:11 --> Cart Class Initialized
INFO - 2023-07-27 10:33:18 --> Session: Class initialized using 'CodeIgniter\Session\Handlers\FileHandler' driver.
INFO - 2023-07-27 10:33:18 --> Cart Class Initialized
INFO - 2023-07-27 10:34:04 --> Session: Class initialized using 'CodeIgniter\Session\Handlers\FileHandler' driver.
INFO - 2023-07-27 10:34:06 --> Session: Class initialized using 'CodeIgniter\Session\Handlers\FileHandler' driver.
INFO - 2023-07-27 10:34:06 --> Cart Class Initialized
INFO - 2023-07-27 10:34:14 --> Session: Class initialized using 'CodeIgniter\Session\Handlers\FileHandler' driver.
INFO - 2023-07-27 10:34:18 --> Session: Class initialized using 'CodeIgniter\Session\Handlers\FileHandler' driver.
INFO - 2023-07-27 10:34:18 --> Cart Class Initialized
INFO - 2023-07-27 10:34:22 --> Session: Class initialized using 'CodeIgniter\Session\Handlers\FileHandler' driver.
INFO - 2023-07-27 10:34:38 --> Session: Class initialized using 'CodeIgniter\Session\Handlers\FileHandler' driver.
INFO - 2023-07-27 10:34:38 --> Cart Class Initialized
INFO - 2023-07-27 10:34:50 --> Session: Class initialized using 'CodeIgniter\Session\Handlers\FileHandler' driver.
INFO - 2023-07-27 10:35:01 --> Session: Class initialized using 'CodeIgniter\Session\Handlers\FileHandler' driver.
INFO - 2023-07-27 10:35:01 --> Session: Class initialized using 'CodeIgniter\Session\Handlers\FileHandler' driver.
INFO - 2023-07-27 10:35:01 --> Cart Class Initialized
INFO - 2023-07-27 10:35:13 --> Session: Class initialized using 'CodeIgniter\Session\Handlers\FileHandler' driver.
INFO - 2023-07-27 10:35:13 --> Cart Class Initialized
INFO - 2023-07-27 10:35:23 --> Session: Class initialized using 'CodeIgniter\Session\Handlers\FileHandler' driver.
INFO - 2023-07-27 10:35:23 --> Cart Class Initialized
INFO - 2023-07-27 10:35:26 --> Session: Class initialized using 'CodeIgniter\Session\Handlers\FileHandler' driver.
INFO - 2023-07-27 10:35:26 --> Cart Class Initialized
INFO - 2023-07-27 10:35:43 --> Session: Class initialized using 'CodeIgniter\Session\Handlers\FileHandler' driver.
INFO - 2023-07-27 10:35:43 --> Cart Class Initialized
INFO - 2023-07-27 10:35:58 --> Session: Class initialized using 'CodeIgniter\Session\Handlers\FileHandler' driver.
INFO - 2023-07-27 10:35:58 --> Cart Class Initialized
INFO - 2023-07-27 10:37:45 --> Session: Class initialized using 'CodeIgniter\Session\Handlers\FileHandler' driver.
INFO - 2023-07-27 10:37:45 --> Cart Class Initialized
INFO - 2023-07-27 10:38:14 --> Session: Class initialized using 'CodeIgniter\Session\Handlers\FileHandler' driver.
INFO - 2023-07-27 10:38:14 --> Cart Class Initialized
INFO - 2023-07-27 10:40:00 --> Session: Class initialized using 'CodeIgniter\Session\Handlers\FileHandler' driver.
INFO - 2023-07-27 10:40:00 --> Cart Class Initialized
INFO - 2023-07-27 10:40:07 --> Session: Class initialized using 'CodeIgniter\Session\Handlers\FileHandler' driver.
INFO - 2023-07-27 10:40:07 --> Cart Class Initialized
INFO - 2023-07-27 10:40:42 --> Session: Class initialized using 'CodeIgniter\Session\Handlers\FileHandler' driver.
INFO - 2023-07-27 10:40:42 --> Cart Class Initialized
INFO - 2023-07-27 10:40:43 --> Session: Class initialized using 'CodeIgniter\Session\Handlers\FileHandler' driver.
INFO - 2023-07-27 10:40:43 --> Cart Class Initialized
INFO - 2023-07-27 10:40:44 --> Session: Class initialized using 'CodeIgniter\Session\Handlers\FileHandler' driver.
INFO - 2023-07-27 10:40:44 --> Cart Class Initialized
INFO - 2023-07-27 10:40:44 --> Session: Class initialized using 'CodeIgniter\Session\Handlers\FileHandler' driver.
INFO - 2023-07-27 10:40:44 --> Cart Class Initialized
INFO - 2023-07-27 10:42:10 --> Session: Class initialized using 'CodeIgniter\Session\Handlers\FileHandler' driver.
INFO - 2023-07-27 10:42:10 --> Cart Class Initialized
INFO - 2023-07-27 10:43:21 --> Session: Class initialized using 'CodeIgniter\Session\Handlers\FileHandler' driver.
INFO - 2023-07-27 10:43:21 --> Cart Class Initialized
INFO - 2023-07-27 10:43:22 --> Session: Class initialized using 'CodeIgniter\Session\Handlers\FileHandler' driver.
INFO - 2023-07-27 10:43:22 --> Cart Class Initialized
INFO - 2023-07-27 10:43:22 --> Session: Class initialized using 'CodeIgniter\Session\Handlers\FileHandler' driver.
INFO - 2023-07-27 10:43:22 --> Cart Class Initialized
INFO - 2023-07-27 10:43:22 --> Session: Class initialized using 'CodeIgniter\Session\Handlers\FileHandler' driver.
INFO - 2023-07-27 10:43:22 --> Cart Class Initialized
INFO - 2023-07-27 10:43:22 --> Session: Class initialized using 'CodeIgniter\Session\Handlers\FileHandler' driver.
INFO - 2023-07-27 10:43:22 --> Cart Class Initialized
INFO - 2023-07-27 10:43:22 --> Session: Class initialized using 'CodeIgniter\Session\Handlers\FileHandler' driver.
INFO - 2023-07-27 10:43:22 --> Cart Class Initialized
INFO - 2023-07-27 10:43:25 --> Session: Class initialized using 'CodeIgniter\Session\Handlers\FileHandler' driver.
INFO - 2023-07-27 10:43:25 --> Cart Class Initialized
INFO - 2023-07-27 10:43:30 --> Session: Class initialized using 'CodeIgniter\Session\Handlers\FileHandler' driver.
INFO - 2023-07-27 10:43:30 --> Cart Class Initialized
INFO - 2023-07-27 10:43:30 --> Session: Class initialized using 'CodeIgniter\Session\Handlers\FileHandler' driver.
INFO - 2023-07-27 10:43:30 --> Cart Class Initialized
INFO - 2023-07-27 10:43:30 --> Session: Class initialized using 'CodeIgniter\Session\Handlers\FileHandler' driver.
INFO - 2023-07-27 10:43:30 --> Cart Class Initialized
INFO - 2023-07-27 10:46:17 --> Session: Class initialized using 'CodeIgniter\Session\Handlers\FileHandler' driver.
INFO - 2023-07-27 10:46:17 --> Cart Class Initialized
INFO - 2023-07-27 10:49:02 --> Session: Class initialized using 'CodeIgniter\Session\Handlers\FileHandler' driver.
INFO - 2023-07-27 10:49:02 --> Cart Class Initialized
INFO - 2023-07-27 10:49:56 --> Session: Class initialized using 'CodeIgniter\Session\Handlers\FileHandler' driver.
INFO - 2023-07-27 10:49:56 --> Cart Class Initialized
INFO - 2023-07-27 10:50:51 --> Session: Class initialized using 'CodeIgniter\Session\Handlers\FileHandler' driver.
INFO - 2023-07-27 10:50:51 --> Cart Class Initialized
INFO - 2023-07-27 10:50:58 --> Session: Class initialized using 'CodeIgniter\Session\Handlers\FileHandler' driver.
INFO - 2023-07-27 10:50:58 --> Cart Class Initialized
INFO - 2023-07-27 10:52:11 --> Session: Class initialized using 'CodeIgniter\Session\Handlers\FileHandler' driver.
INFO - 2023-07-27 10:52:11 --> Cart Class Initialized
INFO - 2023-07-27 10:52:41 --> Session: Class initialized using 'CodeIgniter\Session\Handlers\FileHandler' driver.
INFO - 2023-07-27 10:52:41 --> Cart Class Initialized
INFO - 2023-07-27 10:53:23 --> Session: Class initialized using 'CodeIgniter\Session\Handlers\FileHandler' driver.
INFO - 2023-07-27 10:53:23 --> Cart Class Initialized
INFO - 2023-07-27 10:53:57 --> Session: Class initialized using 'CodeIgniter\Session\Handlers\FileHandler' driver.
INFO - 2023-07-27 10:53:57 --> Cart Class Initialized
INFO - 2023-07-27 10:54:20 --> Session: Class initialized using 'CodeIgniter\Session\Handlers\FileHandler' driver.
INFO - 2023-07-27 10:54:20 --> Cart Class Initialized
INFO - 2023-07-27 10:54:21 --> Session: Class initialized using 'CodeIgniter\Session\Handlers\FileHandler' driver.
INFO - 2023-07-27 10:54:21 --> Cart Class Initialized
INFO - 2023-07-27 10:57:46 --> Session: Class initialized using 'CodeIgniter\Session\Handlers\FileHandler' driver.
INFO - 2023-07-27 10:57:46 --> Cart Class Initialized
INFO - 2023-07-27 11:00:05 --> Session: Class initialized using 'CodeIgniter\Session\Handlers\FileHandler' driver.
INFO - 2023-07-27 11:00:05 --> Cart Class Initialized
INFO - 2023-07-27 11:07:07 --> Session: Class initialized using 'CodeIgniter\Session\Handlers\FileHandler' driver.
INFO - 2023-07-27 11:07:07 --> Cart Class Initialized
INFO - 2023-07-27 11:07:12 --> Session: Class initialized using 'CodeIgniter\Session\Handlers\FileHandler' driver.
INFO - 2023-07-27 11:07:12 --> Cart Class Initialized
INFO - 2023-07-27 11:20:54 --> Session: Class initialized using 'CodeIgniter\Session\Handlers\FileHandler' driver.
INFO - 2023-07-27 11:21:09 --> Session: Class initialized using 'CodeIgniter\Session\Handlers\FileHandler' driver.
INFO - 2023-07-27 11:21:09 --> Cart Class Initialized
INFO - 2023-07-27 11:21:11 --> Session: Class initialized using 'CodeIgniter\Session\Handlers\FileHandler' driver.
INFO - 2023-07-27 11:22:02 --> Session: Class initialized using 'CodeIgniter\Session\Handlers\FileHandler' driver.
INFO - 2023-07-27 11:22:02 --> Cart Class Initialized
INFO - 2023-07-27 11:22:09 --> Session: Class initialized using 'CodeIgniter\Session\Handlers\FileHandler' driver.
INFO - 2023-07-27 11:22:09 --> Cart Class Initialized
INFO - 2023-07-27 11:22:17 --> Session: Class initialized using 'CodeIgniter\Session\Handlers\FileHandler' driver.
INFO - 2023-07-27 11:22:17 --> Cart Class Initialized
INFO - 2023-07-27 11:22:21 --> Session: Class initialized using 'CodeIgniter\Session\Handlers\FileHandler' driver.
INFO - 2023-07-27 11:22:21 --> Cart Class Initialized
INFO - 2023-07-27 11:25:09 --> Session: Class initialized using 'CodeIgniter\Session\Handlers\FileHandler' driver.
INFO - 2023-07-27 11:25:09 --> Cart Class Initialized
INFO - 2023-07-27 11:25:50 --> Session: Class initialized using 'CodeIgniter\Session\Handlers\FileHandler' driver.
INFO - 2023-07-27 11:25:50 --> Cart Class Initialized
INFO - 2023-07-27 11:27:26 --> Session: Class initialized using 'CodeIgniter\Session\Handlers\FileHandler' driver.
INFO - 2023-07-27 11:27:26 --> Cart Class Initialized
INFO - 2023-07-27 11:27:31 --> Session: Class initialized using 'CodeIgniter\Session\Handlers\FileHandler' driver.
INFO - 2023-07-27 11:27:31 --> Cart Class Initialized
INFO - 2023-07-27 11:27:33 --> Session: Class initialized using 'CodeIgniter\Session\Handlers\FileHandler' driver.
INFO - 2023-07-27 11:27:33 --> Cart Class Initialized
INFO - 2023-07-27 11:27:33 --> Session: Class initialized using 'CodeIgniter\Session\Handlers\FileHandler' driver.
INFO - 2023-07-27 11:27:33 --> Cart Class Initialized
INFO - 2023-07-27 11:32:10 --> Session: Class initialized using 'CodeIgniter\Session\Handlers\FileHandler' driver.
INFO - 2023-07-27 11:32:10 --> Cart Class Initialized
INFO - 2023-07-27 11:32:16 --> Session: Class initialized using 'CodeIgniter\Session\Handlers\FileHandler' driver.
INFO - 2023-07-27 11:32:16 --> Cart Class Initialized
INFO - 2023-07-27 11:32:18 --> Session: Class initialized using 'CodeIgniter\Session\Handlers\FileHandler' driver.
INFO - 2023-07-27 11:32:18 --> Cart Class Initialized
INFO - 2023-07-27 11:32:55 --> Session: Class initialized using 'CodeIgniter\Session\Handlers\FileHandler' driver.
INFO - 2023-07-27 11:32:55 --> Cart Class Initialized
INFO - 2023-07-27 11:35:16 --> Session: Class initialized using 'CodeIgniter\Session\Handlers\FileHandler' driver.
INFO - 2023-07-27 11:35:16 --> Cart Class Initialized
INFO - 2023-07-27 11:36:01 --> Session: Class initialized using 'CodeIgniter\Session\Handlers\FileHandler' driver.
INFO - 2023-07-27 11:36:01 --> Cart Class Initialized
INFO - 2023-07-27 11:36:16 --> Session: Class initialized using 'CodeIgniter\Session\Handlers\FileHandler' driver.
INFO - 2023-07-27 11:36:16 --> Cart Class Initialized
INFO - 2023-07-27 11:36:30 --> Session: Class initialized using 'CodeIgniter\Session\Handlers\FileHandler' driver.
INFO - 2023-07-27 11:36:30 --> Cart Class Initialized
INFO - 2023-07-27 11:48:36 --> Session: Class initialized using 'CodeIgniter\Session\Handlers\FileHandler' driver.
INFO - 2023-07-27 11:48:36 --> Cart Class Initialized
INFO - 2023-07-27 11:48:56 --> Session: Class initialized using 'CodeIgniter\Session\Handlers\FileHandler' driver.
INFO - 2023-07-27 11:48:56 --> Cart Class Initialized
INFO - 2023-07-27 11:49:00 --> Session: Class initialized using 'CodeIgniter\Session\Handlers\FileHandler' driver.
INFO - 2023-07-27 11:49:00 --> Cart Class Initialized
INFO - 2023-07-27 11:49:04 --> Session: Class initialized using 'CodeIgniter\Session\Handlers\FileHandler' driver.
INFO - 2023-07-27 11:49:04 --> Cart Class Initialized
INFO - 2023-07-27 11:50:40 --> Session: Class initialized using 'CodeIgniter\Session\Handlers\FileHandler' driver.
INFO - 2023-07-27 11:50:40 --> Cart Class Initialized
INFO - 2023-07-27 11:51:30 --> Session: Class initialized using 'CodeIgniter\Session\Handlers\FileHandler' driver.
INFO - 2023-07-27 11:51:30 --> Cart Class Initialized
INFO - 2023-07-27 11:51:37 --> Session: Class initialized using 'CodeIgniter\Session\Handlers\FileHandler' driver.
INFO - 2023-07-27 11:51:37 --> Cart Class Initialized
INFO - 2023-07-27 11:53:00 --> Session: Class initialized using 'CodeIgniter\Session\Handlers\FileHandler' driver.
INFO - 2023-07-27 11:53:00 --> Cart Class Initialized
INFO - 2023-07-27 11:57:32 --> Session: Class initialized using 'CodeIgniter\Session\Handlers\FileHandler' driver.
INFO - 2023-07-27 11:57:32 --> Cart Class Initialized
INFO - 2023-07-27 11:58:42 --> Session: Class initialized using 'CodeIgniter\Session\Handlers\FileHandler' driver.
INFO - 2023-07-27 12:00:02 --> Session: Class initialized using 'CodeIgniter\Session\Handlers\FileHandler' driver.
INFO - 2023-07-27 12:00:02 --> Cart Class Initialized
INFO - 2023-07-27 12:02:49 --> Session: Class initialized using 'CodeIgniter\Session\Handlers\FileHandler' driver.
INFO - 2023-07-27 12:02:49 --> Cart Class Initialized
INFO - 2023-07-27 12:02:54 --> Session: Class initialized using 'CodeIgniter\Session\Handlers\FileHandler' driver.
INFO - 2023-07-27 12:02:54 --> Cart Class Initialized
INFO - 2023-07-27 12:03:42 --> Session: Class initialized using 'CodeIgniter\Session\Handlers\FileHandler' driver.
INFO - 2023-07-27 12:05:29 --> Session: Class initialized using 'CodeIgniter\Session\Handlers\FileHandler' driver.
INFO - 2023-07-27 12:05:29 --> Cart Class Initialized
INFO - 2023-07-27 12:07:17 --> Session: Class initialized using 'CodeIgniter\Session\Handlers\FileHandler' driver.
INFO - 2023-07-27 12:08:05 --> Session: Class initialized using 'CodeIgniter\Session\Handlers\FileHandler' driver.
INFO - 2023-07-27 12:08:13 --> Session: Class initialized using 'CodeIgniter\Session\Handlers\FileHandler' driver.
INFO - 2023-07-27 12:18:05 --> Session: Class initialized using 'CodeIgniter\Session\Handlers\FileHandler' driver.
INFO - 2023-07-27 12:18:05 --> Cart Class Initialized
INFO - 2023-07-27 12:19:52 --> Session: Class initialized using 'CodeIgniter\Session\Handlers\FileHandler' driver.
INFO - 2023-07-27 12:19:58 --> Session: Class initialized using 'CodeIgniter\Session\Handlers\FileHandler' driver.
INFO - 2023-07-27 12:19:58 --> Cart Class Initialized
INFO - 2023-07-27 12:21:39 --> Session: Class initialized using 'CodeIgniter\Session\Handlers\FileHandler' driver.
INFO - 2023-07-27 12:21:39 --> Cart Class Initialized
INFO - 2023-07-27 12:22:36 --> Session: Class initialized using 'CodeIgniter\Session\Handlers\FileHandler' driver.
INFO - 2023-07-27 12:22:36 --> Cart Class Initialized
INFO - 2023-07-27 12:23:07 --> Session: Class initialized using 'CodeIgniter\Session\Handlers\FileHandler' driver.
INFO - 2023-07-27 12:23:07 --> Cart Class Initialized
INFO - 2023-07-27 12:23:21 --> Session: Class initialized using 'CodeIgniter\Session\Handlers\FileHandler' driver.
INFO - 2023-07-27 12:23:21 --> Cart Class Initialized
INFO - 2023-07-27 12:27:57 --> Session: Class initialized using 'CodeIgniter\Session\Handlers\FileHandler' driver.
INFO - 2023-07-27 12:27:57 --> Cart Class Initialized
INFO - 2023-07-27 12:28:43 --> Session: Class initialized using 'CodeIgniter\Session\Handlers\FileHandler' driver.
INFO - 2023-07-27 12:28:43 --> Cart Class Initialized
INFO - 2023-07-27 12:30:39 --> Session: Class initialized using 'CodeIgniter\Session\Handlers\FileHandler' driver.
INFO - 2023-07-27 12:30:39 --> Cart Class Initialized
INFO - 2023-07-27 12:31:57 --> Session: Class initialized using 'CodeIgniter\Session\Handlers\FileHandler' driver.
INFO - 2023-07-27 12:31:57 --> Cart Class Initialized
INFO - 2023-07-27 12:33:28 --> Session: Class initialized using 'CodeIgniter\Session\Handlers\FileHandler' driver.
INFO - 2023-07-27 12:33:28 --> Cart Class Initialized
INFO - 2023-07-27 12:35:32 --> Session: Class initialized using 'CodeIgniter\Session\Handlers\FileHandler' driver.
INFO - 2023-07-27 12:35:32 --> Cart Class Initialized
INFO - 2023-07-27 12:37:25 --> Session: Class initialized using 'CodeIgniter\Session\Handlers\FileHandler' driver.
INFO - 2023-07-27 12:37:25 --> Cart Class Initialized
INFO - 2023-07-27 12:38:57 --> Session: Class initialized using 'CodeIgniter\Session\Handlers\FileHandler' driver.
CRITICAL - 2023-07-27 12:38:57 --> syntax error, unexpected token ";", expecting ")"
in APPPATH/Views/frontend/user/address.php on line 123.
 1 SYSTEMPATH/View/View.php(216): CodeIgniter\View\View->CodeIgniter\View\{closure}()
 2 SYSTEMPATH/Common.php(1184): CodeIgniter\View\View->render()
 3 APPPATH/Controllers/User/UserMaster.php(189): view()
 4 SYSTEMPATH/CodeIgniter.php(934): App\Controllers\User\UserMaster->user_address()
 5 SYSTEMPATH/CodeIgniter.php(499): CodeIgniter\CodeIgniter->runController()
 6 SYSTEMPATH/CodeIgniter.php(368): CodeIgniter\CodeIgniter->handleRequest()
 7 FCPATH/index.php(67): CodeIgniter\CodeIgniter->run()
INFO - 2023-07-27 12:39:51 --> Session: Class initialized using 'CodeIgniter\Session\Handlers\FileHandler' driver.
INFO - 2023-07-27 12:39:51 --> Cart Class Initialized
INFO - 2023-07-27 12:41:10 --> Session: Class initialized using 'CodeIgniter\Session\Handlers\FileHandler' driver.
INFO - 2023-07-27 12:41:10 --> Cart Class Initialized
INFO - 2023-07-27 12:43:04 --> Session: Class initialized using 'CodeIgniter\Session\Handlers\FileHandler' driver.
INFO - 2023-07-27 12:43:04 --> Cart Class Initialized
INFO - 2023-07-27 12:44:17 --> Session: Class initialized using 'CodeIgniter\Session\Handlers\FileHandler' driver.
INFO - 2023-07-27 12:44:17 --> Cart Class Initialized
INFO - 2023-07-27 12:44:38 --> Session: Class initialized using 'CodeIgniter\Session\Handlers\FileHandler' driver.
INFO - 2023-07-27 12:44:38 --> Cart Class Initialized
INFO - 2023-07-27 12:46:34 --> Session: Class initialized using 'CodeIgniter\Session\Handlers\FileHandler' driver.
INFO - 2023-07-27 12:46:39 --> Session: Class initialized using 'CodeIgniter\Session\Handlers\FileHandler' driver.
INFO - 2023-07-27 12:46:39 --> Cart Class Initialized
INFO - 2023-07-27 12:47:06 --> Session: Class initialized using 'CodeIgniter\Session\Handlers\FileHandler' driver.
INFO - 2023-07-27 12:47:06 --> Cart Class Initialized
INFO - 2023-07-27 12:47:32 --> Session: Class initialized using 'CodeIgniter\Session\Handlers\FileHandler' driver.
INFO - 2023-07-27 12:47:32 --> Cart Class Initialized
INFO - 2023-07-27 12:49:00 --> Session: Class initialized using 'CodeIgniter\Session\Handlers\FileHandler' driver.
INFO - 2023-07-27 12:49:00 --> Cart Class Initialized
INFO - 2023-07-27 12:50:05 --> Session: Class initialized using 'CodeIgniter\Session\Handlers\FileHandler' driver.
INFO - 2023-07-27 12:50:07 --> Session: Class initialized using 'CodeIgniter\Session\Handlers\FileHandler' driver.
INFO - 2023-07-27 12:50:07 --> Cart Class Initialized
INFO - 2023-07-27 12:51:36 --> Session: Class initialized using 'CodeIgniter\Session\Handlers\FileHandler' driver.
INFO - 2023-07-27 12:51:36 --> Cart Class Initialized
INFO - 2023-07-27 12:55:33 --> Session: Class initialized using 'CodeIgniter\Session\Handlers\FileHandler' driver.
INFO - 2023-07-27 12:55:33 --> Cart Class Initialized
INFO - 2023-07-27 12:55:41 --> Session: Class initialized using 'CodeIgniter\Session\Handlers\FileHandler' driver.
INFO - 2023-07-27 12:55:41 --> Cart Class Initialized
INFO - 2023-07-27 12:56:58 --> Session: Class initialized using 'CodeIgniter\Session\Handlers\FileHandler' driver.
INFO - 2023-07-27 12:56:58 --> Cart Class Initialized
INFO - 2023-07-27 12:57:27 --> Session: Class initialized using 'CodeIgniter\Session\Handlers\FileHandler' driver.
INFO - 2023-07-27 12:57:27 --> Cart Class Initialized
INFO - 2023-07-27 12:57:28 --> Session: Class initialized using 'CodeIgniter\Session\Handlers\FileHandler' driver.
INFO - 2023-07-27 12:57:28 --> Cart Class Initialized
INFO - 2023-07-27 12:57:29 --> Session: Class initialized using 'CodeIgniter\Session\Handlers\FileHandler' driver.
INFO - 2023-07-27 12:57:29 --> Cart Class Initialized
INFO - 2023-07-27 12:57:29 --> Session: Class initialized using 'CodeIgniter\Session\Handlers\FileHandler' driver.
INFO - 2023-07-27 12:57:29 --> Cart Class Initialized
INFO - 2023-07-27 12:58:53 --> Session: Class initialized using 'CodeIgniter\Session\Handlers\FileHandler' driver.
INFO - 2023-07-27 12:58:53 --> Cart Class Initialized
INFO - 2023-07-27 13:01:07 --> Session: Class initialized using 'CodeIgniter\Session\Handlers\FileHandler' driver.
INFO - 2023-07-27 13:01:07 --> Cart Class Initialized
INFO - 2023-07-27 13:02:39 --> Session: Class initialized using 'CodeIgniter\Session\Handlers\FileHandler' driver.
INFO - 2023-07-27 13:02:39 --> Cart Class Initialized
INFO - 2023-07-27 13:02:47 --> Session: Class initialized using 'CodeIgniter\Session\Handlers\FileHandler' driver.
INFO - 2023-07-27 13:02:47 --> Cart Class Initialized
INFO - 2023-07-27 13:03:04 --> Session: Class initialized using 'CodeIgniter\Session\Handlers\FileHandler' driver.
INFO - 2023-07-27 13:03:09 --> Session: Class initialized using 'CodeIgniter\Session\Handlers\FileHandler' driver.
INFO - 2023-07-27 13:03:09 --> Cart Class Initialized
INFO - 2023-07-27 13:03:43 --> Session: Class initialized using 'CodeIgniter\Session\Handlers\FileHandler' driver.
INFO - 2023-07-27 13:03:43 --> Cart Class Initialized
INFO - 2023-07-27 13:03:45 --> Session: Class initialized using 'CodeIgniter\Session\Handlers\FileHandler' driver.
INFO - 2023-07-27 13:03:46 --> Cart Class Initialized
INFO - 2023-07-27 13:03:48 --> Session: Class initialized using 'CodeIgniter\Session\Handlers\FileHandler' driver.
INFO - 2023-07-27 13:03:48 --> Cart Class Initialized
INFO - 2023-07-27 13:04:15 --> Session: Class initialized using 'CodeIgniter\Session\Handlers\FileHandler' driver.
INFO - 2023-07-27 13:04:15 --> Cart Class Initialized
INFO - 2023-07-27 13:05:14 --> Session: Class initialized using 'CodeIgniter\Session\Handlers\FileHandler' driver.
INFO - 2023-07-27 13:05:14 --> Cart Class Initialized
INFO - 2023-07-27 13:05:19 --> Session: Class initialized using 'CodeIgniter\Session\Handlers\FileHandler' driver.
INFO - 2023-07-27 13:05:19 --> Cart Class Initialized
INFO - 2023-07-27 13:05:23 --> Session: Class initialized using 'CodeIgniter\Session\Handlers\FileHandler' driver.
INFO - 2023-07-27 13:05:23 --> Cart Class Initialized
INFO - 2023-07-27 13:05:25 --> Session: Class initialized using 'CodeIgniter\Session\Handlers\FileHandler' driver.
INFO - 2023-07-27 13:05:25 --> Cart Class Initialized
INFO - 2023-07-27 13:06:19 --> Session: Class initialized using 'CodeIgniter\Session\Handlers\FileHandler' driver.
INFO - 2023-07-27 13:06:19 --> Cart Class Initialized
INFO - 2023-07-27 13:06:24 --> Session: Class initialized using 'CodeIgniter\Session\Handlers\FileHandler' driver.
INFO - 2023-07-27 13:06:24 --> Cart Class Initialized
INFO - 2023-07-27 13:06:52 --> Session: Class initialized using 'CodeIgniter\Session\Handlers\FileHandler' driver.
INFO - 2023-07-27 13:06:52 --> Cart Class Initialized
INFO - 2023-07-27 13:08:09 --> Session: Class initialized using 'CodeIgniter\Session\Handlers\FileHandler' driver.
INFO - 2023-07-27 13:08:09 --> Cart Class Initialized
INFO - 2023-07-27 13:12:41 --> Session: Class initialized using 'CodeIgniter\Session\Handlers\FileHandler' driver.
INFO - 2023-07-27 13:12:58 --> Session: Class initialized using 'CodeIgniter\Session\Handlers\FileHandler' driver.
INFO - 2023-07-27 13:12:58 --> Cart Class Initialized
INFO - 2023-07-27 13:13:00 --> Session: Class initialized using 'CodeIgniter\Session\Handlers\FileHandler' driver.
INFO - 2023-07-27 13:13:00 --> Cart Class Initialized
INFO - 2023-07-27 13:13:02 --> Session: Class initialized using 'CodeIgniter\Session\Handlers\FileHandler' driver.
INFO - 2023-07-27 13:13:02 --> Cart Class Initialized
INFO - 2023-07-27 13:13:11 --> Session: Class initialized using 'CodeIgniter\Session\Handlers\FileHandler' driver.
INFO - 2023-07-27 13:13:11 --> Cart Class Initialized
INFO - 2023-07-27 13:13:34 --> Session: Class initialized using 'CodeIgniter\Session\Handlers\FileHandler' driver.
INFO - 2023-07-27 13:13:34 --> Cart Class Initialized
INFO - 2023-07-27 13:13:37 --> Session: Class initialized using 'CodeIgniter\Session\Handlers\FileHandler' driver.
INFO - 2023-07-27 13:13:37 --> Cart Class Initialized
CRITICAL - 2023-07-27 13:13:38 --> unlink(/home/rz7tppg44kzr/public_html/mofiso/writable/debugbar/debugbar_1690443167.620362.json): No such file or directory
in SYSTEMPATH/Debug/Toolbar/Collectors/History.php on line 76.
 1 [internal function]: CodeIgniter\Debug\Exceptions->errorHandler()
 2 SYSTEMPATH/Debug/Toolbar/Collectors/History.php(76): unlink()
 3 SYSTEMPATH/Debug/Toolbar.php(497): CodeIgniter\Debug\Toolbar\Collectors\History->setFiles()
 4 SYSTEMPATH/Debug/Toolbar.php(474): CodeIgniter\Debug\Toolbar->format()
 5 APPPATH/Config/Events.php(46): CodeIgniter\Debug\Toolbar->respond()
 6 SYSTEMPATH/Events/Events.php(149): CodeIgniter\Events\Events::Config\{closure}()
 7 SYSTEMPATH/CodeIgniter.php(350): CodeIgniter\Events\Events::trigger()
 8 FCPATH/index.php(67): CodeIgniter\CodeIgniter->run()
INFO - 2023-07-27 13:13:43 --> Session: Class initialized using 'CodeIgniter\Session\Handlers\FileHandler' driver.
INFO - 2023-07-27 13:13:46 --> Session: Class initialized using 'CodeIgniter\Session\Handlers\FileHandler' driver.
INFO - 2023-07-27 13:13:46 --> Cart Class Initialized
INFO - 2023-07-27 13:14:02 --> Session: Class initialized using 'CodeIgniter\Session\Handlers\FileHandler' driver.
INFO - 2023-07-27 13:14:02 --> Cart Class Initialized
INFO - 2023-07-27 13:15:00 --> Session: Class initialized using 'CodeIgniter\Session\Handlers\FileHandler' driver.
INFO - 2023-07-27 13:15:00 --> Session: Class initialized using 'CodeIgniter\Session\Handlers\FileHandler' driver.
INFO - 2023-07-27 13:15:00 --> Cart Class Initialized
INFO - 2023-07-27 13:15:05 --> Session: Class initialized using 'CodeIgniter\Session\Handlers\FileHandler' driver.
INFO - 2023-07-27 13:15:12 --> Session: Class initialized using 'CodeIgniter\Session\Handlers\FileHandler' driver.
INFO - 2023-07-27 13:15:12 --> Cart Class Initialized
INFO - 2023-07-27 13:15:23 --> Session: Class initialized using 'CodeIgniter\Session\Handlers\FileHandler' driver.
INFO - 2023-07-27 13:15:25 --> Session: Class initialized using 'CodeIgniter\Session\Handlers\FileHandler' driver.
INFO - 2023-07-27 13:15:25 --> Cart Class Initialized
INFO - 2023-07-27 13:15:52 --> Session: Class initialized using 'CodeIgniter\Session\Handlers\FileHandler' driver.
INFO - 2023-07-27 13:15:52 --> Cart Class Initialized
INFO - 2023-07-27 13:19:52 --> Session: Class initialized using 'CodeIgniter\Session\Handlers\FileHandler' driver.
INFO - 2023-07-27 13:19:52 --> Cart Class Initialized
INFO - 2023-07-27 13:19:57 --> Session: Class initialized using 'CodeIgniter\Session\Handlers\FileHandler' driver.
INFO - 2023-07-27 13:20:00 --> Session: Class initialized using 'CodeIgniter\Session\Handlers\FileHandler' driver.
INFO - 2023-07-27 13:20:00 --> Cart Class Initialized
INFO - 2023-07-27 13:20:05 --> Session: Class initialized using 'CodeIgniter\Session\Handlers\FileHandler' driver.
INFO - 2023-07-27 13:20:08 --> Session: Class initialized using 'CodeIgniter\Session\Handlers\FileHandler' driver.
INFO - 2023-07-27 13:20:08 --> Session: Class initialized using 'CodeIgniter\Session\Handlers\FileHandler' driver.
INFO - 2023-07-27 13:20:08 --> Cart Class Initialized
INFO - 2023-07-27 13:20:12 --> Session: Class initialized using 'CodeIgniter\Session\Handlers\FileHandler' driver.
INFO - 2023-07-27 13:20:12 --> Cart Class Initialized
INFO - 2023-07-27 13:20:46 --> Session: Class initialized using 'CodeIgniter\Session\Handlers\FileHandler' driver.
INFO - 2023-07-27 13:20:46 --> Cart Class Initialized
INFO - 2023-07-27 13:20:50 --> Session: Class initialized using 'CodeIgniter\Session\Handlers\FileHandler' driver.
INFO - 2023-07-27 13:20:50 --> Cart Class Initialized
INFO - 2023-07-27 13:20:57 --> Session: Class initialized using 'CodeIgniter\Session\Handlers\FileHandler' driver.
INFO - 2023-07-27 13:20:57 --> Cart Class Initialized
INFO - 2023-07-27 13:21:26 --> Session: Class initialized using 'CodeIgniter\Session\Handlers\FileHandler' driver.
INFO - 2023-07-27 13:21:26 --> Cart Class Initialized
INFO - 2023-07-27 13:21:31 --> Session: Class initialized using 'CodeIgniter\Session\Handlers\FileHandler' driver.
INFO - 2023-07-27 13:21:31 --> Cart Class Initialized
INFO - 2023-07-27 13:21:34 --> Session: Class initialized using 'CodeIgniter\Session\Handlers\FileHandler' driver.
INFO - 2023-07-27 13:21:34 --> Session: Class initialized using 'CodeIgniter\Session\Handlers\FileHandler' driver.
INFO - 2023-07-27 13:21:34 --> Cart Class Initialized
INFO - 2023-07-27 13:21:41 --> Session: Class initialized using 'CodeIgniter\Session\Handlers\FileHandler' driver.
INFO - 2023-07-27 13:21:44 --> Session: Class initialized using 'CodeIgniter\Session\Handlers\FileHandler' driver.
INFO - 2023-07-27 13:21:44 --> Cart Class Initialized
INFO - 2023-07-27 13:21:51 --> Session: Class initialized using 'CodeIgniter\Session\Handlers\FileHandler' driver.
INFO - 2023-07-27 13:21:53 --> Session: Class initialized using 'CodeIgniter\Session\Handlers\FileHandler' driver.
INFO - 2023-07-27 13:21:53 --> Cart Class Initialized
INFO - 2023-07-27 13:21:58 --> Session: Class initialized using 'CodeIgniter\Session\Handlers\FileHandler' driver.
INFO - 2023-07-27 13:22:00 --> Session: Class initialized using 'CodeIgniter\Session\Handlers\FileHandler' driver.
INFO - 2023-07-27 13:22:00 --> Cart Class Initialized
INFO - 2023-07-27 13:22:03 --> Session: Class initialized using 'CodeIgniter\Session\Handlers\FileHandler' driver.
INFO - 2023-07-27 13:22:05 --> Session: Class initialized using 'CodeIgniter\Session\Handlers\FileHandler' driver.
INFO - 2023-07-27 13:22:05 --> Cart Class Initialized
INFO - 2023-07-27 13:28:03 --> Session: Class initialized using 'CodeIgniter\Session\Handlers\FileHandler' driver.
INFO - 2023-07-27 13:28:03 --> Cart Class Initialized
INFO - 2023-07-27 13:28:32 --> Session: Class initialized using 'CodeIgniter\Session\Handlers\FileHandler' driver.
INFO - 2023-07-27 13:28:32 --> Cart Class Initialized
INFO - 2023-07-27 13:29:01 --> Session: Class initialized using 'CodeIgniter\Session\Handlers\FileHandler' driver.
INFO - 2023-07-27 13:29:01 --> Cart Class Initialized
INFO - 2023-07-27 13:29:04 --> Session: Class initialized using 'CodeIgniter\Session\Handlers\FileHandler' driver.
INFO - 2023-07-27 13:29:04 --> Cart Class Initialized
INFO - 2023-07-27 13:29:13 --> Session: Class initialized using 'CodeIgniter\Session\Handlers\FileHandler' driver.
INFO - 2023-07-27 13:29:13 --> Cart Class Initialized
INFO - 2023-07-27 13:29:22 --> Session: Class initialized using 'CodeIgniter\Session\Handlers\FileHandler' driver.
INFO - 2023-07-27 13:29:22 --> Cart Class Initialized
INFO - 2023-07-27 13:29:26 --> Session: Class initialized using 'CodeIgniter\Session\Handlers\FileHandler' driver.
INFO - 2023-07-27 13:29:26 --> Cart Class Initialized
INFO - 2023-07-27 13:29:31 --> Session: Class initialized using 'CodeIgniter\Session\Handlers\FileHandler' driver.
INFO - 2023-07-27 13:29:31 --> Cart Class Initialized
INFO - 2023-07-27 13:38:46 --> Session: Class initialized using 'CodeIgniter\Session\Handlers\FileHandler' driver.
INFO - 2023-07-27 13:38:46 --> Cart Class Initialized
INFO - 2023-07-27 13:38:49 --> Session: Class initialized using 'CodeIgniter\Session\Handlers\FileHandler' driver.
INFO - 2023-07-27 13:38:49 --> Cart Class Initialized
INFO - 2023-07-27 13:38:53 --> Session: Class initialized using 'CodeIgniter\Session\Handlers\FileHandler' driver.
INFO - 2023-07-27 13:38:53 --> Cart Class Initialized
INFO - 2023-07-27 13:42:53 --> Session: Class initialized using 'CodeIgniter\Session\Handlers\FileHandler' driver.
INFO - 2023-07-27 13:42:53 --> Cart Class Initialized
INFO - 2023-07-27 13:42:54 --> Session: Class initialized using 'CodeIgniter\Session\Handlers\FileHandler' driver.
INFO - 2023-07-27 13:42:54 --> Cart Class Initialized
INFO - 2023-07-27 13:45:14 --> Session: Class initialized using 'CodeIgniter\Session\Handlers\FileHandler' driver.
INFO - 2023-07-27 13:45:14 --> Cart Class Initialized
INFO - 2023-07-27 13:45:15 --> Session: Class initialized using 'CodeIgniter\Session\Handlers\FileHandler' driver.
INFO - 2023-07-27 13:45:15 --> Cart Class Initialized
INFO - 2023-07-27 14:10:45 --> Session: Class initialized using 'CodeIgniter\Session\Handlers\FileHandler' driver.
INFO - 2023-07-27 14:10:45 --> Cart Class Initialized
INFO - 2023-07-27 14:11:15 --> Session: Class initialized using 'CodeIgniter\Session\Handlers\FileHandler' driver.
INFO - 2023-07-27 14:11:15 --> Cart Class Initialized
INFO - 2023-07-27 14:12:04 --> Session: Class initialized using 'CodeIgniter\Session\Handlers\FileHandler' driver.
INFO - 2023-07-27 14:12:04 --> Cart Class Initialized
INFO - 2023-07-27 14:14:59 --> Session: Class initialized using 'CodeIgniter\Session\Handlers\FileHandler' driver.
INFO - 2023-07-27 14:14:59 --> Cart Class Initialized
INFO - 2023-07-27 14:18:10 --> Session: Class initialized using 'CodeIgniter\Session\Handlers\FileHandler' driver.
INFO - 2023-07-27 14:18:10 --> Cart Class Initialized
INFO - 2023-07-27 14:18:10 --> Session: Class initialized using 'CodeIgniter\Session\Handlers\FileHandler' driver.
INFO - 2023-07-27 14:18:10 --> Cart Class Initialized
INFO - 2023-07-27 14:18:13 --> Session: Class initialized using 'CodeIgniter\Session\Handlers\FileHandler' driver.
INFO - 2023-07-27 14:18:13 --> Cart Class Initialized
INFO - 2023-07-27 14:19:54 --> Session: Class initialized using 'CodeIgniter\Session\Handlers\FileHandler' driver.
INFO - 2023-07-27 14:19:54 --> Cart Class Initialized
INFO - 2023-07-27 14:20:31 --> Session: Class initialized using 'CodeIgniter\Session\Handlers\FileHandler' driver.
INFO - 2023-07-27 14:20:31 --> Cart Class Initialized
INFO - 2023-07-27 14:22:20 --> Session: Class initialized using 'CodeIgniter\Session\Handlers\FileHandler' driver.
INFO - 2023-07-27 14:22:20 --> Cart Class Initialized
INFO - 2023-07-27 14:35:14 --> Session: Class initialized using 'CodeIgniter\Session\Handlers\FileHandler' driver.
INFO - 2023-07-27 14:35:21 --> Session: Class initialized using 'CodeIgniter\Session\Handlers\FileHandler' driver.
INFO - 2023-07-27 14:35:21 --> Cart Class Initialized
INFO - 2023-07-27 14:35:35 --> Session: Class initialized using 'CodeIgniter\Session\Handlers\FileHandler' driver.
INFO - 2023-07-27 14:35:35 --> Cart Class Initialized
INFO - 2023-07-27 14:35:39 --> Session: Class initialized using 'CodeIgniter\Session\Handlers\FileHandler' driver.
INFO - 2023-07-27 14:35:39 --> Cart Class Initialized
INFO - 2023-07-27 14:35:43 --> Session: Class initialized using 'CodeIgniter\Session\Handlers\FileHandler' driver.
INFO - 2023-07-27 14:35:43 --> Cart Class Initialized
INFO - 2023-07-27 14:35:48 --> Session: Class initialized using 'CodeIgniter\Session\Handlers\FileHandler' driver.
INFO - 2023-07-27 14:35:48 --> Cart Class Initialized
INFO - 2023-07-27 14:35:49 --> Session: Class initialized using 'CodeIgniter\Session\Handlers\FileHandler' driver.
INFO - 2023-07-27 14:35:49 --> Cart Class Initialized
INFO - 2023-07-27 14:36:57 --> Session: Class initialized using 'CodeIgniter\Session\Handlers\FileHandler' driver.
INFO - 2023-07-27 14:36:57 --> Cart Class Initialized
INFO - 2023-07-27 14:37:03 --> Session: Class initialized using 'CodeIgniter\Session\Handlers\FileHandler' driver.
INFO - 2023-07-27 14:37:03 --> Cart Class Initialized
INFO - 2023-07-27 14:39:48 --> Session: Class initialized using 'CodeIgniter\Session\Handlers\FileHandler' driver.
INFO - 2023-07-27 14:39:48 --> Cart Class Initialized
INFO - 2023-07-27 14:40:14 --> Session: Class initialized using 'CodeIgniter\Session\Handlers\FileHandler' driver.
INFO - 2023-07-27 14:40:14 --> Cart Class Initialized
INFO - 2023-07-27 14:40:35 --> Session: Class initialized using 'CodeIgniter\Session\Handlers\FileHandler' driver.
INFO - 2023-07-27 14:40:35 --> Cart Class Initialized
INFO - 2023-07-27 14:40:39 --> Session: Class initialized using 'CodeIgniter\Session\Handlers\FileHandler' driver.
INFO - 2023-07-27 14:40:39 --> Cart Class Initialized
INFO - 2023-07-27 14:40:41 --> Session: Class initialized using 'CodeIgniter\Session\Handlers\FileHandler' driver.
INFO - 2023-07-27 14:40:41 --> Cart Class Initialized
INFO - 2023-07-27 14:42:08 --> Session: Class initialized using 'CodeIgniter\Session\Handlers\FileHandler' driver.
INFO - 2023-07-27 14:42:08 --> Cart Class Initialized
INFO - 2023-07-27 14:42:10 --> Session: Class initialized using 'CodeIgniter\Session\Handlers\FileHandler' driver.
INFO - 2023-07-27 14:42:10 --> Cart Class Initialized
INFO - 2023-07-27 14:45:34 --> Session: Class initialized using 'CodeIgniter\Session\Handlers\FileHandler' driver.
INFO - 2023-07-27 14:45:34 --> Cart Class Initialized
INFO - 2023-07-27 14:45:35 --> Session: Class initialized using 'CodeIgniter\Session\Handlers\FileHandler' driver.
INFO - 2023-07-27 14:45:35 --> Cart Class Initialized
INFO - 2023-07-27 14:46:11 --> Session: Class initialized using 'CodeIgniter\Session\Handlers\FileHandler' driver.
INFO - 2023-07-27 14:46:11 --> Cart Class Initialized
INFO - 2023-07-27 14:46:13 --> Session: Class initialized using 'CodeIgniter\Session\Handlers\FileHandler' driver.
INFO - 2023-07-27 14:46:13 --> Cart Class Initialized
INFO - 2023-07-27 14:47:53 --> Session: Class initialized using 'CodeIgniter\Session\Handlers\FileHandler' driver.
INFO - 2023-07-27 14:47:53 --> Cart Class Initialized
INFO - 2023-07-27 14:47:55 --> Session: Class initialized using 'CodeIgniter\Session\Handlers\FileHandler' driver.
INFO - 2023-07-27 14:47:55 --> Cart Class Initialized
INFO - 2023-07-27 14:47:59 --> Session: Class initialized using 'CodeIgniter\Session\Handlers\FileHandler' driver.
INFO - 2023-07-27 14:47:59 --> Cart Class Initialized
INFO - 2023-07-27 14:48:00 --> Session: Class initialized using 'CodeIgniter\Session\Handlers\FileHandler' driver.
INFO - 2023-07-27 14:48:00 --> Cart Class Initialized
INFO - 2023-07-27 14:48:15 --> Session: Class initialized using 'CodeIgniter\Session\Handlers\FileHandler' driver.
INFO - 2023-07-27 14:48:15 --> Cart Class Initialized
INFO - 2023-07-27 14:48:40 --> Session: Class initialized using 'CodeIgniter\Session\Handlers\FileHandler' driver.
INFO - 2023-07-27 14:48:40 --> Cart Class Initialized
INFO - 2023-07-27 14:48:42 --> Session: Class initialized using 'CodeIgniter\Session\Handlers\FileHandler' driver.
INFO - 2023-07-27 14:48:42 --> Cart Class Initialized
INFO - 2023-07-27 14:48:44 --> Session: Class initialized using 'CodeIgniter\Session\Handlers\FileHandler' driver.
INFO - 2023-07-27 14:48:44 --> Cart Class Initialized
INFO - 2023-07-27 14:48:45 --> Session: Class initialized using 'CodeIgniter\Session\Handlers\FileHandler' driver.
INFO - 2023-07-27 14:48:45 --> Cart Class Initialized
INFO - 2023-07-27 14:50:23 --> Session: Class initialized using 'CodeIgniter\Session\Handlers\FileHandler' driver.
INFO - 2023-07-27 14:50:23 --> Cart Class Initialized
INFO - 2023-07-27 14:50:24 --> Session: Class initialized using 'CodeIgniter\Session\Handlers\FileHandler' driver.
INFO - 2023-07-27 14:50:24 --> Cart Class Initialized
INFO - 2023-07-27 14:51:41 --> Session: Class initialized using 'CodeIgniter\Session\Handlers\FileHandler' driver.
INFO - 2023-07-27 14:51:41 --> Cart Class Initialized
INFO - 2023-07-27 14:51:43 --> Session: Class initialized using 'CodeIgniter\Session\Handlers\FileHandler' driver.
INFO - 2023-07-27 14:51:43 --> Cart Class Initialized
INFO - 2023-07-27 14:51:45 --> Session: Class initialized using 'CodeIgniter\Session\Handlers\FileHandler' driver.
INFO - 2023-07-27 14:51:45 --> Cart Class Initialized
INFO - 2023-07-27 14:51:46 --> Session: Class initialized using 'CodeIgniter\Session\Handlers\FileHandler' driver.
INFO - 2023-07-27 14:51:46 --> Cart Class Initialized
INFO - 2023-07-27 14:52:46 --> Session: Class initialized using 'CodeIgniter\Session\Handlers\FileHandler' driver.
INFO - 2023-07-27 14:52:46 --> Cart Class Initialized
INFO - 2023-07-27 14:52:47 --> Session: Class initialized using 'CodeIgniter\Session\Handlers\FileHandler' driver.
INFO - 2023-07-27 14:52:47 --> Cart Class Initialized
INFO - 2023-07-27 14:52:49 --> Session: Class initialized using 'CodeIgniter\Session\Handlers\FileHandler' driver.
INFO - 2023-07-27 14:52:49 --> Cart Class Initialized
INFO - 2023-07-27 14:52:50 --> Session: Class initialized using 'CodeIgniter\Session\Handlers\FileHandler' driver.
INFO - 2023-07-27 14:52:50 --> Cart Class Initialized
INFO - 2023-07-27 14:54:45 --> Session: Class initialized using 'CodeIgniter\Session\Handlers\FileHandler' driver.
INFO - 2023-07-27 14:54:45 --> Cart Class Initialized
INFO - 2023-07-27 14:55:03 --> Session: Class initialized using 'CodeIgniter\Session\Handlers\FileHandler' driver.
INFO - 2023-07-27 14:55:03 --> Cart Class Initialized
INFO - 2023-07-27 14:55:04 --> Session: Class initialized using 'CodeIgniter\Session\Handlers\FileHandler' driver.
INFO - 2023-07-27 14:55:04 --> Cart Class Initialized
INFO - 2023-07-27 14:57:00 --> Session: Class initialized using 'CodeIgniter\Session\Handlers\FileHandler' driver.
INFO - 2023-07-27 14:57:00 --> Cart Class Initialized
INFO - 2023-07-27 14:59:15 --> Session: Class initialized using 'CodeIgniter\Session\Handlers\FileHandler' driver.
INFO - 2023-07-27 14:59:15 --> Cart Class Initialized
INFO - 2023-07-27 14:59:17 --> Session: Class initialized using 'CodeIgniter\Session\Handlers\FileHandler' driver.
INFO - 2023-07-27 14:59:17 --> Cart Class Initialized
INFO - 2023-07-27 15:27:52 --> Session: Class initialized using 'CodeIgniter\Session\Handlers\FileHandler' driver.
INFO - 2023-07-27 15:27:52 --> Cart Class Initialized
INFO - 2023-07-27 15:27:54 --> Session: Class initialized using 'CodeIgniter\Session\Handlers\FileHandler' driver.
INFO - 2023-07-27 15:27:54 --> Cart Class Initialized
INFO - 2023-07-27 15:27:56 --> Session: Class initialized using 'CodeIgniter\Session\Handlers\FileHandler' driver.
INFO - 2023-07-27 15:27:56 --> Cart Class Initialized
INFO - 2023-07-27 15:27:58 --> Session: Class initialized using 'CodeIgniter\Session\Handlers\FileHandler' driver.
INFO - 2023-07-27 15:27:58 --> Cart Class Initialized
INFO - 2023-07-27 15:29:18 --> Session: Class initialized using 'CodeIgniter\Session\Handlers\FileHandler' driver.
INFO - 2023-07-27 15:29:18 --> Cart Class Initialized
INFO - 2023-07-27 15:29:19 --> Session: Class initialized using 'CodeIgniter\Session\Handlers\FileHandler' driver.
INFO - 2023-07-27 15:29:19 --> Cart Class Initialized
INFO - 2023-07-27 15:29:21 --> Session: Class initialized using 'CodeIgniter\Session\Handlers\FileHandler' driver.
INFO - 2023-07-27 15:29:21 --> Cart Class Initialized
INFO - 2023-07-27 15:39:53 --> Session: Class initialized using 'CodeIgniter\Session\Handlers\FileHandler' driver.
INFO - 2023-07-27 15:40:38 --> Session: Class initialized using 'CodeIgniter\Session\Handlers\FileHandler' driver.
INFO - 2023-07-27 15:40:38 --> Cart Class Initialized
INFO - 2023-07-27 15:40:40 --> Session: Class initialized using 'CodeIgniter\Session\Handlers\FileHandler' driver.
INFO - 2023-07-27 15:40:40 --> Cart Class Initialized
INFO - 2023-07-27 15:40:42 --> Session: Class initialized using 'CodeIgniter\Session\Handlers\FileHandler' driver.
INFO - 2023-07-27 15:40:42 --> Cart Class Initialized
INFO - 2023-07-27 15:41:04 --> Session: Class initialized using 'CodeIgniter\Session\Handlers\FileHandler' driver.
INFO - 2023-07-27 15:41:04 --> Cart Class Initialized
INFO - 2023-07-27 15:41:41 --> Session: Class initialized using 'CodeIgniter\Session\Handlers\FileHandler' driver.
INFO - 2023-07-27 15:41:41 --> Cart Class Initialized
INFO - 2023-07-27 15:41:42 --> Session: Class initialized using 'CodeIgniter\Session\Handlers\FileHandler' driver.
INFO - 2023-07-27 15:41:42 --> Cart Class Initialized
INFO - 2023-07-27 15:42:19 --> Session: Class initialized using 'CodeIgniter\Session\Handlers\FileHandler' driver.
INFO - 2023-07-27 15:42:19 --> Cart Class Initialized
INFO - 2023-07-27 15:46:28 --> Session: Class initialized using 'CodeIgniter\Session\Handlers\FileHandler' driver.
INFO - 2023-07-27 15:46:28 --> Cart Class Initialized
INFO - 2023-07-27 15:50:27 --> Session: Class initialized using 'CodeIgniter\Session\Handlers\FileHandler' driver.
INFO - 2023-07-27 15:50:27 --> Session: Class initialized using 'CodeIgniter\Session\Handlers\FileHandler' driver.
INFO - 2023-07-27 15:50:27 --> Cart Class Initialized
INFO - 2023-07-27 15:50:28 --> Session: Class initialized using 'CodeIgniter\Session\Handlers\FileHandler' driver.
INFO - 2023-07-27 15:50:28 --> Cart Class Initialized
INFO - 2023-07-27 15:53:28 --> Session: Class initialized using 'CodeIgniter\Session\Handlers\FileHandler' driver.
INFO - 2023-07-27 15:53:28 --> Cart Class Initialized
INFO - 2023-07-27 16:01:42 --> Session: Class initialized using 'CodeIgniter\Session\Handlers\FileHandler' driver.
INFO - 2023-07-27 16:01:42 --> Cart Class Initialized
INFO - 2023-07-27 16:02:23 --> Session: Class initialized using 'CodeIgniter\Session\Handlers\FileHandler' driver.
INFO - 2023-07-27 16:02:23 --> Cart Class Initialized
INFO - 2023-07-27 16:02:37 --> Session: Class initialized using 'CodeIgniter\Session\Handlers\FileHandler' driver.
INFO - 2023-07-27 16:02:37 --> Cart Class Initialized
INFO - 2023-07-27 16:03:24 --> Session: Class initialized using 'CodeIgniter\Session\Handlers\FileHandler' driver.
INFO - 2023-07-27 16:03:24 --> Cart Class Initialized
INFO - 2023-07-27 16:03:25 --> Session: Class initialized using 'CodeIgniter\Session\Handlers\FileHandler' driver.
INFO - 2023-07-27 16:03:25 --> Cart Class Initialized
INFO - 2023-07-27 16:04:49 --> Session: Class initialized using 'CodeIgniter\Session\Handlers\FileHandler' driver.
INFO - 2023-07-27 16:04:49 --> Cart Class Initialized
INFO - 2023-07-27 16:06:55 --> Session: Class initialized using 'CodeIgniter\Session\Handlers\FileHandler' driver.
INFO - 2023-07-27 16:06:55 --> Cart Class Initialized
INFO - 2023-07-27 16:09:03 --> Session: Class initialized using 'CodeIgniter\Session\Handlers\FileHandler' driver.
INFO - 2023-07-27 16:09:03 --> Cart Class Initialized
INFO - 2023-07-27 16:11:02 --> Session: Class initialized using 'CodeIgniter\Session\Handlers\FileHandler' driver.
INFO - 2023-07-27 16:11:02 --> Cart Class Initialized
INFO - 2023-07-27 16:12:33 --> Session: Class initialized using 'CodeIgniter\Session\Handlers\FileHandler' driver.
INFO - 2023-07-27 16:12:33 --> Cart Class Initialized
INFO - 2023-07-27 16:15:39 --> Session: Class initialized using 'CodeIgniter\Session\Handlers\FileHandler' driver.
INFO - 2023-07-27 16:15:39 --> Cart Class Initialized
INFO - 2023-07-27 16:21:32 --> Session: Class initialized using 'CodeIgniter\Session\Handlers\FileHandler' driver.
INFO - 2023-07-27 16:21:32 --> Cart Class Initialized
INFO - 2023-07-27 16:25:04 --> Session: Class initialized using 'CodeIgniter\Session\Handlers\FileHandler' driver.
INFO - 2023-07-27 16:25:04 --> Cart Class Initialized
INFO - 2023-07-27 16:25:59 --> Session: Class initialized using 'CodeIgniter\Session\Handlers\FileHandler' driver.
INFO - 2023-07-27 16:25:59 --> Cart Class Initialized
INFO - 2023-07-27 16:26:00 --> Session: Class initialized using 'CodeIgniter\Session\Handlers\FileHandler' driver.
INFO - 2023-07-27 16:26:00 --> Cart Class Initialized
INFO - 2023-07-27 16:26:01 --> Session: Class initialized using 'CodeIgniter\Session\Handlers\FileHandler' driver.
INFO - 2023-07-27 16:26:01 --> Cart Class Initialized
INFO - 2023-07-27 16:26:02 --> Session: Class initialized using 'CodeIgniter\Session\Handlers\FileHandler' driver.
INFO - 2023-07-27 16:26:02 --> Cart Class Initialized
INFO - 2023-07-27 16:26:03 --> Session: Class initialized using 'CodeIgniter\Session\Handlers\FileHandler' driver.
INFO - 2023-07-27 16:26:03 --> Cart Class Initialized
INFO - 2023-07-27 16:26:22 --> Session: Class initialized using 'CodeIgniter\Session\Handlers\FileHandler' driver.
INFO - 2023-07-27 16:26:22 --> Cart Class Initialized
INFO - 2023-07-27 16:26:23 --> Session: Class initialized using 'CodeIgniter\Session\Handlers\FileHandler' driver.
INFO - 2023-07-27 16:26:23 --> Cart Class Initialized
INFO - 2023-07-27 16:26:31 --> Session: Class initialized using 'CodeIgniter\Session\Handlers\FileHandler' driver.
INFO - 2023-07-27 16:26:31 --> Cart Class Initialized
INFO - 2023-07-27 16:26:41 --> Session: Class initialized using 'CodeIgniter\Session\Handlers\FileHandler' driver.
INFO - 2023-07-27 16:26:41 --> Cart Class Initialized
INFO - 2023-07-27 16:26:44 --> Session: Class initialized using 'CodeIgniter\Session\Handlers\FileHandler' driver.
INFO - 2023-07-27 16:26:44 --> Cart Class Initialized
INFO - 2023-07-27 16:29:04 --> Session: Class initialized using 'CodeIgniter\Session\Handlers\FileHandler' driver.
INFO - 2023-07-27 16:29:04 --> Cart Class Initialized
INFO - 2023-07-27 16:33:01 --> Session: Class initialized using 'CodeIgniter\Session\Handlers\FileHandler' driver.
INFO - 2023-07-27 16:33:01 --> Cart Class Initialized
INFO - 2023-07-27 16:33:31 --> Session: Class initialized using 'CodeIgniter\Session\Handlers\FileHandler' driver.
INFO - 2023-07-27 16:33:31 --> Cart Class Initialized
INFO - 2023-07-27 16:34:35 --> Session: Class initialized using 'CodeIgniter\Session\Handlers\FileHandler' driver.
INFO - 2023-07-27 16:34:35 --> Cart Class Initialized
INFO - 2023-07-27 16:34:37 --> Session: Class initialized using 'CodeIgniter\Session\Handlers\FileHandler' driver.
INFO - 2023-07-27 16:34:37 --> Cart Class Initialized
INFO - 2023-07-27 16:34:54 --> Session: Class initialized using 'CodeIgniter\Session\Handlers\FileHandler' driver.
INFO - 2023-07-27 16:34:54 --> Cart Class Initialized
INFO - 2023-07-27 16:35:13 --> Session: Class initialized using 'CodeIgniter\Session\Handlers\FileHandler' driver.
INFO - 2023-07-27 16:35:13 --> Cart Class Initialized
INFO - 2023-07-27 16:37:16 --> Session: Class initialized using 'CodeIgniter\Session\Handlers\FileHandler' driver.
INFO - 2023-07-27 16:37:16 --> Cart Class Initialized
INFO - 2023-07-27 16:37:23 --> Session: Class initialized using 'CodeIgniter\Session\Handlers\FileHandler' driver.
INFO - 2023-07-27 16:37:23 --> Session: Class initialized using 'CodeIgniter\Session\Handlers\FileHandler' driver.
INFO - 2023-07-27 16:37:23 --> Cart Class Initialized
INFO - 2023-07-27 16:37:43 --> Session: Class initialized using 'CodeIgniter\Session\Handlers\FileHandler' driver.
INFO - 2023-07-27 16:37:46 --> Session: Class initialized using 'CodeIgniter\Session\Handlers\FileHandler' driver.
INFO - 2023-07-27 16:37:49 --> Session: Class initialized using 'CodeIgniter\Session\Handlers\FileHandler' driver.
INFO - 2023-07-27 16:37:49 --> Cart Class Initialized
INFO - 2023-07-27 16:37:50 --> Session: Class initialized using 'CodeIgniter\Session\Handlers\FileHandler' driver.
INFO - 2023-07-27 16:37:50 --> Cart Class Initialized
INFO - 2023-07-27 16:37:59 --> Session: Class initialized using 'CodeIgniter\Session\Handlers\FileHandler' driver.
INFO - 2023-07-27 16:38:04 --> Session: Class initialized using 'CodeIgniter\Session\Handlers\FileHandler' driver.
INFO - 2023-07-27 16:38:04 --> Session: Class initialized using 'CodeIgniter\Session\Handlers\FileHandler' driver.
INFO - 2023-07-27 16:38:04 --> Cart Class Initialized
INFO - 2023-07-27 16:38:09 --> Session: Class initialized using 'CodeIgniter\Session\Handlers\FileHandler' driver.
INFO - 2023-07-27 16:38:09 --> Cart Class Initialized
INFO - 2023-07-27 16:38:13 --> Session: Class initialized using 'CodeIgniter\Session\Handlers\FileHandler' driver.
INFO - 2023-07-27 16:38:13 --> Cart Class Initialized
INFO - 2023-07-27 16:38:25 --> Session: Class initialized using 'CodeIgniter\Session\Handlers\FileHandler' driver.
INFO - 2023-07-27 16:38:25 --> Cart Class Initialized
INFO - 2023-07-27 16:38:29 --> Session: Class initialized using 'CodeIgniter\Session\Handlers\FileHandler' driver.
INFO - 2023-07-27 16:38:29 --> Cart Class Initialized
INFO - 2023-07-27 16:38:35 --> Session: Class initialized using 'CodeIgniter\Session\Handlers\FileHandler' driver.
INFO - 2023-07-27 16:38:46 --> Session: Class initialized using 'CodeIgniter\Session\Handlers\FileHandler' driver.
INFO - 2023-07-27 16:38:46 --> Cart Class Initialized
INFO - 2023-07-27 16:39:40 --> Session: Class initialized using 'CodeIgniter\Session\Handlers\FileHandler' driver.
INFO - 2023-07-27 16:39:40 --> Cart Class Initialized
INFO - 2023-07-27 16:39:51 --> Session: Class initialized using 'CodeIgniter\Session\Handlers\FileHandler' driver.
INFO - 2023-07-27 16:39:51 --> Cart Class Initialized
INFO - 2023-07-27 16:40:58 --> Session: Class initialized using 'CodeIgniter\Session\Handlers\FileHandler' driver.
INFO - 2023-07-27 16:40:58 --> Cart Class Initialized
INFO - 2023-07-27 16:40:59 --> Session: Class initialized using 'CodeIgniter\Session\Handlers\FileHandler' driver.
INFO - 2023-07-27 16:40:59 --> Cart Class Initialized
INFO - 2023-07-27 16:41:08 --> Session: Class initialized using 'CodeIgniter\Session\Handlers\FileHandler' driver.
INFO - 2023-07-27 16:41:08 --> Cart Class Initialized
INFO - 2023-07-27 16:46:33 --> Session: Class initialized using 'CodeIgniter\Session\Handlers\FileHandler' driver.
INFO - 2023-07-27 16:46:33 --> Cart Class Initialized
INFO - 2023-07-27 16:46:59 --> Session: Class initialized using 'CodeIgniter\Session\Handlers\FileHandler' driver.
INFO - 2023-07-27 16:46:59 --> Cart Class Initialized
INFO - 2023-07-27 16:49:03 --> Session: Class initialized using 'CodeIgniter\Session\Handlers\FileHandler' driver.
INFO - 2023-07-27 16:49:20 --> Session: Class initialized using 'CodeIgniter\Session\Handlers\FileHandler' driver.
CRITICAL - 2023-07-27 16:49:20 --> Undefined variable $loggedInUserid
in APPPATH/Controllers/Frontend.php on line 64.
 1 APPPATH/Controllers/Frontend.php(64): CodeIgniter\Debug\Exceptions->errorHandler()
 2 SYSTEMPATH/CodeIgniter.php(934): App\Controllers\Frontend->information()
 3 SYSTEMPATH/CodeIgniter.php(499): CodeIgniter\CodeIgniter->runController()
 4 SYSTEMPATH/CodeIgniter.php(368): CodeIgniter\CodeIgniter->handleRequest()
 5 FCPATH/index.php(67): CodeIgniter\CodeIgniter->run()
INFO - 2023-07-27 16:50:30 --> Session: Class initialized using 'CodeIgniter\Session\Handlers\FileHandler' driver.
CRITICAL - 2023-07-27 16:50:30 --> Undefined variable $loggedInUserid
in APPPATH/Controllers/Frontend.php on line 64.
 1 APPPATH/Controllers/Frontend.php(64): CodeIgniter\Debug\Exceptions->errorHandler()
 2 SYSTEMPATH/CodeIgniter.php(934): App\Controllers\Frontend->information()
 3 SYSTEMPATH/CodeIgniter.php(499): CodeIgniter\CodeIgniter->runController()
 4 SYSTEMPATH/CodeIgniter.php(368): CodeIgniter\CodeIgniter->handleRequest()
 5 FCPATH/index.php(67): CodeIgniter\CodeIgniter->run()
INFO - 2023-07-27 16:50:44 --> Session: Class initialized using 'CodeIgniter\Session\Handlers\FileHandler' driver.
INFO - 2023-07-27 16:50:44 --> Cart Class Initialized
INFO - 2023-07-27 16:52:12 --> Session: Class initialized using 'CodeIgniter\Session\Handlers\FileHandler' driver.
INFO - 2023-07-27 16:52:12 --> Cart Class Initialized
INFO - 2023-07-27 16:52:47 --> Session: Class initialized using 'CodeIgniter\Session\Handlers\FileHandler' driver.
INFO - 2023-07-27 16:52:47 --> Cart Class Initialized
INFO - 2023-07-27 16:54:23 --> Session: Class initialized using 'CodeIgniter\Session\Handlers\FileHandler' driver.
INFO - 2023-07-27 16:54:26 --> Session: Class initialized using 'CodeIgniter\Session\Handlers\FileHandler' driver.
INFO - 2023-07-27 16:54:26 --> Cart Class Initialized
INFO - 2023-07-27 16:54:34 --> Session: Class initialized using 'CodeIgniter\Session\Handlers\FileHandler' driver.
INFO - 2023-07-27 16:54:34 --> Session: Class initialized using 'CodeIgniter\Session\Handlers\FileHandler' driver.
INFO - 2023-07-27 16:54:34 --> Cart Class Initialized
INFO - 2023-07-27 16:54:39 --> Session: Class initialized using 'CodeIgniter\Session\Handlers\FileHandler' driver.
INFO - 2023-07-27 16:54:39 --> Cart Class Initialized
INFO - 2023-07-27 16:54:44 --> Session: Class initialized using 'CodeIgniter\Session\Handlers\FileHandler' driver.
INFO - 2023-07-27 16:54:44 --> Cart Class Initialized
INFO - 2023-07-27 16:56:18 --> Session: Class initialized using 'CodeIgniter\Session\Handlers\FileHandler' driver.
INFO - 2023-07-27 16:56:18 --> Cart Class Initialized
INFO - 2023-07-27 16:56:20 --> Session: Class initialized using 'CodeIgniter\Session\Handlers\FileHandler' driver.
INFO - 2023-07-27 16:56:20 --> Cart Class Initialized
INFO - 2023-07-27 16:56:24 --> Session: Class initialized using 'CodeIgniter\Session\Handlers\FileHandler' driver.
INFO - 2023-07-27 16:56:24 --> Cart Class Initialized
INFO - 2023-07-27 16:56:37 --> Session: Class initialized using 'CodeIgniter\Session\Handlers\FileHandler' driver.
INFO - 2023-07-27 16:56:37 --> Cart Class Initialized
INFO - 2023-07-27 16:56:42 --> Session: Class initialized using 'CodeIgniter\Session\Handlers\FileHandler' driver.
INFO - 2023-07-27 16:56:50 --> Session: Class initialized using 'CodeIgniter\Session\Handlers\FileHandler' driver.
INFO - 2023-07-27 16:56:50 --> Cart Class Initialized
INFO - 2023-07-27 16:57:28 --> Session: Class initialized using 'CodeIgniter\Session\Handlers\FileHandler' driver.
INFO - 2023-07-27 16:57:28 --> Cart Class Initialized
INFO - 2023-07-27 16:57:35 --> Session: Class initialized using 'CodeIgniter\Session\Handlers\FileHandler' driver.
INFO - 2023-07-27 16:57:35 --> Cart Class Initialized
INFO - 2023-07-27 16:57:56 --> Session: Class initialized using 'CodeIgniter\Session\Handlers\FileHandler' driver.
INFO - 2023-07-27 16:57:58 --> Session: Class initialized using 'CodeIgniter\Session\Handlers\FileHandler' driver.
INFO - 2023-07-27 16:57:58 --> Session: Class initialized using 'CodeIgniter\Session\Handlers\FileHandler' driver.
INFO - 2023-07-27 16:57:58 --> Cart Class Initialized
INFO - 2023-07-27 16:58:05 --> Session: Class initialized using 'CodeIgniter\Session\Handlers\FileHandler' driver.
INFO - 2023-07-27 16:58:05 --> Cart Class Initialized
INFO - 2023-07-27 16:59:18 --> Session: Class initialized using 'CodeIgniter\Session\Handlers\FileHandler' driver.
INFO - 2023-07-27 16:59:18 --> Cart Class Initialized
INFO - 2023-07-27 16:59:55 --> Session: Class initialized using 'CodeIgniter\Session\Handlers\FileHandler' driver.
INFO - 2023-07-27 16:59:55 --> Cart Class Initialized
INFO - 2023-07-27 17:01:40 --> Session: Class initialized using 'CodeIgniter\Session\Handlers\FileHandler' driver.
INFO - 2023-07-27 17:01:40 --> Cart Class Initialized
INFO - 2023-07-27 17:02:04 --> Session: Class initialized using 'CodeIgniter\Session\Handlers\FileHandler' driver.
INFO - 2023-07-27 17:02:04 --> Cart Class Initialized
INFO - 2023-07-27 17:02:49 --> Session: Class initialized using 'CodeIgniter\Session\Handlers\FileHandler' driver.
INFO - 2023-07-27 17:02:49 --> Cart Class Initialized
INFO - 2023-07-27 17:03:12 --> Session: Class initialized using 'CodeIgniter\Session\Handlers\FileHandler' driver.
INFO - 2023-07-27 17:03:12 --> Cart Class Initialized
INFO - 2023-07-27 17:03:57 --> Session: Class initialized using 'CodeIgniter\Session\Handlers\FileHandler' driver.
INFO - 2023-07-27 17:03:57 --> Cart Class Initialized
INFO - 2023-07-27 17:04:07 --> Session: Class initialized using 'CodeIgniter\Session\Handlers\FileHandler' driver.
INFO - 2023-07-27 17:04:07 --> Cart Class Initialized
INFO - 2023-07-27 17:04:31 --> Session: Class initialized using 'CodeIgniter\Session\Handlers\FileHandler' driver.
INFO - 2023-07-27 17:04:31 --> Cart Class Initialized
INFO - 2023-07-27 17:05:06 --> Session: Class initialized using 'CodeIgniter\Session\Handlers\FileHandler' driver.
INFO - 2023-07-27 17:05:06 --> Cart Class Initialized
INFO - 2023-07-27 17:05:46 --> Session: Class initialized using 'CodeIgniter\Session\Handlers\FileHandler' driver.
INFO - 2023-07-27 17:05:46 --> Cart Class Initialized
INFO - 2023-07-27 17:06:49 --> Session: Class initialized using 'CodeIgniter\Session\Handlers\FileHandler' driver.
INFO - 2023-07-27 17:06:49 --> Cart Class Initialized
INFO - 2023-07-27 17:07:10 --> Session: Class initialized using 'CodeIgniter\Session\Handlers\FileHandler' driver.
INFO - 2023-07-27 17:07:10 --> Cart Class Initialized
INFO - 2023-07-27 17:08:43 --> Session: Class initialized using 'CodeIgniter\Session\Handlers\FileHandler' driver.
INFO - 2023-07-27 17:08:43 --> Cart Class Initialized
INFO - 2023-07-27 17:09:10 --> Session: Class initialized using 'CodeIgniter\Session\Handlers\FileHandler' driver.
INFO - 2023-07-27 17:09:10 --> Cart Class Initialized
INFO - 2023-07-27 17:13:08 --> Session: Class initialized using 'CodeIgniter\Session\Handlers\FileHandler' driver.
INFO - 2023-07-27 17:13:08 --> Cart Class Initialized
INFO - 2023-07-27 17:14:29 --> Session: Class initialized using 'CodeIgniter\Session\Handlers\FileHandler' driver.
INFO - 2023-07-27 17:14:29 --> Cart Class Initialized
INFO - 2023-07-27 17:17:48 --> Session: Class initialized using 'CodeIgniter\Session\Handlers\FileHandler' driver.
INFO - 2023-07-27 17:17:48 --> Cart Class Initialized
INFO - 2023-07-27 17:17:51 --> Session: Class initialized using 'CodeIgniter\Session\Handlers\FileHandler' driver.
INFO - 2023-07-27 17:17:51 --> Cart Class Initialized
INFO - 2023-07-27 17:18:58 --> Session: Class initialized using 'CodeIgniter\Session\Handlers\FileHandler' driver.
INFO - 2023-07-27 17:18:58 --> Cart Class Initialized
INFO - 2023-07-27 17:19:45 --> Session: Class initialized using 'CodeIgniter\Session\Handlers\FileHandler' driver.
INFO - 2023-07-27 17:19:45 --> Cart Class Initialized
INFO - 2023-07-27 17:19:59 --> Session: Class initialized using 'CodeIgniter\Session\Handlers\FileHandler' driver.
INFO - 2023-07-27 17:19:59 --> Cart Class Initialized
INFO - 2023-07-27 17:20:30 --> Session: Class initialized using 'CodeIgniter\Session\Handlers\FileHandler' driver.
INFO - 2023-07-27 17:20:30 --> Cart Class Initialized
INFO - 2023-07-27 17:20:31 --> Session: Class initialized using 'CodeIgniter\Session\Handlers\FileHandler' driver.
INFO - 2023-07-27 17:20:31 --> Cart Class Initialized
INFO - 2023-07-27 17:20:33 --> Session: Class initialized using 'CodeIgniter\Session\Handlers\FileHandler' driver.
INFO - 2023-07-27 17:20:33 --> Cart Class Initialized
INFO - 2023-07-27 17:21:27 --> Session: Class initialized using 'CodeIgniter\Session\Handlers\FileHandler' driver.
INFO - 2023-07-27 17:21:27 --> Cart Class Initialized
INFO - 2023-07-27 17:22:40 --> Session: Class initialized using 'CodeIgniter\Session\Handlers\FileHandler' driver.
INFO - 2023-07-27 17:22:40 --> Cart Class Initialized
INFO - 2023-07-27 17:22:56 --> Session: Class initialized using 'CodeIgniter\Session\Handlers\FileHandler' driver.
INFO - 2023-07-27 17:22:56 --> Cart Class Initialized
INFO - 2023-07-27 17:23:01 --> Session: Class initialized using 'CodeIgniter\Session\Handlers\FileHandler' driver.
INFO - 2023-07-27 17:23:01 --> Cart Class Initialized
INFO - 2023-07-27 17:23:18 --> Session: Class initialized using 'CodeIgniter\Session\Handlers\FileHandler' driver.
INFO - 2023-07-27 17:23:18 --> Cart Class Initialized
INFO - 2023-07-27 17:23:43 --> Session: Class initialized using 'CodeIgniter\Session\Handlers\FileHandler' driver.
INFO - 2023-07-27 17:23:43 --> Cart Class Initialized
INFO - 2023-07-27 17:23:54 --> Session: Class initialized using 'CodeIgniter\Session\Handlers\FileHandler' driver.
INFO - 2023-07-27 17:23:54 --> Cart Class Initialized
INFO - 2023-07-27 17:24:14 --> Session: Class initialized using 'CodeIgniter\Session\Handlers\FileHandler' driver.
INFO - 2023-07-27 17:24:14 --> Cart Class Initialized
INFO - 2023-07-27 17:24:20 --> Session: Class initialized using 'CodeIgniter\Session\Handlers\FileHandler' driver.
INFO - 2023-07-27 17:24:20 --> Cart Class Initialized
INFO - 2023-07-27 17:24:28 --> Session: Class initialized using 'CodeIgniter\Session\Handlers\FileHandler' driver.
INFO - 2023-07-27 17:24:28 --> Cart Class Initialized
INFO - 2023-07-27 17:25:41 --> Session: Class initialized using 'CodeIgniter\Session\Handlers\FileHandler' driver.
INFO - 2023-07-27 17:25:41 --> Cart Class Initialized
INFO - 2023-07-27 17:26:21 --> Session: Class initialized using 'CodeIgniter\Session\Handlers\FileHandler' driver.
INFO - 2023-07-27 17:26:21 --> Cart Class Initialized
INFO - 2023-07-27 17:29:26 --> Session: Class initialized using 'CodeIgniter\Session\Handlers\FileHandler' driver.
INFO - 2023-07-27 17:29:26 --> Cart Class Initialized
INFO - 2023-07-27 17:29:48 --> Session: Class initialized using 'CodeIgniter\Session\Handlers\FileHandler' driver.
INFO - 2023-07-27 17:29:48 --> Cart Class Initialized
INFO - 2023-07-27 17:30:00 --> Session: Class initialized using 'CodeIgniter\Session\Handlers\FileHandler' driver.
INFO - 2023-07-27 17:30:00 --> Cart Class Initialized
INFO - 2023-07-27 17:30:05 --> Session: Class initialized using 'CodeIgniter\Session\Handlers\FileHandler' driver.
INFO - 2023-07-27 17:30:05 --> Cart Class Initialized
INFO - 2023-07-27 17:30:17 --> Session: Class initialized using 'CodeIgniter\Session\Handlers\FileHandler' driver.
INFO - 2023-07-27 17:30:17 --> Cart Class Initialized
INFO - 2023-07-27 17:30:20 --> Session: Class initialized using 'CodeIgniter\Session\Handlers\FileHandler' driver.
INFO - 2023-07-27 17:30:20 --> Cart Class Initialized
INFO - 2023-07-27 17:30:22 --> Session: Class initialized using 'CodeIgniter\Session\Handlers\FileHandler' driver.
INFO - 2023-07-27 17:30:22 --> Cart Class Initialized
INFO - 2023-07-27 17:30:24 --> Session: Class initialized using 'CodeIgniter\Session\Handlers\FileHandler' driver.
INFO - 2023-07-27 17:30:24 --> Cart Class Initialized
INFO - 2023-07-27 17:30:28 --> Session: Class initialized using 'CodeIgniter\Session\Handlers\FileHandler' driver.
INFO - 2023-07-27 17:30:28 --> Cart Class Initialized
INFO - 2023-07-27 17:30:33 --> Session: Class initialized using 'CodeIgniter\Session\Handlers\FileHandler' driver.
INFO - 2023-07-27 17:30:33 --> Cart Class Initialized
INFO - 2023-07-27 17:30:34 --> Session: Class initialized using 'CodeIgniter\Session\Handlers\FileHandler' driver.
INFO - 2023-07-27 17:30:34 --> Cart Class Initialized
INFO - 2023-07-27 17:30:50 --> Session: Class initialized using 'CodeIgniter\Session\Handlers\FileHandler' driver.
INFO - 2023-07-27 17:30:50 --> Cart Class Initialized
INFO - 2023-07-27 17:31:05 --> Session: Class initialized using 'CodeIgniter\Session\Handlers\FileHandler' driver.
INFO - 2023-07-27 17:31:05 --> Cart Class Initialized
INFO - 2023-07-27 17:31:07 --> Session: Class initialized using 'CodeIgniter\Session\Handlers\FileHandler' driver.
INFO - 2023-07-27 17:31:07 --> Cart Class Initialized
INFO - 2023-07-27 17:32:51 --> Session: Class initialized using 'CodeIgniter\Session\Handlers\FileHandler' driver.
INFO - 2023-07-27 17:32:51 --> Cart Class Initialized
INFO - 2023-07-27 17:32:52 --> Session: Class initialized using 'CodeIgniter\Session\Handlers\FileHandler' driver.
INFO - 2023-07-27 17:32:52 --> Cart Class Initialized
INFO - 2023-07-27 17:33:05 --> Session: Class initialized using 'CodeIgniter\Session\Handlers\FileHandler' driver.
INFO - 2023-07-27 17:33:08 --> Session: Class initialized using 'CodeIgniter\Session\Handlers\FileHandler' driver.
INFO - 2023-07-27 17:33:08 --> Cart Class Initialized
INFO - 2023-07-27 17:33:56 --> Session: Class initialized using 'CodeIgniter\Session\Handlers\FileHandler' driver.
INFO - 2023-07-27 17:33:56 --> Cart Class Initialized
INFO - 2023-07-27 17:33:57 --> Session: Class initialized using 'CodeIgniter\Session\Handlers\FileHandler' driver.
INFO - 2023-07-27 17:33:57 --> Cart Class Initialized
INFO - 2023-07-27 17:34:00 --> Session: Class initialized using 'CodeIgniter\Session\Handlers\FileHandler' driver.
INFO - 2023-07-27 17:34:00 --> Cart Class Initialized
INFO - 2023-07-27 17:34:25 --> Session: Class initialized using 'CodeIgniter\Session\Handlers\FileHandler' driver.
INFO - 2023-07-27 17:34:25 --> Cart Class Initialized
INFO - 2023-07-27 17:35:05 --> Session: Class initialized using 'CodeIgniter\Session\Handlers\FileHandler' driver.
INFO - 2023-07-27 17:35:05 --> Cart Class Initialized
INFO - 2023-07-27 17:35:07 --> Session: Class initialized using 'CodeIgniter\Session\Handlers\FileHandler' driver.
INFO - 2023-07-27 17:35:07 --> Cart Class Initialized
INFO - 2023-07-27 17:35:34 --> Session: Class initialized using 'CodeIgniter\Session\Handlers\FileHandler' driver.
INFO - 2023-07-27 17:35:46 --> Session: Class initialized using 'CodeIgniter\Session\Handlers\FileHandler' driver.
INFO - 2023-07-27 17:35:46 --> Cart Class Initialized
INFO - 2023-07-27 17:36:35 --> Session: Class initialized using 'CodeIgniter\Session\Handlers\FileHandler' driver.
INFO - 2023-07-27 17:36:35 --> Cart Class Initialized
INFO - 2023-07-27 17:36:52 --> Session: Class initialized using 'CodeIgniter\Session\Handlers\FileHandler' driver.
INFO - 2023-07-27 17:36:52 --> Cart Class Initialized
INFO - 2023-07-27 17:36:58 --> Session: Class initialized using 'CodeIgniter\Session\Handlers\FileHandler' driver.
INFO - 2023-07-27 17:36:58 --> Cart Class Initialized
INFO - 2023-07-27 17:38:32 --> Session: Class initialized using 'CodeIgniter\Session\Handlers\FileHandler' driver.
INFO - 2023-07-27 17:38:32 --> Cart Class Initialized
INFO - 2023-07-27 17:38:33 --> Session: Class initialized using 'CodeIgniter\Session\Handlers\FileHandler' driver.
INFO - 2023-07-27 17:38:33 --> Cart Class Initialized
INFO - 2023-07-27 17:38:36 --> Session: Class initialized using 'CodeIgniter\Session\Handlers\FileHandler' driver.
INFO - 2023-07-27 17:38:36 --> Cart Class Initialized
INFO - 2023-07-27 17:38:47 --> Session: Class initialized using 'CodeIgniter\Session\Handlers\FileHandler' driver.
INFO - 2023-07-27 17:38:47 --> Cart Class Initialized
INFO - 2023-07-27 17:38:48 --> Session: Class initialized using 'CodeIgniter\Session\Handlers\FileHandler' driver.
INFO - 2023-07-27 17:38:48 --> Cart Class Initialized
INFO - 2023-07-27 17:38:57 --> Session: Class initialized using 'CodeIgniter\Session\Handlers\FileHandler' driver.
INFO - 2023-07-27 17:38:57 --> Cart Class Initialized
INFO - 2023-07-27 17:40:29 --> Session: Class initialized using 'CodeIgniter\Session\Handlers\FileHandler' driver.
INFO - 2023-07-27 17:40:29 --> Cart Class Initialized
INFO - 2023-07-27 17:41:44 --> Session: Class initialized using 'CodeIgniter\Session\Handlers\FileHandler' driver.
INFO - 2023-07-27 17:41:44 --> Cart Class Initialized
INFO - 2023-07-27 17:41:46 --> Session: Class initialized using 'CodeIgniter\Session\Handlers\FileHandler' driver.
INFO - 2023-07-27 17:41:46 --> Cart Class Initialized
INFO - 2023-07-27 17:42:46 --> Session: Class initialized using 'CodeIgniter\Session\Handlers\FileHandler' driver.
INFO - 2023-07-27 17:42:46 --> Cart Class Initialized
INFO - 2023-07-27 17:43:04 --> Session: Class initialized using 'CodeIgniter\Session\Handlers\FileHandler' driver.
INFO - 2023-07-27 17:43:04 --> Cart Class Initialized
INFO - 2023-07-27 17:43:09 --> Session: Class initialized using 'CodeIgniter\Session\Handlers\FileHandler' driver.
INFO - 2023-07-27 17:43:09 --> Cart Class Initialized
INFO - 2023-07-27 17:43:13 --> Session: Class initialized using 'CodeIgniter\Session\Handlers\FileHandler' driver.
INFO - 2023-07-27 17:43:13 --> Cart Class Initialized
INFO - 2023-07-27 17:43:52 --> Session: Class initialized using 'CodeIgniter\Session\Handlers\FileHandler' driver.
INFO - 2023-07-27 17:43:52 --> Cart Class Initialized
INFO - 2023-07-27 17:43:59 --> Session: Class initialized using 'CodeIgniter\Session\Handlers\FileHandler' driver.
INFO - 2023-07-27 17:43:59 --> Cart Class Initialized
INFO - 2023-07-27 17:44:12 --> Session: Class initialized using 'CodeIgniter\Session\Handlers\FileHandler' driver.
INFO - 2023-07-27 17:44:12 --> Cart Class Initialized
INFO - 2023-07-27 17:46:03 --> Session: Class initialized using 'CodeIgniter\Session\Handlers\FileHandler' driver.
INFO - 2023-07-27 17:46:03 --> Cart Class Initialized
INFO - 2023-07-27 17:46:08 --> Session: Class initialized using 'CodeIgniter\Session\Handlers\FileHandler' driver.
INFO - 2023-07-27 17:46:08 --> Cart Class Initialized
INFO - 2023-07-27 17:46:09 --> Session: Class initialized using 'CodeIgniter\Session\Handlers\FileHandler' driver.
INFO - 2023-07-27 17:46:09 --> Cart Class Initialized
INFO - 2023-07-27 17:46:25 --> Session: Class initialized using 'CodeIgniter\Session\Handlers\FileHandler' driver.
INFO - 2023-07-27 17:46:25 --> Cart Class Initialized
INFO - 2023-07-27 17:46:34 --> Session: Class initialized using 'CodeIgniter\Session\Handlers\FileHandler' driver.
INFO - 2023-07-27 17:46:34 --> Cart Class Initialized
INFO - 2023-07-27 17:46:35 --> Session: Class initialized using 'CodeIgniter\Session\Handlers\FileHandler' driver.
INFO - 2023-07-27 17:46:35 --> Cart Class Initialized
INFO - 2023-07-27 17:46:39 --> Session: Class initialized using 'CodeIgniter\Session\Handlers\FileHandler' driver.
INFO - 2023-07-27 17:46:39 --> Cart Class Initialized
INFO - 2023-07-27 17:47:36 --> Session: Class initialized using 'CodeIgniter\Session\Handlers\FileHandler' driver.
INFO - 2023-07-27 17:47:36 --> Cart Class Initialized
INFO - 2023-07-27 17:47:40 --> Session: Class initialized using 'CodeIgniter\Session\Handlers\FileHandler' driver.
INFO - 2023-07-27 17:47:40 --> Cart Class Initialized
INFO - 2023-07-27 17:47:41 --> Session: Class initialized using 'CodeIgniter\Session\Handlers\FileHandler' driver.
INFO - 2023-07-27 17:47:41 --> Cart Class Initialized
INFO - 2023-07-27 17:47:45 --> Session: Class initialized using 'CodeIgniter\Session\Handlers\FileHandler' driver.
INFO - 2023-07-27 17:47:45 --> Cart Class Initialized
INFO - 2023-07-27 17:48:17 --> Session: Class initialized using 'CodeIgniter\Session\Handlers\FileHandler' driver.
INFO - 2023-07-27 17:48:17 --> Cart Class Initialized
INFO - 2023-07-27 17:48:46 --> Session: Class initialized using 'CodeIgniter\Session\Handlers\FileHandler' driver.
INFO - 2023-07-27 17:48:46 --> Cart Class Initialized
INFO - 2023-07-27 17:53:35 --> Session: Class initialized using 'CodeIgniter\Session\Handlers\FileHandler' driver.
INFO - 2023-07-27 17:53:35 --> Cart Class Initialized
INFO - 2023-07-27 17:56:43 --> Session: Class initialized using 'CodeIgniter\Session\Handlers\FileHandler' driver.
INFO - 2023-07-27 17:56:43 --> Cart Class Initialized
INFO - 2023-07-27 17:56:46 --> Session: Class initialized using 'CodeIgniter\Session\Handlers\FileHandler' driver.
INFO - 2023-07-27 17:56:46 --> Cart Class Initialized
INFO - 2023-07-27 17:56:55 --> Session: Class initialized using 'CodeIgniter\Session\Handlers\FileHandler' driver.
INFO - 2023-07-27 17:56:55 --> Cart Class Initialized
INFO - 2023-07-27 17:57:07 --> Session: Class initialized using 'CodeIgniter\Session\Handlers\FileHandler' driver.
INFO - 2023-07-27 17:57:09 --> Session: Class initialized using 'CodeIgniter\Session\Handlers\FileHandler' driver.
INFO - 2023-07-27 17:57:09 --> Cart Class Initialized
INFO - 2023-07-27 17:57:13 --> Session: Class initialized using 'CodeIgniter\Session\Handlers\FileHandler' driver.
INFO - 2023-07-27 17:57:13 --> Cart Class Initialized
INFO - 2023-07-27 17:57:25 --> Session: Class initialized using 'CodeIgniter\Session\Handlers\FileHandler' driver.
INFO - 2023-07-27 17:57:25 --> Cart Class Initialized
INFO - 2023-07-27 17:57:26 --> Session: Class initialized using 'CodeIgniter\Session\Handlers\FileHandler' driver.
INFO - 2023-07-27 17:57:26 --> Cart Class Initialized
INFO - 2023-07-27 17:57:37 --> Session: Class initialized using 'CodeIgniter\Session\Handlers\FileHandler' driver.
INFO - 2023-07-27 17:57:37 --> Cart Class Initialized
INFO - 2023-07-27 17:57:49 --> Session: Class initialized using 'CodeIgniter\Session\Handlers\FileHandler' driver.
INFO - 2023-07-27 17:57:49 --> Cart Class Initialized
INFO - 2023-07-27 17:57:55 --> Session: Class initialized using 'CodeIgniter\Session\Handlers\FileHandler' driver.
INFO - 2023-07-27 17:57:55 --> Cart Class Initialized
INFO - 2023-07-27 17:57:59 --> Session: Class initialized using 'CodeIgniter\Session\Handlers\FileHandler' driver.
INFO - 2023-07-27 17:57:59 --> Cart Class Initialized
INFO - 2023-07-27 17:58:01 --> Session: Class initialized using 'CodeIgniter\Session\Handlers\FileHandler' driver.
INFO - 2023-07-27 17:58:01 --> Cart Class Initialized
INFO - 2023-07-27 17:58:44 --> Session: Class initialized using 'CodeIgniter\Session\Handlers\FileHandler' driver.
INFO - 2023-07-27 17:58:44 --> Cart Class Initialized
INFO - 2023-07-27 17:58:49 --> Session: Class initialized using 'CodeIgniter\Session\Handlers\FileHandler' driver.
INFO - 2023-07-27 17:58:49 --> Cart Class Initialized
INFO - 2023-07-27 17:58:57 --> Session: Class initialized using 'CodeIgniter\Session\Handlers\FileHandler' driver.
INFO - 2023-07-27 17:58:57 --> Cart Class Initialized
INFO - 2023-07-27 17:59:13 --> Session: Class initialized using 'CodeIgniter\Session\Handlers\FileHandler' driver.
INFO - 2023-07-27 17:59:13 --> Cart Class Initialized
INFO - 2023-07-27 17:59:19 --> Session: Class initialized using 'CodeIgniter\Session\Handlers\FileHandler' driver.
INFO - 2023-07-27 17:59:19 --> Cart Class Initialized
INFO - 2023-07-27 17:59:25 --> Session: Class initialized using 'CodeIgniter\Session\Handlers\FileHandler' driver.
INFO - 2023-07-27 17:59:25 --> Cart Class Initialized
INFO - 2023-07-27 17:59:33 --> Session: Class initialized using 'CodeIgniter\Session\Handlers\FileHandler' driver.
INFO - 2023-07-27 17:59:33 --> Cart Class Initialized
INFO - 2023-07-27 17:59:39 --> Session: Class initialized using 'CodeIgniter\Session\Handlers\FileHandler' driver.
INFO - 2023-07-27 17:59:39 --> Cart Class Initialized
INFO - 2023-07-27 17:59:44 --> Session: Class initialized using 'CodeIgniter\Session\Handlers\FileHandler' driver.
INFO - 2023-07-27 17:59:44 --> Cart Class Initialized
INFO - 2023-07-27 18:00:04 --> Session: Class initialized using 'CodeIgniter\Session\Handlers\FileHandler' driver.
INFO - 2023-07-27 18:00:04 --> Cart Class Initialized
INFO - 2023-07-27 18:00:12 --> Session: Class initialized using 'CodeIgniter\Session\Handlers\FileHandler' driver.
INFO - 2023-07-27 18:00:12 --> Cart Class Initialized
INFO - 2023-07-27 18:00:20 --> Session: Class initialized using 'CodeIgniter\Session\Handlers\FileHandler' driver.
INFO - 2023-07-27 18:00:20 --> Cart Class Initialized
INFO - 2023-07-27 18:00:21 --> Session: Class initialized using 'CodeIgniter\Session\Handlers\FileHandler' driver.
INFO - 2023-07-27 18:00:21 --> Cart Class Initialized
INFO - 2023-07-27 18:00:22 --> Session: Class initialized using 'CodeIgniter\Session\Handlers\FileHandler' driver.
INFO - 2023-07-27 18:00:22 --> Cart Class Initialized
INFO - 2023-07-27 18:00:35 --> Session: Class initialized using 'CodeIgniter\Session\Handlers\FileHandler' driver.
INFO - 2023-07-27 18:00:35 --> Cart Class Initialized
INFO - 2023-07-27 18:00:48 --> Session: Class initialized using 'CodeIgniter\Session\Handlers\FileHandler' driver.
INFO - 2023-07-27 18:00:48 --> Cart Class Initialized
INFO - 2023-07-27 18:00:50 --> Session: Class initialized using 'CodeIgniter\Session\Handlers\FileHandler' driver.
INFO - 2023-07-27 18:00:50 --> Cart Class Initialized
INFO - 2023-07-27 18:01:04 --> Session: Class initialized using 'CodeIgniter\Session\Handlers\FileHandler' driver.
INFO - 2023-07-27 18:01:04 --> Cart Class Initialized
INFO - 2023-07-27 18:01:10 --> Session: Class initialized using 'CodeIgniter\Session\Handlers\FileHandler' driver.
INFO - 2023-07-27 18:01:10 --> Cart Class Initialized
INFO - 2023-07-27 18:01:42 --> Session: Class initialized using 'CodeIgniter\Session\Handlers\FileHandler' driver.
INFO - 2023-07-27 18:01:42 --> Cart Class Initialized
INFO - 2023-07-27 18:01:44 --> Session: Class initialized using 'CodeIgniter\Session\Handlers\FileHandler' driver.
INFO - 2023-07-27 18:01:44 --> Cart Class Initialized
INFO - 2023-07-27 18:01:48 --> Session: Class initialized using 'CodeIgniter\Session\Handlers\FileHandler' driver.
INFO - 2023-07-27 18:01:48 --> Cart Class Initialized
INFO - 2023-07-27 18:02:30 --> Session: Class initialized using 'CodeIgniter\Session\Handlers\FileHandler' driver.
INFO - 2023-07-27 18:02:30 --> Cart Class Initialized
INFO - 2023-07-27 18:02:31 --> Session: Class initialized using 'CodeIgniter\Session\Handlers\FileHandler' driver.
INFO - 2023-07-27 18:02:31 --> Cart Class Initialized
INFO - 2023-07-27 18:02:36 --> Session: Class initialized using 'CodeIgniter\Session\Handlers\FileHandler' driver.
INFO - 2023-07-27 18:02:36 --> Cart Class Initialized
INFO - 2023-07-27 18:02:57 --> Session: Class initialized using 'CodeIgniter\Session\Handlers\FileHandler' driver.
INFO - 2023-07-27 18:02:57 --> Cart Class Initialized
INFO - 2023-07-27 18:04:15 --> Session: Class initialized using 'CodeIgniter\Session\Handlers\FileHandler' driver.
INFO - 2023-07-27 18:04:15 --> Cart Class Initialized
INFO - 2023-07-27 18:04:16 --> Session: Class initialized using 'CodeIgniter\Session\Handlers\FileHandler' driver.
INFO - 2023-07-27 18:04:16 --> Cart Class Initialized
INFO - 2023-07-27 18:04:37 --> Session: Class initialized using 'CodeIgniter\Session\Handlers\FileHandler' driver.
INFO - 2023-07-27 18:04:37 --> Cart Class Initialized
INFO - 2023-07-27 18:04:51 --> Session: Class initialized using 'CodeIgniter\Session\Handlers\FileHandler' driver.
INFO - 2023-07-27 18:04:51 --> Cart Class Initialized
INFO - 2023-07-27 18:05:50 --> Session: Class initialized using 'CodeIgniter\Session\Handlers\FileHandler' driver.
INFO - 2023-07-27 18:05:50 --> Cart Class Initialized
INFO - 2023-07-27 18:05:55 --> Session: Class initialized using 'CodeIgniter\Session\Handlers\FileHandler' driver.
INFO - 2023-07-27 18:05:55 --> Cart Class Initialized
INFO - 2023-07-27 18:05:59 --> Session: Class initialized using 'CodeIgniter\Session\Handlers\FileHandler' driver.
INFO - 2023-07-27 18:05:59 --> Cart Class Initialized
INFO - 2023-07-27 18:05:59 --> Session: Class initialized using 'CodeIgniter\Session\Handlers\FileHandler' driver.
INFO - 2023-07-27 18:05:59 --> Cart Class Initialized
INFO - 2023-07-27 18:06:01 --> Session: Class initialized using 'CodeIgniter\Session\Handlers\FileHandler' driver.
INFO - 2023-07-27 18:06:01 --> Cart Class Initialized
INFO - 2023-07-27 18:06:02 --> Session: Class initialized using 'CodeIgniter\Session\Handlers\FileHandler' driver.
INFO - 2023-07-27 18:06:02 --> Cart Class Initialized
INFO - 2023-07-27 18:06:30 --> Session: Class initialized using 'CodeIgniter\Session\Handlers\FileHandler' driver.
INFO - 2023-07-27 18:06:30 --> Cart Class Initialized
INFO - 2023-07-27 18:07:50 --> Session: Class initialized using 'CodeIgniter\Session\Handlers\FileHandler' driver.
INFO - 2023-07-27 18:07:50 --> Cart Class Initialized
INFO - 2023-07-27 18:08:27 --> Session: Class initialized using 'CodeIgniter\Session\Handlers\FileHandler' driver.
INFO - 2023-07-27 18:08:27 --> Cart Class Initialized
INFO - 2023-07-27 18:08:40 --> Session: Class initialized using 'CodeIgniter\Session\Handlers\FileHandler' driver.
INFO - 2023-07-27 18:08:40 --> Cart Class Initialized
INFO - 2023-07-27 18:08:42 --> Session: Class initialized using 'CodeIgniter\Session\Handlers\FileHandler' driver.
INFO - 2023-07-27 18:08:42 --> Cart Class Initialized
INFO - 2023-07-27 18:09:22 --> Session: Class initialized using 'CodeIgniter\Session\Handlers\FileHandler' driver.
INFO - 2023-07-27 18:09:22 --> Cart Class Initialized
INFO - 2023-07-27 18:11:01 --> Session: Class initialized using 'CodeIgniter\Session\Handlers\FileHandler' driver.
INFO - 2023-07-27 18:11:01 --> Cart Class Initialized
INFO - 2023-07-27 18:12:52 --> Session: Class initialized using 'CodeIgniter\Session\Handlers\FileHandler' driver.
INFO - 2023-07-27 18:12:52 --> Cart Class Initialized
INFO - 2023-07-27 18:13:41 --> Session: Class initialized using 'CodeIgniter\Session\Handlers\FileHandler' driver.
INFO - 2023-07-27 18:13:41 --> Cart Class Initialized
INFO - 2023-07-27 18:15:30 --> Session: Class initialized using 'CodeIgniter\Session\Handlers\FileHandler' driver.
INFO - 2023-07-27 18:15:30 --> Cart Class Initialized
INFO - 2023-07-27 18:18:43 --> Session: Class initialized using 'CodeIgniter\Session\Handlers\FileHandler' driver.
INFO - 2023-07-27 18:18:43 --> Cart Class Initialized
INFO - 2023-07-27 18:21:20 --> Session: Class initialized using 'CodeIgniter\Session\Handlers\FileHandler' driver.
INFO - 2023-07-27 18:21:20 --> Cart Class Initialized
INFO - 2023-07-27 18:21:37 --> Session: Class initialized using 'CodeIgniter\Session\Handlers\FileHandler' driver.
INFO - 2023-07-27 18:21:37 --> Cart Class Initialized
INFO - 2023-07-27 18:24:29 --> Session: Class initialized using 'CodeIgniter\Session\Handlers\FileHandler' driver.
INFO - 2023-07-27 18:24:29 --> Cart Class Initialized
INFO - 2023-07-27 18:24:39 --> Session: Class initialized using 'CodeIgniter\Session\Handlers\FileHandler' driver.
INFO - 2023-07-27 18:24:39 --> Cart Class Initialized
INFO - 2023-07-27 18:27:38 --> Session: Class initialized using 'CodeIgniter\Session\Handlers\FileHandler' driver.
INFO - 2023-07-27 18:27:38 --> Cart Class Initialized
INFO - 2023-07-27 18:28:23 --> Session: Class initialized using 'CodeIgniter\Session\Handlers\FileHandler' driver.
INFO - 2023-07-27 18:28:23 --> Cart Class Initialized
INFO - 2023-07-27 18:28:39 --> Session: Class initialized using 'CodeIgniter\Session\Handlers\FileHandler' driver.
INFO - 2023-07-27 18:28:39 --> Cart Class Initialized
INFO - 2023-07-27 18:34:10 --> Session: Class initialized using 'CodeIgniter\Session\Handlers\FileHandler' driver.
INFO - 2023-07-27 18:34:10 --> Cart Class Initialized
INFO - 2023-07-27 18:36:12 --> Session: Class initialized using 'CodeIgniter\Session\Handlers\FileHandler' driver.
INFO - 2023-07-27 18:36:22 --> Session: Class initialized using 'CodeIgniter\Session\Handlers\FileHandler' driver.
INFO - 2023-07-27 18:36:22 --> Cart Class Initialized
INFO - 2023-07-27 18:37:19 --> Session: Class initialized using 'CodeIgniter\Session\Handlers\FileHandler' driver.
INFO - 2023-07-27 18:37:19 --> Cart Class Initialized
INFO - 2023-07-27 18:40:36 --> Session: Class initialized using 'CodeIgniter\Session\Handlers\FileHandler' driver.
INFO - 2023-07-27 18:40:36 --> Cart Class Initialized
INFO - 2023-07-27 20:14:23 --> Session: Class initialized using 'CodeIgniter\Session\Handlers\FileHandler' driver.
INFO - 2023-07-27 20:14:23 --> Cart Class Initialized
INFO - 2023-07-27 20:18:49 --> Session: Class initialized using 'CodeIgniter\Session\Handlers\FileHandler' driver.
INFO - 2023-07-27 20:18:49 --> Cart Class Initialized
INFO - 2023-07-27 20:18:58 --> Session: Class initialized using 'CodeIgniter\Session\Handlers\FileHandler' driver.
INFO - 2023-07-27 20:18:58 --> Cart Class Initialized
INFO - 2023-07-27 20:19:12 --> Session: Class initialized using 'CodeIgniter\Session\Handlers\FileHandler' driver.
INFO - 2023-07-27 20:19:12 --> Cart Class Initialized
INFO - 2023-07-27 20:19:20 --> Session: Class initialized using 'CodeIgniter\Session\Handlers\FileHandler' driver.
INFO - 2023-07-27 20:19:20 --> Cart Class Initialized
INFO - 2023-07-27 20:19:28 --> Session: Class initialized using 'CodeIgniter\Session\Handlers\FileHandler' driver.
INFO - 2023-07-27 20:19:28 --> Cart Class Initialized
INFO - 2023-07-27 20:19:37 --> Session: Class initialized using 'CodeIgniter\Session\Handlers\FileHandler' driver.
INFO - 2023-07-27 20:19:37 --> Cart Class Initialized
INFO - 2023-07-27 20:20:08 --> Session: Class initialized using 'CodeIgniter\Session\Handlers\FileHandler' driver.
INFO - 2023-07-27 20:20:08 --> Cart Class Initialized
INFO - 2023-07-27 20:20:17 --> Session: Class initialized using 'CodeIgniter\Session\Handlers\FileHandler' driver.
INFO - 2023-07-27 20:20:17 --> Cart Class Initialized
INFO - 2023-07-27 20:20:20 --> Session: Class initialized using 'CodeIgniter\Session\Handlers\FileHandler' driver.
INFO - 2023-07-27 20:20:20 --> Cart Class Initialized
INFO - 2023-07-27 20:20:50 --> Session: Class initialized using 'CodeIgniter\Session\Handlers\FileHandler' driver.
INFO - 2023-07-27 20:20:50 --> Cart Class Initialized
INFO - 2023-07-27 20:20:55 --> Session: Class initialized using 'CodeIgniter\Session\Handlers\FileHandler' driver.
INFO - 2023-07-27 20:20:55 --> Cart Class Initialized
INFO - 2023-07-27 22:24:09 --> Session: Class initialized using 'CodeIgniter\Session\Handlers\FileHandler' driver.
INFO - 2023-07-27 22:24:09 --> Cart Class Initialized
