CRITICAL - 2023-06-08 11:48:48 --> syntax error, unexpected floating-point number ".1", expecting ")"
in APPPATH\Controllers\Fund_report.php on line 188.
 1 SYSTEMPATH\Autoloader\Autoloader.php(289): CodeIgniter\Autoloader\Autoloader->includeFile('C:\\xampp\\htdocs\\codeigniter4-new\\app\\Controllers\\Fund_report.php')
 2 SYSTEMPATH\Autoloader\Autoloader.php(267): CodeIgniter\Autoloader\Autoloader->loadInNamespace('App\\Controllers\\Fund_report')
 3 [internal function]: CodeIgniter\Autoloader\Autoloader->loadClass('App\\Controllers\\Fund_report')
 4 SYSTEMPATH\CodeIgniter.php(892): class_exists('\\App\\Controllers\\Fund_report', true)
 5 SYSTEMPATH\CodeIgniter.php(486): CodeIgniter\CodeIgniter->startController()
 6 SYSTEMPATH\CodeIgniter.php(368): CodeIgniter\CodeIgniter->handleRequest(null, Object(Config\Cache), false)
 7 FCPATH\index.php(67): CodeIgniter\CodeIgniter->run()
CRITICAL - 2023-06-08 11:49:41 --> syntax error, unexpected floating-point number ".1", expecting ")"
in APPPATH\Controllers\Fund_report.php on line 188.
 1 SYSTEMPATH\Autoloader\Autoloader.php(289): CodeIgniter\Autoloader\Autoloader->includeFile('C:\\xampp\\htdocs\\codeigniter4-new\\app\\Controllers\\Fund_report.php')
 2 SYSTEMPATH\Autoloader\Autoloader.php(267): CodeIgniter\Autoloader\Autoloader->loadInNamespace('App\\Controllers\\Fund_report')
 3 [internal function]: CodeIgniter\Autoloader\Autoloader->loadClass('App\\Controllers\\Fund_report')
 4 SYSTEMPATH\CodeIgniter.php(892): class_exists('\\App\\Controllers\\Fund_report', true)
 5 SYSTEMPATH\CodeIgniter.php(486): CodeIgniter\CodeIgniter->startController()
 6 SYSTEMPATH\CodeIgniter.php(368): CodeIgniter\CodeIgniter->handleRequest(null, Object(Config\Cache), false)
 7 FCPATH\index.php(67): CodeIgniter\CodeIgniter->run()
INFO - 2023-06-08 11:50:39 --> Session: Class initialized using 'CodeIgniter\Session\Handlers\FileHandler' driver.
CRITICAL - 2023-06-08 11:50:39 --> PhpOffice\PhpSpreadsheet\Worksheet\Worksheet::setCellValue(): Argument #3 ($binder) must be of type ?PhpOffice\PhpSpreadsheet\Cell\IValueBinder, int given, called in C:\xampp\htdocs\codeigniter4-new\app\Controllers\Fund_report.php on line 188
in VENDORPATH\phpoffice\phpspreadsheet\src\PhpSpreadsheet\Worksheet\Worksheet.php on line 1167.
 1 APPPATH\Controllers\Fund_report.php(188): PhpOffice\PhpSpreadsheet\Worksheet\Worksheet->setCellValue('A', '1', 1)
 2 SYSTEMPATH\CodeIgniter.php(934): App\Controllers\Fund_report->testExcel()
 3 SYSTEMPATH\CodeIgniter.php(499): CodeIgniter\CodeIgniter->runController(Object(App\Controllers\Fund_report))
 4 SYSTEMPATH\CodeIgniter.php(368): CodeIgniter\CodeIgniter->handleRequest(null, Object(Config\Cache), false)
 5 FCPATH\index.php(67): CodeIgniter\CodeIgniter->run()
INFO - 2023-06-08 11:51:18 --> Session: Class initialized using 'CodeIgniter\Session\Handlers\FileHandler' driver.
INFO - 2023-06-08 11:51:46 --> Session: Class initialized using 'CodeIgniter\Session\Handlers\FileHandler' driver.
INFO - 2023-06-08 11:51:58 --> Session: Class initialized using 'CodeIgniter\Session\Handlers\FileHandler' driver.
INFO - 2023-06-08 12:33:34 --> Session: Class initialized using 'CodeIgniter\Session\Handlers\FileHandler' driver.
CRITICAL - 2023-06-08 12:33:34 --> Invalid file: "pdf-view.php"
in SYSTEMPATH\Exceptions\FrameworkException.php on line 33.
 1 SYSTEMPATH\View\View.php(201): CodeIgniter\Exceptions\FrameworkException::forInvalidFile('pdf-view.php')
 2 SYSTEMPATH\Common.php(1184): CodeIgniter\View\View->render('pdf-view', [], true)
 3 APPPATH\Controllers\Fund_report.php(203): view('pdf-view')
 4 SYSTEMPATH\CodeIgniter.php(934): App\Controllers\Fund_report->testPDF()
 5 SYSTEMPATH\CodeIgniter.php(499): CodeIgniter\CodeIgniter->runController(Object(App\Controllers\Fund_report))
 6 SYSTEMPATH\CodeIgniter.php(368): CodeIgniter\CodeIgniter->handleRequest(null, Object(Config\Cache), false)
 7 FCPATH\index.php(67): CodeIgniter\CodeIgniter->run()
INFO - 2023-06-08 12:34:33 --> Session: Class initialized using 'CodeIgniter\Session\Handlers\FileHandler' driver.
