INFO - 2023-09-28 15:34:35 --> Session: Class initialized using 'CodeIgniter\Session\Handlers\FileHandler' driver.
CRITICAL - 2023-09-28 15:34:37 --> Cannot use object of type stdClass as array
in APPPATH/Controllers/Frontend.php on line 255.
 1 SYSTEMPATH/CodeIgniter.php(934): App\Controllers\Frontend->odk_api()
 2 SYSTEMPATH/CodeIgniter.php(499): CodeIgniter\CodeIgniter->runController()
 3 SYSTEMPATH/CodeIgniter.php(368): CodeIgniter\CodeIgniter->handleRequest()
 4 FCPATH/index.php(67): CodeIgniter\CodeIgniter->run()
INFO - 2023-09-28 15:41:01 --> Session: Class initialized using 'CodeIgniter\Session\Handlers\FileHandler' driver.
CRITICAL - 2023-09-28 15:41:03 --> Cannot use object of type stdClass as array
in APPPATH/Controllers/Frontend.php on line 255.
 1 SYSTEMPATH/CodeIgniter.php(934): App\Controllers\Frontend->odk_api()
 2 SYSTEMPATH/CodeIgniter.php(499): CodeIgniter\CodeIgniter->runController()
 3 SYSTEMPATH/CodeIgniter.php(368): CodeIgniter\CodeIgniter->handleRequest()
 4 FCPATH/index.php(67): CodeIgniter\CodeIgniter->run()
INFO - 2023-09-28 15:41:05 --> Session: Class initialized using 'CodeIgniter\Session\Handlers\FileHandler' driver.
CRITICAL - 2023-09-28 15:41:07 --> Cannot use object of type stdClass as array
in APPPATH/Controllers/Frontend.php on line 255.
 1 SYSTEMPATH/CodeIgniter.php(934): App\Controllers\Frontend->odk_api()
 2 SYSTEMPATH/CodeIgniter.php(499): CodeIgniter\CodeIgniter->runController()
 3 SYSTEMPATH/CodeIgniter.php(368): CodeIgniter\CodeIgniter->handleRequest()
 4 FCPATH/index.php(67): CodeIgniter\CodeIgniter->run()
INFO - 2023-09-28 15:41:30 --> Session: Class initialized using 'CodeIgniter\Session\Handlers\FileHandler' driver.
CRITICAL - 2023-09-28 15:41:32 --> Cannot use object of type stdClass as array
in APPPATH/Controllers/Frontend.php on line 255.
 1 SYSTEMPATH/CodeIgniter.php(934): App\Controllers\Frontend->odk_api()
 2 SYSTEMPATH/CodeIgniter.php(499): CodeIgniter\CodeIgniter->runController()
 3 SYSTEMPATH/CodeIgniter.php(368): CodeIgniter\CodeIgniter->handleRequest()
 4 FCPATH/index.php(67): CodeIgniter\CodeIgniter->run()
INFO - 2023-09-28 15:41:34 --> Session: Class initialized using 'CodeIgniter\Session\Handlers\FileHandler' driver.
CRITICAL - 2023-09-28 15:41:36 --> Cannot use object of type stdClass as array
in APPPATH/Controllers/Frontend.php on line 255.
 1 SYSTEMPATH/CodeIgniter.php(934): App\Controllers\Frontend->odk_api()
 2 SYSTEMPATH/CodeIgniter.php(499): CodeIgniter\CodeIgniter->runController()
 3 SYSTEMPATH/CodeIgniter.php(368): CodeIgniter\CodeIgniter->handleRequest()
 4 FCPATH/index.php(67): CodeIgniter\CodeIgniter->run()
INFO - 2023-09-28 15:41:48 --> Session: Class initialized using 'CodeIgniter\Session\Handlers\FileHandler' driver.
CRITICAL - 2023-09-28 15:41:50 --> Cannot use object of type stdClass as array
in APPPATH/Controllers/Frontend.php on line 255.
 1 SYSTEMPATH/CodeIgniter.php(934): App\Controllers\Frontend->odk_api()
 2 SYSTEMPATH/CodeIgniter.php(499): CodeIgniter\CodeIgniter->runController()
 3 SYSTEMPATH/CodeIgniter.php(368): CodeIgniter\CodeIgniter->handleRequest()
 4 FCPATH/index.php(67): CodeIgniter\CodeIgniter->run()
INFO - 2023-09-28 15:42:12 --> Session: Class initialized using 'CodeIgniter\Session\Handlers\FileHandler' driver.
INFO - 2023-09-28 15:43:21 --> Session: Class initialized using 'CodeIgniter\Session\Handlers\FileHandler' driver.
CRITICAL - 2023-09-28 15:43:23 --> Cannot use object of type stdClass as array
in APPPATH/Controllers/Frontend.php on line 255.
 1 SYSTEMPATH/CodeIgniter.php(934): App\Controllers\Frontend->odk_api()
 2 SYSTEMPATH/CodeIgniter.php(499): CodeIgniter\CodeIgniter->runController()
 3 SYSTEMPATH/CodeIgniter.php(368): CodeIgniter\CodeIgniter->handleRequest()
 4 FCPATH/index.php(67): CodeIgniter\CodeIgniter->run()
INFO - 2023-09-28 15:46:50 --> Session: Class initialized using 'CodeIgniter\Session\Handlers\FileHandler' driver.
INFO - 2023-09-28 15:56:47 --> Session: Class initialized using 'CodeIgniter\Session\Handlers\FileHandler' driver.
CRITICAL - 2023-09-28 15:56:49 --> Undefined property: App\Controllers\Frontend::$[{"projectId":1,"xmlFormId":"tutorial_xlsform","state":"open","enketoId":"1GFwMNejOfWtMW1p6i7nePY1CW3T7Sm","enketoOnceId":"c9ad4bdde600e2f66b84040d18d561315182171aa279efb95335f0bc5de2d8f0","createdAt":"2023-09-08T10:54:01.843Z","updatedAt":"2023-09-08T10:56:54.138Z","keyId":null,"version":"","hash":"62f8eec3ae49ce643f70a435015ce748","sha":"2644d5776f7db9c4d2e5d496bfb5dff3bb849edd","sha256":"872551fad704f62c284857dd9142d72e31df1dbab5468b9006156ade8a2c1fec","draftToken":null,"publishedAt":"2023-09-08T10:54:28.620Z","name":"Tutorial XLSForm"},{"projectId":1,"xmlFormId":"odk","state":"open","enketoId":"9hjge0S8Q38zY8ATAcc0bqzghIZw7iT","enketoOnceId":"99b6a7a1bda2c2b2df5bd3ff5002a060394ca85ba4c485072a2c44100f560dc4","createdAt":"2023-09-08T11:48:41.225Z","updatedAt":"2023-09-08T11:51:40.087Z","keyId":null,"version":"V1","hash":"1638b173b7c43814adf844502a4ed80f","sha":"1b7b5efd705dbf0fda723bf7534aadcbceb70c4c","sha256":"c034981467ad85f205843124bb166df2105e60cdef7e7a948f3bbf909465c0ee","draftToken":null,"publishedAt":"2023-09-08T11:51:06.997Z","name":"Website Survey"}]
in APPPATH/Controllers/Frontend.php on line 349.
 1 APPPATH/Controllers/Frontend.php(349): CodeIgniter\Debug\Exceptions->errorHandler()
 2 SYSTEMPATH/CodeIgniter.php(934): App\Controllers\Frontend->odk_api()
 3 SYSTEMPATH/CodeIgniter.php(499): CodeIgniter\CodeIgniter->runController()
 4 SYSTEMPATH/CodeIgniter.php(368): CodeIgniter\CodeIgniter->handleRequest()
 5 FCPATH/index.php(67): CodeIgniter\CodeIgniter->run()
INFO - 2023-09-28 15:56:49 --> Session: Class initialized using 'CodeIgniter\Session\Handlers\FileHandler' driver.
CRITICAL - 2023-09-28 15:56:51 --> Undefined property: App\Controllers\Frontend::$[{"projectId":1,"xmlFormId":"tutorial_xlsform","state":"open","enketoId":"1GFwMNejOfWtMW1p6i7nePY1CW3T7Sm","enketoOnceId":"c9ad4bdde600e2f66b84040d18d561315182171aa279efb95335f0bc5de2d8f0","createdAt":"2023-09-08T10:54:01.843Z","updatedAt":"2023-09-08T10:56:54.138Z","keyId":null,"version":"","hash":"62f8eec3ae49ce643f70a435015ce748","sha":"2644d5776f7db9c4d2e5d496bfb5dff3bb849edd","sha256":"872551fad704f62c284857dd9142d72e31df1dbab5468b9006156ade8a2c1fec","draftToken":null,"publishedAt":"2023-09-08T10:54:28.620Z","name":"Tutorial XLSForm"},{"projectId":1,"xmlFormId":"odk","state":"open","enketoId":"9hjge0S8Q38zY8ATAcc0bqzghIZw7iT","enketoOnceId":"99b6a7a1bda2c2b2df5bd3ff5002a060394ca85ba4c485072a2c44100f560dc4","createdAt":"2023-09-08T11:48:41.225Z","updatedAt":"2023-09-08T11:51:40.087Z","keyId":null,"version":"V1","hash":"1638b173b7c43814adf844502a4ed80f","sha":"1b7b5efd705dbf0fda723bf7534aadcbceb70c4c","sha256":"c034981467ad85f205843124bb166df2105e60cdef7e7a948f3bbf909465c0ee","draftToken":null,"publishedAt":"2023-09-08T11:51:06.997Z","name":"Website Survey"}]
in APPPATH/Controllers/Frontend.php on line 349.
 1 APPPATH/Controllers/Frontend.php(349): CodeIgniter\Debug\Exceptions->errorHandler()
 2 SYSTEMPATH/CodeIgniter.php(934): App\Controllers\Frontend->odk_api()
 3 SYSTEMPATH/CodeIgniter.php(499): CodeIgniter\CodeIgniter->runController()
 4 SYSTEMPATH/CodeIgniter.php(368): CodeIgniter\CodeIgniter->handleRequest()
 5 FCPATH/index.php(67): CodeIgniter\CodeIgniter->run()
INFO - 2023-09-28 15:56:51 --> Session: Class initialized using 'CodeIgniter\Session\Handlers\FileHandler' driver.
CRITICAL - 2023-09-28 15:56:53 --> Undefined property: App\Controllers\Frontend::$[{"projectId":1,"xmlFormId":"tutorial_xlsform","state":"open","enketoId":"1GFwMNejOfWtMW1p6i7nePY1CW3T7Sm","enketoOnceId":"c9ad4bdde600e2f66b84040d18d561315182171aa279efb95335f0bc5de2d8f0","createdAt":"2023-09-08T10:54:01.843Z","updatedAt":"2023-09-08T10:56:54.138Z","keyId":null,"version":"","hash":"62f8eec3ae49ce643f70a435015ce748","sha":"2644d5776f7db9c4d2e5d496bfb5dff3bb849edd","sha256":"872551fad704f62c284857dd9142d72e31df1dbab5468b9006156ade8a2c1fec","draftToken":null,"publishedAt":"2023-09-08T10:54:28.620Z","name":"Tutorial XLSForm"},{"projectId":1,"xmlFormId":"odk","state":"open","enketoId":"9hjge0S8Q38zY8ATAcc0bqzghIZw7iT","enketoOnceId":"99b6a7a1bda2c2b2df5bd3ff5002a060394ca85ba4c485072a2c44100f560dc4","createdAt":"2023-09-08T11:48:41.225Z","updatedAt":"2023-09-08T11:51:40.087Z","keyId":null,"version":"V1","hash":"1638b173b7c43814adf844502a4ed80f","sha":"1b7b5efd705dbf0fda723bf7534aadcbceb70c4c","sha256":"c034981467ad85f205843124bb166df2105e60cdef7e7a948f3bbf909465c0ee","draftToken":null,"publishedAt":"2023-09-08T11:51:06.997Z","name":"Website Survey"}]
in APPPATH/Controllers/Frontend.php on line 349.
 1 APPPATH/Controllers/Frontend.php(349): CodeIgniter\Debug\Exceptions->errorHandler()
 2 SYSTEMPATH/CodeIgniter.php(934): App\Controllers\Frontend->odk_api()
 3 SYSTEMPATH/CodeIgniter.php(499): CodeIgniter\CodeIgniter->runController()
 4 SYSTEMPATH/CodeIgniter.php(368): CodeIgniter\CodeIgniter->handleRequest()
 5 FCPATH/index.php(67): CodeIgniter\CodeIgniter->run()
INFO - 2023-09-28 15:56:53 --> Session: Class initialized using 'CodeIgniter\Session\Handlers\FileHandler' driver.
CRITICAL - 2023-09-28 15:56:55 --> Undefined property: App\Controllers\Frontend::$[{"projectId":1,"xmlFormId":"tutorial_xlsform","state":"open","enketoId":"1GFwMNejOfWtMW1p6i7nePY1CW3T7Sm","enketoOnceId":"c9ad4bdde600e2f66b84040d18d561315182171aa279efb95335f0bc5de2d8f0","createdAt":"2023-09-08T10:54:01.843Z","updatedAt":"2023-09-08T10:56:54.138Z","keyId":null,"version":"","hash":"62f8eec3ae49ce643f70a435015ce748","sha":"2644d5776f7db9c4d2e5d496bfb5dff3bb849edd","sha256":"872551fad704f62c284857dd9142d72e31df1dbab5468b9006156ade8a2c1fec","draftToken":null,"publishedAt":"2023-09-08T10:54:28.620Z","name":"Tutorial XLSForm"},{"projectId":1,"xmlFormId":"odk","state":"open","enketoId":"9hjge0S8Q38zY8ATAcc0bqzghIZw7iT","enketoOnceId":"99b6a7a1bda2c2b2df5bd3ff5002a060394ca85ba4c485072a2c44100f560dc4","createdAt":"2023-09-08T11:48:41.225Z","updatedAt":"2023-09-08T11:51:40.087Z","keyId":null,"version":"V1","hash":"1638b173b7c43814adf844502a4ed80f","sha":"1b7b5efd705dbf0fda723bf7534aadcbceb70c4c","sha256":"c034981467ad85f205843124bb166df2105e60cdef7e7a948f3bbf909465c0ee","draftToken":null,"publishedAt":"2023-09-08T11:51:06.997Z","name":"Website Survey"}]
in APPPATH/Controllers/Frontend.php on line 349.
 1 APPPATH/Controllers/Frontend.php(349): CodeIgniter\Debug\Exceptions->errorHandler()
 2 SYSTEMPATH/CodeIgniter.php(934): App\Controllers\Frontend->odk_api()
 3 SYSTEMPATH/CodeIgniter.php(499): CodeIgniter\CodeIgniter->runController()
 4 SYSTEMPATH/CodeIgniter.php(368): CodeIgniter\CodeIgniter->handleRequest()
 5 FCPATH/index.php(67): CodeIgniter\CodeIgniter->run()
INFO - 2023-09-28 15:56:55 --> Session: Class initialized using 'CodeIgniter\Session\Handlers\FileHandler' driver.
CRITICAL - 2023-09-28 15:56:56 --> Undefined property: App\Controllers\Frontend::$[{"projectId":1,"xmlFormId":"tutorial_xlsform","state":"open","enketoId":"1GFwMNejOfWtMW1p6i7nePY1CW3T7Sm","enketoOnceId":"c9ad4bdde600e2f66b84040d18d561315182171aa279efb95335f0bc5de2d8f0","createdAt":"2023-09-08T10:54:01.843Z","updatedAt":"2023-09-08T10:56:54.138Z","keyId":null,"version":"","hash":"62f8eec3ae49ce643f70a435015ce748","sha":"2644d5776f7db9c4d2e5d496bfb5dff3bb849edd","sha256":"872551fad704f62c284857dd9142d72e31df1dbab5468b9006156ade8a2c1fec","draftToken":null,"publishedAt":"2023-09-08T10:54:28.620Z","name":"Tutorial XLSForm"},{"projectId":1,"xmlFormId":"odk","state":"open","enketoId":"9hjge0S8Q38zY8ATAcc0bqzghIZw7iT","enketoOnceId":"99b6a7a1bda2c2b2df5bd3ff5002a060394ca85ba4c485072a2c44100f560dc4","createdAt":"2023-09-08T11:48:41.225Z","updatedAt":"2023-09-08T11:51:40.087Z","keyId":null,"version":"V1","hash":"1638b173b7c43814adf844502a4ed80f","sha":"1b7b5efd705dbf0fda723bf7534aadcbceb70c4c","sha256":"c034981467ad85f205843124bb166df2105e60cdef7e7a948f3bbf909465c0ee","draftToken":null,"publishedAt":"2023-09-08T11:51:06.997Z","name":"Website Survey"}]
in APPPATH/Controllers/Frontend.php on line 349.
 1 APPPATH/Controllers/Frontend.php(349): CodeIgniter\Debug\Exceptions->errorHandler()
 2 SYSTEMPATH/CodeIgniter.php(934): App\Controllers\Frontend->odk_api()
 3 SYSTEMPATH/CodeIgniter.php(499): CodeIgniter\CodeIgniter->runController()
 4 SYSTEMPATH/CodeIgniter.php(368): CodeIgniter\CodeIgniter->handleRequest()
 5 FCPATH/index.php(67): CodeIgniter\CodeIgniter->run()
INFO - 2023-09-28 15:57:24 --> Session: Class initialized using 'CodeIgniter\Session\Handlers\FileHandler' driver.
CRITICAL - 2023-09-28 15:57:25 --> Undefined property: App\Controllers\Frontend::$[{"projectId":1,"xmlFormId":"tutorial_xlsform","state":"open","enketoId":"1GFwMNejOfWtMW1p6i7nePY1CW3T7Sm","enketoOnceId":"c9ad4bdde600e2f66b84040d18d561315182171aa279efb95335f0bc5de2d8f0","createdAt":"2023-09-08T10:54:01.843Z","updatedAt":"2023-09-08T10:56:54.138Z","keyId":null,"version":"","hash":"62f8eec3ae49ce643f70a435015ce748","sha":"2644d5776f7db9c4d2e5d496bfb5dff3bb849edd","sha256":"872551fad704f62c284857dd9142d72e31df1dbab5468b9006156ade8a2c1fec","draftToken":null,"publishedAt":"2023-09-08T10:54:28.620Z","name":"Tutorial XLSForm"},{"projectId":1,"xmlFormId":"odk","state":"open","enketoId":"9hjge0S8Q38zY8ATAcc0bqzghIZw7iT","enketoOnceId":"99b6a7a1bda2c2b2df5bd3ff5002a060394ca85ba4c485072a2c44100f560dc4","createdAt":"2023-09-08T11:48:41.225Z","updatedAt":"2023-09-08T11:51:40.087Z","keyId":null,"version":"V1","hash":"1638b173b7c43814adf844502a4ed80f","sha":"1b7b5efd705dbf0fda723bf7534aadcbceb70c4c","sha256":"c034981467ad85f205843124bb166df2105e60cdef7e7a948f3bbf909465c0ee","draftToken":null,"publishedAt":"2023-09-08T11:51:06.997Z","name":"Website Survey"}]
in APPPATH/Controllers/Frontend.php on line 349.
 1 APPPATH/Controllers/Frontend.php(349): CodeIgniter\Debug\Exceptions->errorHandler()
 2 SYSTEMPATH/CodeIgniter.php(934): App\Controllers\Frontend->odk_api()
 3 SYSTEMPATH/CodeIgniter.php(499): CodeIgniter\CodeIgniter->runController()
 4 SYSTEMPATH/CodeIgniter.php(368): CodeIgniter\CodeIgniter->handleRequest()
 5 FCPATH/index.php(67): CodeIgniter\CodeIgniter->run()
INFO - 2023-09-28 15:58:12 --> Session: Class initialized using 'CodeIgniter\Session\Handlers\FileHandler' driver.
CRITICAL - 2023-09-28 15:58:14 --> Unsupported operand types: string + array
in APPPATH/Controllers/Frontend.php on line 351.
 1 SYSTEMPATH/CodeIgniter.php(934): App\Controllers\Frontend->odk_api()
 2 SYSTEMPATH/CodeIgniter.php(499): CodeIgniter\CodeIgniter->runController()
 3 SYSTEMPATH/CodeIgniter.php(368): CodeIgniter\CodeIgniter->handleRequest()
 4 FCPATH/index.php(67): CodeIgniter\CodeIgniter->run()
INFO - 2023-09-28 15:58:41 --> Session: Class initialized using 'CodeIgniter\Session\Handlers\FileHandler' driver.
CRITICAL - 2023-09-28 15:58:43 --> Array to string conversion
in APPPATH/Controllers/Frontend.php on line 351.
 1 APPPATH/Controllers/Frontend.php(351): CodeIgniter\Debug\Exceptions->errorHandler()
 2 SYSTEMPATH/CodeIgniter.php(934): App\Controllers\Frontend->odk_api()
 3 SYSTEMPATH/CodeIgniter.php(499): CodeIgniter\CodeIgniter->runController()
 4 SYSTEMPATH/CodeIgniter.php(368): CodeIgniter\CodeIgniter->handleRequest()
 5 FCPATH/index.php(67): CodeIgniter\CodeIgniter->run()
INFO - 2023-09-28 15:59:01 --> Session: Class initialized using 'CodeIgniter\Session\Handlers\FileHandler' driver.
INFO - 2023-09-28 15:59:03 --> Cart Class Initialized
INFO - 2023-09-28 16:00:17 --> Session: Class initialized using 'CodeIgniter\Session\Handlers\FileHandler' driver.
INFO - 2023-09-28 16:00:19 --> Cart Class Initialized
INFO - 2023-09-28 16:01:11 --> Session: Class initialized using 'CodeIgniter\Session\Handlers\FileHandler' driver.
INFO - 2023-09-28 16:01:13 --> Cart Class Initialized
INFO - 2023-09-28 16:01:18 --> Session: Class initialized using 'CodeIgniter\Session\Handlers\FileHandler' driver.
INFO - 2023-09-28 16:01:20 --> Cart Class Initialized
INFO - 2023-09-28 16:01:25 --> Session: Class initialized using 'CodeIgniter\Session\Handlers\FileHandler' driver.
INFO - 2023-09-28 16:01:27 --> Cart Class Initialized
INFO - 2023-09-28 16:01:45 --> Session: Class initialized using 'CodeIgniter\Session\Handlers\FileHandler' driver.
INFO - 2023-09-28 16:02:57 --> Session: Class initialized using 'CodeIgniter\Session\Handlers\FileHandler' driver.
INFO - 2023-09-28 16:03:02 --> Session: Class initialized using 'CodeIgniter\Session\Handlers\FileHandler' driver.
INFO - 2023-09-28 16:03:10 --> Session: Class initialized using 'CodeIgniter\Session\Handlers\FileHandler' driver.
INFO - 2023-09-28 16:03:22 --> Session: Class initialized using 'CodeIgniter\Session\Handlers\FileHandler' driver.
CRITICAL - 2023-09-28 16:03:23 --> Cannot use object of type stdClass as array
in APPPATH/Views/frontend/odktest.php on line 48.
 1 SYSTEMPATH/View/View.php(213): include()
 2 SYSTEMPATH/View/View.php(216): CodeIgniter\View\View->CodeIgniter\View\{closure}()
 3 SYSTEMPATH/Common.php(1184): CodeIgniter\View\View->render()
 4 APPPATH/Controllers/Frontend.php(354): view()
 5 SYSTEMPATH/CodeIgniter.php(934): App\Controllers\Frontend->odk_api()
 6 SYSTEMPATH/CodeIgniter.php(499): CodeIgniter\CodeIgniter->runController()
 7 SYSTEMPATH/CodeIgniter.php(368): CodeIgniter\CodeIgniter->handleRequest()
 8 FCPATH/index.php(67): CodeIgniter\CodeIgniter->run()
INFO - 2023-09-28 16:03:53 --> Session: Class initialized using 'CodeIgniter\Session\Handlers\FileHandler' driver.
CRITICAL - 2023-09-28 16:03:55 --> Undefined variable $cdate
in APPPATH/Views/frontend/odktest.php on line 52.
 1 APPPATH/Views/frontend/odktest.php(52): CodeIgniter\Debug\Exceptions->errorHandler()
 2 SYSTEMPATH/View/View.php(213): include('/home/b33pwn0pw6vx/public_html/niua/app/Views/frontend/odktest.php')
 3 SYSTEMPATH/View/View.php(216): CodeIgniter\View\View->CodeIgniter\View\{closure}()
 4 SYSTEMPATH/Common.php(1184): CodeIgniter\View\View->render()
 5 APPPATH/Controllers/Frontend.php(354): view()
 6 SYSTEMPATH/CodeIgniter.php(934): App\Controllers\Frontend->odk_api()
 7 SYSTEMPATH/CodeIgniter.php(499): CodeIgniter\CodeIgniter->runController()
 8 SYSTEMPATH/CodeIgniter.php(368): CodeIgniter\CodeIgniter->handleRequest()
 9 FCPATH/index.php(67): CodeIgniter\CodeIgniter->run()
INFO - 2023-09-28 16:04:16 --> Session: Class initialized using 'CodeIgniter\Session\Handlers\FileHandler' driver.
CRITICAL - 2023-09-28 16:04:18 --> Cannot use object of type stdClass as array
in APPPATH/Views/frontend/odktest.php on line 54.
 1 SYSTEMPATH/View/View.php(213): include()
 2 SYSTEMPATH/View/View.php(216): CodeIgniter\View\View->CodeIgniter\View\{closure}()
 3 SYSTEMPATH/Common.php(1184): CodeIgniter\View\View->render()
 4 APPPATH/Controllers/Frontend.php(354): view()
 5 SYSTEMPATH/CodeIgniter.php(934): App\Controllers\Frontend->odk_api()
 6 SYSTEMPATH/CodeIgniter.php(499): CodeIgniter\CodeIgniter->runController()
 7 SYSTEMPATH/CodeIgniter.php(368): CodeIgniter\CodeIgniter->handleRequest()
 8 FCPATH/index.php(67): CodeIgniter\CodeIgniter->run()
INFO - 2023-09-28 16:05:06 --> Session: Class initialized using 'CodeIgniter\Session\Handlers\FileHandler' driver.
INFO - 2023-09-28 16:05:31 --> Session: Class initialized using 'CodeIgniter\Session\Handlers\FileHandler' driver.
INFO - 2023-09-28 16:10:31 --> Session: Class initialized using 'CodeIgniter\Session\Handlers\FileHandler' driver.
INFO - 2023-09-28 16:10:35 --> Session: Class initialized using 'CodeIgniter\Session\Handlers\FileHandler' driver.
INFO - 2023-09-28 16:10:43 --> Session: Class initialized using 'CodeIgniter\Session\Handlers\FileHandler' driver.
CRITICAL - 2023-09-28 16:10:45 --> Cannot use object of type stdClass as array
in APPPATH/Views/frontend/odktest.php on line 57.
 1 SYSTEMPATH/View/View.php(213): include()
 2 SYSTEMPATH/View/View.php(216): CodeIgniter\View\View->CodeIgniter\View\{closure}()
 3 SYSTEMPATH/Common.php(1184): CodeIgniter\View\View->render()
 4 APPPATH/Controllers/Frontend.php(354): view()
 5 SYSTEMPATH/CodeIgniter.php(934): App\Controllers\Frontend->odk_api()
 6 SYSTEMPATH/CodeIgniter.php(499): CodeIgniter\CodeIgniter->runController()
 7 SYSTEMPATH/CodeIgniter.php(368): CodeIgniter\CodeIgniter->handleRequest()
 8 FCPATH/index.php(67): CodeIgniter\CodeIgniter->run()
INFO - 2023-09-28 16:11:00 --> Session: Class initialized using 'CodeIgniter\Session\Handlers\FileHandler' driver.
INFO - 2023-09-28 16:11:19 --> Session: Class initialized using 'CodeIgniter\Session\Handlers\FileHandler' driver.
INFO - 2023-09-28 16:11:24 --> Session: Class initialized using 'CodeIgniter\Session\Handlers\FileHandler' driver.
INFO - 2023-09-28 16:11:33 --> Session: Class initialized using 'CodeIgniter\Session\Handlers\FileHandler' driver.
INFO - 2023-09-28 16:11:48 --> Session: Class initialized using 'CodeIgniter\Session\Handlers\FileHandler' driver.
CRITICAL - 2023-09-28 16:11:50 --> Cannot use object of type stdClass as array
in APPPATH/Views/frontend/odktest.php on line 57.
 1 SYSTEMPATH/View/View.php(213): include()
 2 SYSTEMPATH/View/View.php(216): CodeIgniter\View\View->CodeIgniter\View\{closure}()
 3 SYSTEMPATH/Common.php(1184): CodeIgniter\View\View->render()
 4 APPPATH/Controllers/Frontend.php(354): view()
 5 SYSTEMPATH/CodeIgniter.php(934): App\Controllers\Frontend->odk_api()
 6 SYSTEMPATH/CodeIgniter.php(499): CodeIgniter\CodeIgniter->runController()
 7 SYSTEMPATH/CodeIgniter.php(368): CodeIgniter\CodeIgniter->handleRequest()
 8 FCPATH/index.php(67): CodeIgniter\CodeIgniter->run()
INFO - 2023-09-28 16:11:55 --> Session: Class initialized using 'CodeIgniter\Session\Handlers\FileHandler' driver.
CRITICAL - 2023-09-28 16:11:57 --> Cannot use object of type stdClass as array
in APPPATH/Views/frontend/odktest.php on line 57.
 1 SYSTEMPATH/View/View.php(213): include()
 2 SYSTEMPATH/View/View.php(216): CodeIgniter\View\View->CodeIgniter\View\{closure}()
 3 SYSTEMPATH/Common.php(1184): CodeIgniter\View\View->render()
 4 APPPATH/Controllers/Frontend.php(354): view()
 5 SYSTEMPATH/CodeIgniter.php(934): App\Controllers\Frontend->odk_api()
 6 SYSTEMPATH/CodeIgniter.php(499): CodeIgniter\CodeIgniter->runController()
 7 SYSTEMPATH/CodeIgniter.php(368): CodeIgniter\CodeIgniter->handleRequest()
 8 FCPATH/index.php(67): CodeIgniter\CodeIgniter->run()
INFO - 2023-09-28 16:12:03 --> Session: Class initialized using 'CodeIgniter\Session\Handlers\FileHandler' driver.
CRITICAL - 2023-09-28 16:12:05 --> Cannot use object of type stdClass as array
in APPPATH/Views/frontend/odktest.php on line 57.
 1 SYSTEMPATH/View/View.php(213): include()
 2 SYSTEMPATH/View/View.php(216): CodeIgniter\View\View->CodeIgniter\View\{closure}()
 3 SYSTEMPATH/Common.php(1184): CodeIgniter\View\View->render()
 4 APPPATH/Controllers/Frontend.php(354): view()
 5 SYSTEMPATH/CodeIgniter.php(934): App\Controllers\Frontend->odk_api()
 6 SYSTEMPATH/CodeIgniter.php(499): CodeIgniter\CodeIgniter->runController()
 7 SYSTEMPATH/CodeIgniter.php(368): CodeIgniter\CodeIgniter->handleRequest()
 8 FCPATH/index.php(67): CodeIgniter\CodeIgniter->run()
INFO - 2023-09-28 16:12:05 --> Session: Class initialized using 'CodeIgniter\Session\Handlers\FileHandler' driver.
CRITICAL - 2023-09-28 16:12:06 --> Cannot use object of type stdClass as array
in APPPATH/Views/frontend/odktest.php on line 57.
 1 SYSTEMPATH/View/View.php(213): include()
 2 SYSTEMPATH/View/View.php(216): CodeIgniter\View\View->CodeIgniter\View\{closure}()
 3 SYSTEMPATH/Common.php(1184): CodeIgniter\View\View->render()
 4 APPPATH/Controllers/Frontend.php(354): view()
 5 SYSTEMPATH/CodeIgniter.php(934): App\Controllers\Frontend->odk_api()
 6 SYSTEMPATH/CodeIgniter.php(499): CodeIgniter\CodeIgniter->runController()
 7 SYSTEMPATH/CodeIgniter.php(368): CodeIgniter\CodeIgniter->handleRequest()
 8 FCPATH/index.php(67): CodeIgniter\CodeIgniter->run()
INFO - 2023-09-28 16:13:02 --> Session: Class initialized using 'CodeIgniter\Session\Handlers\FileHandler' driver.
CRITICAL - 2023-09-28 16:13:04 --> Trying to access array offset on value of type null
in APPPATH/Views/backend/partials/top_header.php on line 25.
 1 APPPATH/Views/backend/partials/top_header.php(25): CodeIgniter\Debug\Exceptions->errorHandler()
 2 SYSTEMPATH/View/View.php(213): include('/home/b33pwn0pw6vx/public_html/niua/app/Views/backend/partials/top_header.php')
 3 SYSTEMPATH/View/View.php(216): CodeIgniter\View\View->CodeIgniter\View\{closure}()
 4 SYSTEMPATH/Common.php(1184): CodeIgniter\View\View->render()
 5 APPPATH/Views/backend/app.php(57): view()
 6 SYSTEMPATH/View/View.php(213): include('/home/b33pwn0pw6vx/public_html/niua/app/Views/backend/app.php')
 7 SYSTEMPATH/View/View.php(216): CodeIgniter\View\View->CodeIgniter\View\{closure}()
 8 SYSTEMPATH/View/View.php(229): CodeIgniter\View\View->render()
 9 SYSTEMPATH/Common.php(1184): CodeIgniter\View\View->render()
10 APPPATH/Controllers/Frontend.php(354): view()
11 SYSTEMPATH/CodeIgniter.php(934): App\Controllers\Frontend->odk_api()
12 SYSTEMPATH/CodeIgniter.php(499): CodeIgniter\CodeIgniter->runController()
13 SYSTEMPATH/CodeIgniter.php(368): CodeIgniter\CodeIgniter->handleRequest()
14 FCPATH/index.php(67): CodeIgniter\CodeIgniter->run()
INFO - 2023-09-28 16:13:53 --> Session: Class initialized using 'CodeIgniter\Session\Handlers\FileHandler' driver.
CRITICAL - 2023-09-28 16:13:55 --> Trying to access array offset on value of type null
in APPPATH/Views/backend/partials/top_header.php on line 25.
 1 APPPATH/Views/backend/partials/top_header.php(25): CodeIgniter\Debug\Exceptions->errorHandler()
 2 SYSTEMPATH/View/View.php(213): include('/home/b33pwn0pw6vx/public_html/niua/app/Views/backend/partials/top_header.php')
 3 SYSTEMPATH/View/View.php(216): CodeIgniter\View\View->CodeIgniter\View\{closure}()
 4 SYSTEMPATH/Common.php(1184): CodeIgniter\View\View->render()
 5 APPPATH/Views/backend/app.php(57): view()
 6 SYSTEMPATH/View/View.php(213): include('/home/b33pwn0pw6vx/public_html/niua/app/Views/backend/app.php')
 7 SYSTEMPATH/View/View.php(216): CodeIgniter\View\View->CodeIgniter\View\{closure}()
 8 SYSTEMPATH/View/View.php(229): CodeIgniter\View\View->render()
 9 SYSTEMPATH/Common.php(1184): CodeIgniter\View\View->render()
10 APPPATH/Controllers/Frontend.php(354): view()
11 SYSTEMPATH/CodeIgniter.php(934): App\Controllers\Frontend->odk_api()
12 SYSTEMPATH/CodeIgniter.php(499): CodeIgniter\CodeIgniter->runController()
13 SYSTEMPATH/CodeIgniter.php(368): CodeIgniter\CodeIgniter->handleRequest()
14 FCPATH/index.php(67): CodeIgniter\CodeIgniter->run()
INFO - 2023-09-28 16:14:06 --> Session: Class initialized using 'CodeIgniter\Session\Handlers\FileHandler' driver.
INFO - 2023-09-28 16:18:54 --> Session: Class initialized using 'CodeIgniter\Session\Handlers\FileHandler' driver.
CRITICAL - 2023-09-28 16:18:56 --> Trying to access array offset on value of type null
in APPPATH/Views/backend/partials/top_header.php on line 25.
 1 APPPATH/Views/backend/partials/top_header.php(25): CodeIgniter\Debug\Exceptions->errorHandler()
 2 SYSTEMPATH/View/View.php(213): include('/home/b33pwn0pw6vx/public_html/niua/app/Views/backend/partials/top_header.php')
 3 SYSTEMPATH/View/View.php(216): CodeIgniter\View\View->CodeIgniter\View\{closure}()
 4 SYSTEMPATH/Common.php(1184): CodeIgniter\View\View->render()
 5 APPPATH/Views/backend/app.php(57): view()
 6 SYSTEMPATH/View/View.php(213): include('/home/b33pwn0pw6vx/public_html/niua/app/Views/backend/app.php')
 7 SYSTEMPATH/View/View.php(216): CodeIgniter\View\View->CodeIgniter\View\{closure}()
 8 SYSTEMPATH/View/View.php(229): CodeIgniter\View\View->render()
 9 SYSTEMPATH/Common.php(1184): CodeIgniter\View\View->render()
10 APPPATH/Controllers/Frontend.php(354): view()
11 SYSTEMPATH/CodeIgniter.php(934): App\Controllers\Frontend->odk_api()
12 SYSTEMPATH/CodeIgniter.php(499): CodeIgniter\CodeIgniter->runController()
13 SYSTEMPATH/CodeIgniter.php(368): CodeIgniter\CodeIgniter->handleRequest()
14 FCPATH/index.php(67): CodeIgniter\CodeIgniter->run()
INFO - 2023-09-28 16:19:19 --> Session: Class initialized using 'CodeIgniter\Session\Handlers\FileHandler' driver.
INFO - 2023-09-28 16:24:46 --> Session: Class initialized using 'CodeIgniter\Session\Handlers\FileHandler' driver.
INFO - 2023-09-28 16:26:11 --> Session: Class initialized using 'CodeIgniter\Session\Handlers\FileHandler' driver.
INFO - 2023-09-28 16:26:48 --> Session: Class initialized using 'CodeIgniter\Session\Handlers\FileHandler' driver.
INFO - 2023-09-28 16:28:10 --> Session: Class initialized using 'CodeIgniter\Session\Handlers\FileHandler' driver.
INFO - 2023-09-28 16:28:52 --> Session: Class initialized using 'CodeIgniter\Session\Handlers\FileHandler' driver.
INFO - 2023-09-28 16:30:47 --> Session: Class initialized using 'CodeIgniter\Session\Handlers\FileHandler' driver.
CRITICAL - 2023-09-28 16:30:49 --> Trying to access array offset on value of type null
in APPPATH/Views/backend/partials/top_header.php on line 25.
 1 APPPATH/Views/backend/partials/top_header.php(25): CodeIgniter\Debug\Exceptions->errorHandler()
 2 SYSTEMPATH/View/View.php(213): include('/home/b33pwn0pw6vx/public_html/niua/app/Views/backend/partials/top_header.php')
 3 SYSTEMPATH/View/View.php(216): CodeIgniter\View\View->CodeIgniter\View\{closure}()
 4 SYSTEMPATH/Common.php(1184): CodeIgniter\View\View->render()
 5 APPPATH/Views/backend/app.php(57): view()
 6 SYSTEMPATH/View/View.php(213): include('/home/b33pwn0pw6vx/public_html/niua/app/Views/backend/app.php')
 7 SYSTEMPATH/View/View.php(216): CodeIgniter\View\View->CodeIgniter\View\{closure}()
 8 SYSTEMPATH/View/View.php(229): CodeIgniter\View\View->render()
 9 SYSTEMPATH/Common.php(1184): CodeIgniter\View\View->render()
10 APPPATH/Controllers/Frontend.php(354): view()
11 SYSTEMPATH/CodeIgniter.php(934): App\Controllers\Frontend->odk_api()
12 SYSTEMPATH/CodeIgniter.php(499): CodeIgniter\CodeIgniter->runController()
13 SYSTEMPATH/CodeIgniter.php(368): CodeIgniter\CodeIgniter->handleRequest()
14 FCPATH/index.php(67): CodeIgniter\CodeIgniter->run()
INFO - 2023-09-28 16:33:36 --> Session: Class initialized using 'CodeIgniter\Session\Handlers\FileHandler' driver.
INFO - 2023-09-28 16:33:38 --> Session: Class initialized using 'CodeIgniter\Session\Handlers\FileHandler' driver.
INFO - 2023-09-28 16:33:39 --> Session: Class initialized using 'CodeIgniter\Session\Handlers\FileHandler' driver.
INFO - 2023-09-28 16:34:52 --> Session: Class initialized using 'CodeIgniter\Session\Handlers\FileHandler' driver.
CRITICAL - 2023-09-28 16:34:54 --> Trying to access array offset on value of type null
in APPPATH/Views/backend/partials/top_header.php on line 25.
 1 APPPATH/Views/backend/partials/top_header.php(25): CodeIgniter\Debug\Exceptions->errorHandler()
 2 SYSTEMPATH/View/View.php(213): include('/home/b33pwn0pw6vx/public_html/niua/app/Views/backend/partials/top_header.php')
 3 SYSTEMPATH/View/View.php(216): CodeIgniter\View\View->CodeIgniter\View\{closure}()
 4 SYSTEMPATH/Common.php(1184): CodeIgniter\View\View->render()
 5 APPPATH/Views/backend/app.php(57): view()
 6 SYSTEMPATH/View/View.php(213): include('/home/b33pwn0pw6vx/public_html/niua/app/Views/backend/app.php')
 7 SYSTEMPATH/View/View.php(216): CodeIgniter\View\View->CodeIgniter\View\{closure}()
 8 SYSTEMPATH/View/View.php(229): CodeIgniter\View\View->render()
 9 SYSTEMPATH/Common.php(1184): CodeIgniter\View\View->render()
10 APPPATH/Controllers/Frontend.php(354): view()
11 SYSTEMPATH/CodeIgniter.php(934): App\Controllers\Frontend->odk_api()
12 SYSTEMPATH/CodeIgniter.php(499): CodeIgniter\CodeIgniter->runController()
13 SYSTEMPATH/CodeIgniter.php(368): CodeIgniter\CodeIgniter->handleRequest()
14 FCPATH/index.php(67): CodeIgniter\CodeIgniter->run()
INFO - 2023-09-28 16:35:01 --> Session: Class initialized using 'CodeIgniter\Session\Handlers\FileHandler' driver.
CRITICAL - 2023-09-28 16:35:03 --> Trying to access array offset on value of type null
in APPPATH/Views/backend/partials/top_header.php on line 25.
 1 APPPATH/Views/backend/partials/top_header.php(25): CodeIgniter\Debug\Exceptions->errorHandler()
 2 SYSTEMPATH/View/View.php(213): include('/home/b33pwn0pw6vx/public_html/niua/app/Views/backend/partials/top_header.php')
 3 SYSTEMPATH/View/View.php(216): CodeIgniter\View\View->CodeIgniter\View\{closure}()
 4 SYSTEMPATH/Common.php(1184): CodeIgniter\View\View->render()
 5 APPPATH/Views/backend/app.php(57): view()
 6 SYSTEMPATH/View/View.php(213): include('/home/b33pwn0pw6vx/public_html/niua/app/Views/backend/app.php')
 7 SYSTEMPATH/View/View.php(216): CodeIgniter\View\View->CodeIgniter\View\{closure}()
 8 SYSTEMPATH/View/View.php(229): CodeIgniter\View\View->render()
 9 SYSTEMPATH/Common.php(1184): CodeIgniter\View\View->render()
10 APPPATH/Controllers/Frontend.php(354): view()
11 SYSTEMPATH/CodeIgniter.php(934): App\Controllers\Frontend->odk_api()
12 SYSTEMPATH/CodeIgniter.php(499): CodeIgniter\CodeIgniter->runController()
13 SYSTEMPATH/CodeIgniter.php(368): CodeIgniter\CodeIgniter->handleRequest()
14 FCPATH/index.php(67): CodeIgniter\CodeIgniter->run()
INFO - 2023-09-28 16:37:00 --> Session: Class initialized using 'CodeIgniter\Session\Handlers\FileHandler' driver.
CRITICAL - 2023-09-28 16:37:02 --> Trying to access array offset on value of type null
in APPPATH/Views/backend/partials/top_header.php on line 25.
 1 APPPATH/Views/backend/partials/top_header.php(25): CodeIgniter\Debug\Exceptions->errorHandler()
 2 SYSTEMPATH/View/View.php(213): include('/home/b33pwn0pw6vx/public_html/niua/app/Views/backend/partials/top_header.php')
 3 SYSTEMPATH/View/View.php(216): CodeIgniter\View\View->CodeIgniter\View\{closure}()
 4 SYSTEMPATH/Common.php(1184): CodeIgniter\View\View->render()
 5 APPPATH/Views/backend/app.php(57): view()
 6 SYSTEMPATH/View/View.php(213): include('/home/b33pwn0pw6vx/public_html/niua/app/Views/backend/app.php')
 7 SYSTEMPATH/View/View.php(216): CodeIgniter\View\View->CodeIgniter\View\{closure}()
 8 SYSTEMPATH/View/View.php(229): CodeIgniter\View\View->render()
 9 SYSTEMPATH/Common.php(1184): CodeIgniter\View\View->render()
10 APPPATH/Controllers/Frontend.php(354): view()
11 SYSTEMPATH/CodeIgniter.php(934): App\Controllers\Frontend->odk_api()
12 SYSTEMPATH/CodeIgniter.php(499): CodeIgniter\CodeIgniter->runController()
13 SYSTEMPATH/CodeIgniter.php(368): CodeIgniter\CodeIgniter->handleRequest()
14 FCPATH/index.php(67): CodeIgniter\CodeIgniter->run()
INFO - 2023-09-28 16:37:48 --> Session: Class initialized using 'CodeIgniter\Session\Handlers\FileHandler' driver.
INFO - 2023-09-28 16:38:55 --> Session: Class initialized using 'CodeIgniter\Session\Handlers\FileHandler' driver.
CRITICAL - 2023-09-28 16:38:57 --> Trying to access array offset on value of type null
in APPPATH/Views/backend/partials/top_header.php on line 25.
 1 APPPATH/Views/backend/partials/top_header.php(25): CodeIgniter\Debug\Exceptions->errorHandler()
 2 SYSTEMPATH/View/View.php(213): include('/home/b33pwn0pw6vx/public_html/niua/app/Views/backend/partials/top_header.php')
 3 SYSTEMPATH/View/View.php(216): CodeIgniter\View\View->CodeIgniter\View\{closure}()
 4 SYSTEMPATH/Common.php(1184): CodeIgniter\View\View->render()
 5 APPPATH/Views/backend/app.php(57): view()
 6 SYSTEMPATH/View/View.php(213): include('/home/b33pwn0pw6vx/public_html/niua/app/Views/backend/app.php')
 7 SYSTEMPATH/View/View.php(216): CodeIgniter\View\View->CodeIgniter\View\{closure}()
 8 SYSTEMPATH/View/View.php(229): CodeIgniter\View\View->render()
 9 SYSTEMPATH/Common.php(1184): CodeIgniter\View\View->render()
10 APPPATH/Controllers/Frontend.php(354): view()
11 SYSTEMPATH/CodeIgniter.php(934): App\Controllers\Frontend->odk_api()
12 SYSTEMPATH/CodeIgniter.php(499): CodeIgniter\CodeIgniter->runController()
13 SYSTEMPATH/CodeIgniter.php(368): CodeIgniter\CodeIgniter->handleRequest()
14 FCPATH/index.php(67): CodeIgniter\CodeIgniter->run()
INFO - 2023-09-28 16:40:17 --> Session: Class initialized using 'CodeIgniter\Session\Handlers\FileHandler' driver.
CRITICAL - 2023-09-28 16:40:18 --> Trying to access array offset on value of type null
in APPPATH/Views/backend/partials/top_header.php on line 25.
 1 APPPATH/Views/backend/partials/top_header.php(25): CodeIgniter\Debug\Exceptions->errorHandler()
 2 SYSTEMPATH/View/View.php(213): include('/home/b33pwn0pw6vx/public_html/niua/app/Views/backend/partials/top_header.php')
 3 SYSTEMPATH/View/View.php(216): CodeIgniter\View\View->CodeIgniter\View\{closure}()
 4 SYSTEMPATH/Common.php(1184): CodeIgniter\View\View->render()
 5 APPPATH/Views/backend/app.php(57): view()
 6 SYSTEMPATH/View/View.php(213): include('/home/b33pwn0pw6vx/public_html/niua/app/Views/backend/app.php')
 7 SYSTEMPATH/View/View.php(216): CodeIgniter\View\View->CodeIgniter\View\{closure}()
 8 SYSTEMPATH/View/View.php(229): CodeIgniter\View\View->render()
 9 SYSTEMPATH/Common.php(1184): CodeIgniter\View\View->render()
10 APPPATH/Controllers/Frontend.php(354): view()
11 SYSTEMPATH/CodeIgniter.php(934): App\Controllers\Frontend->odk_api()
12 SYSTEMPATH/CodeIgniter.php(499): CodeIgniter\CodeIgniter->runController()
13 SYSTEMPATH/CodeIgniter.php(368): CodeIgniter\CodeIgniter->handleRequest()
14 FCPATH/index.php(67): CodeIgniter\CodeIgniter->run()
INFO - 2023-09-28 16:40:22 --> Session: Class initialized using 'CodeIgniter\Session\Handlers\FileHandler' driver.
CRITICAL - 2023-09-28 16:40:24 --> Trying to access array offset on value of type null
in APPPATH/Views/backend/partials/top_header.php on line 25.
 1 APPPATH/Views/backend/partials/top_header.php(25): CodeIgniter\Debug\Exceptions->errorHandler()
 2 SYSTEMPATH/View/View.php(213): include('/home/b33pwn0pw6vx/public_html/niua/app/Views/backend/partials/top_header.php')
 3 SYSTEMPATH/View/View.php(216): CodeIgniter\View\View->CodeIgniter\View\{closure}()
 4 SYSTEMPATH/Common.php(1184): CodeIgniter\View\View->render()
 5 APPPATH/Views/backend/app.php(57): view()
 6 SYSTEMPATH/View/View.php(213): include('/home/b33pwn0pw6vx/public_html/niua/app/Views/backend/app.php')
 7 SYSTEMPATH/View/View.php(216): CodeIgniter\View\View->CodeIgniter\View\{closure}()
 8 SYSTEMPATH/View/View.php(229): CodeIgniter\View\View->render()
 9 SYSTEMPATH/Common.php(1184): CodeIgniter\View\View->render()
10 APPPATH/Controllers/Frontend.php(354): view()
11 SYSTEMPATH/CodeIgniter.php(934): App\Controllers\Frontend->odk_api()
12 SYSTEMPATH/CodeIgniter.php(499): CodeIgniter\CodeIgniter->runController()
13 SYSTEMPATH/CodeIgniter.php(368): CodeIgniter\CodeIgniter->handleRequest()
14 FCPATH/index.php(67): CodeIgniter\CodeIgniter->run()
INFO - 2023-09-28 16:41:22 --> Session: Class initialized using 'CodeIgniter\Session\Handlers\FileHandler' driver.
CRITICAL - 2023-09-28 16:41:23 --> Trying to access array offset on value of type null
in APPPATH/Views/backend/partials/top_header.php on line 25.
 1 APPPATH/Views/backend/partials/top_header.php(25): CodeIgniter\Debug\Exceptions->errorHandler()
 2 SYSTEMPATH/View/View.php(213): include('/home/b33pwn0pw6vx/public_html/niua/app/Views/backend/partials/top_header.php')
 3 SYSTEMPATH/View/View.php(216): CodeIgniter\View\View->CodeIgniter\View\{closure}()
 4 SYSTEMPATH/Common.php(1184): CodeIgniter\View\View->render()
 5 APPPATH/Views/backend/app.php(57): view()
 6 SYSTEMPATH/View/View.php(213): include('/home/b33pwn0pw6vx/public_html/niua/app/Views/backend/app.php')
 7 SYSTEMPATH/View/View.php(216): CodeIgniter\View\View->CodeIgniter\View\{closure}()
 8 SYSTEMPATH/View/View.php(229): CodeIgniter\View\View->render()
 9 SYSTEMPATH/Common.php(1184): CodeIgniter\View\View->render()
10 APPPATH/Controllers/Frontend.php(354): view()
11 SYSTEMPATH/CodeIgniter.php(934): App\Controllers\Frontend->odk_api()
12 SYSTEMPATH/CodeIgniter.php(499): CodeIgniter\CodeIgniter->runController()
13 SYSTEMPATH/CodeIgniter.php(368): CodeIgniter\CodeIgniter->handleRequest()
14 FCPATH/index.php(67): CodeIgniter\CodeIgniter->run()
INFO - 2023-09-28 16:41:23 --> Session: Class initialized using 'CodeIgniter\Session\Handlers\FileHandler' driver.
CRITICAL - 2023-09-28 16:41:25 --> Trying to access array offset on value of type null
in APPPATH/Views/backend/partials/top_header.php on line 25.
 1 APPPATH/Views/backend/partials/top_header.php(25): CodeIgniter\Debug\Exceptions->errorHandler()
 2 SYSTEMPATH/View/View.php(213): include('/home/b33pwn0pw6vx/public_html/niua/app/Views/backend/partials/top_header.php')
 3 SYSTEMPATH/View/View.php(216): CodeIgniter\View\View->CodeIgniter\View\{closure}()
 4 SYSTEMPATH/Common.php(1184): CodeIgniter\View\View->render()
 5 APPPATH/Views/backend/app.php(57): view()
 6 SYSTEMPATH/View/View.php(213): include('/home/b33pwn0pw6vx/public_html/niua/app/Views/backend/app.php')
 7 SYSTEMPATH/View/View.php(216): CodeIgniter\View\View->CodeIgniter\View\{closure}()
 8 SYSTEMPATH/View/View.php(229): CodeIgniter\View\View->render()
 9 SYSTEMPATH/Common.php(1184): CodeIgniter\View\View->render()
10 APPPATH/Controllers/Frontend.php(354): view()
11 SYSTEMPATH/CodeIgniter.php(934): App\Controllers\Frontend->odk_api()
12 SYSTEMPATH/CodeIgniter.php(499): CodeIgniter\CodeIgniter->runController()
13 SYSTEMPATH/CodeIgniter.php(368): CodeIgniter\CodeIgniter->handleRequest()
14 FCPATH/index.php(67): CodeIgniter\CodeIgniter->run()
INFO - 2023-09-28 16:41:25 --> Session: Class initialized using 'CodeIgniter\Session\Handlers\FileHandler' driver.
CRITICAL - 2023-09-28 16:41:27 --> Trying to access array offset on value of type null
in APPPATH/Views/backend/partials/top_header.php on line 25.
 1 APPPATH/Views/backend/partials/top_header.php(25): CodeIgniter\Debug\Exceptions->errorHandler()
 2 SYSTEMPATH/View/View.php(213): include('/home/b33pwn0pw6vx/public_html/niua/app/Views/backend/partials/top_header.php')
 3 SYSTEMPATH/View/View.php(216): CodeIgniter\View\View->CodeIgniter\View\{closure}()
 4 SYSTEMPATH/Common.php(1184): CodeIgniter\View\View->render()
 5 APPPATH/Views/backend/app.php(57): view()
 6 SYSTEMPATH/View/View.php(213): include('/home/b33pwn0pw6vx/public_html/niua/app/Views/backend/app.php')
 7 SYSTEMPATH/View/View.php(216): CodeIgniter\View\View->CodeIgniter\View\{closure}()
 8 SYSTEMPATH/View/View.php(229): CodeIgniter\View\View->render()
 9 SYSTEMPATH/Common.php(1184): CodeIgniter\View\View->render()
10 APPPATH/Controllers/Frontend.php(354): view()
11 SYSTEMPATH/CodeIgniter.php(934): App\Controllers\Frontend->odk_api()
12 SYSTEMPATH/CodeIgniter.php(499): CodeIgniter\CodeIgniter->runController()
13 SYSTEMPATH/CodeIgniter.php(368): CodeIgniter\CodeIgniter->handleRequest()
14 FCPATH/index.php(67): CodeIgniter\CodeIgniter->run()
INFO - 2023-09-28 16:42:01 --> Session: Class initialized using 'CodeIgniter\Session\Handlers\FileHandler' driver.
CRITICAL - 2023-09-28 16:42:02 --> Trying to access array offset on value of type null
in APPPATH/Views/backend/partials/top_header.php on line 25.
 1 APPPATH/Views/backend/partials/top_header.php(25): CodeIgniter\Debug\Exceptions->errorHandler()
 2 SYSTEMPATH/View/View.php(213): include('/home/b33pwn0pw6vx/public_html/niua/app/Views/backend/partials/top_header.php')
 3 SYSTEMPATH/View/View.php(216): CodeIgniter\View\View->CodeIgniter\View\{closure}()
 4 SYSTEMPATH/Common.php(1184): CodeIgniter\View\View->render()
 5 APPPATH/Views/backend/app.php(57): view()
 6 SYSTEMPATH/View/View.php(213): include('/home/b33pwn0pw6vx/public_html/niua/app/Views/backend/app.php')
 7 SYSTEMPATH/View/View.php(216): CodeIgniter\View\View->CodeIgniter\View\{closure}()
 8 SYSTEMPATH/View/View.php(229): CodeIgniter\View\View->render()
 9 SYSTEMPATH/Common.php(1184): CodeIgniter\View\View->render()
10 APPPATH/Controllers/Frontend.php(354): view()
11 SYSTEMPATH/CodeIgniter.php(934): App\Controllers\Frontend->odk_api()
12 SYSTEMPATH/CodeIgniter.php(499): CodeIgniter\CodeIgniter->runController()
13 SYSTEMPATH/CodeIgniter.php(368): CodeIgniter\CodeIgniter->handleRequest()
14 FCPATH/index.php(67): CodeIgniter\CodeIgniter->run()
INFO - 2023-09-28 16:42:13 --> Session: Class initialized using 'CodeIgniter\Session\Handlers\FileHandler' driver.
CRITICAL - 2023-09-28 16:42:15 --> Trying to access array offset on value of type null
in APPPATH/Views/backend/partials/top_header.php on line 25.
 1 APPPATH/Views/backend/partials/top_header.php(25): CodeIgniter\Debug\Exceptions->errorHandler()
 2 SYSTEMPATH/View/View.php(213): include('/home/b33pwn0pw6vx/public_html/niua/app/Views/backend/partials/top_header.php')
 3 SYSTEMPATH/View/View.php(216): CodeIgniter\View\View->CodeIgniter\View\{closure}()
 4 SYSTEMPATH/Common.php(1184): CodeIgniter\View\View->render()
 5 APPPATH/Views/backend/app.php(57): view()
 6 SYSTEMPATH/View/View.php(213): include('/home/b33pwn0pw6vx/public_html/niua/app/Views/backend/app.php')
 7 SYSTEMPATH/View/View.php(216): CodeIgniter\View\View->CodeIgniter\View\{closure}()
 8 SYSTEMPATH/View/View.php(229): CodeIgniter\View\View->render()
 9 SYSTEMPATH/Common.php(1184): CodeIgniter\View\View->render()
10 APPPATH/Controllers/Frontend.php(354): view()
11 SYSTEMPATH/CodeIgniter.php(934): App\Controllers\Frontend->odk_api()
12 SYSTEMPATH/CodeIgniter.php(499): CodeIgniter\CodeIgniter->runController()
13 SYSTEMPATH/CodeIgniter.php(368): CodeIgniter\CodeIgniter->handleRequest()
14 FCPATH/index.php(67): CodeIgniter\CodeIgniter->run()
INFO - 2023-09-28 16:42:20 --> Session: Class initialized using 'CodeIgniter\Session\Handlers\FileHandler' driver.
CRITICAL - 2023-09-28 16:42:22 --> Trying to access array offset on value of type null
in APPPATH/Views/backend/partials/top_header.php on line 25.
 1 APPPATH/Views/backend/partials/top_header.php(25): CodeIgniter\Debug\Exceptions->errorHandler()
 2 SYSTEMPATH/View/View.php(213): include('/home/b33pwn0pw6vx/public_html/niua/app/Views/backend/partials/top_header.php')
 3 SYSTEMPATH/View/View.php(216): CodeIgniter\View\View->CodeIgniter\View\{closure}()
 4 SYSTEMPATH/Common.php(1184): CodeIgniter\View\View->render()
 5 APPPATH/Views/backend/app.php(57): view()
 6 SYSTEMPATH/View/View.php(213): include('/home/b33pwn0pw6vx/public_html/niua/app/Views/backend/app.php')
 7 SYSTEMPATH/View/View.php(216): CodeIgniter\View\View->CodeIgniter\View\{closure}()
 8 SYSTEMPATH/View/View.php(229): CodeIgniter\View\View->render()
 9 SYSTEMPATH/Common.php(1184): CodeIgniter\View\View->render()
10 APPPATH/Controllers/Frontend.php(354): view()
11 SYSTEMPATH/CodeIgniter.php(934): App\Controllers\Frontend->odk_api()
12 SYSTEMPATH/CodeIgniter.php(499): CodeIgniter\CodeIgniter->runController()
13 SYSTEMPATH/CodeIgniter.php(368): CodeIgniter\CodeIgniter->handleRequest()
14 FCPATH/index.php(67): CodeIgniter\CodeIgniter->run()
INFO - 2023-09-28 16:42:22 --> Session: Class initialized using 'CodeIgniter\Session\Handlers\FileHandler' driver.
CRITICAL - 2023-09-28 16:42:23 --> Trying to access array offset on value of type null
in APPPATH/Views/backend/partials/top_header.php on line 25.
 1 APPPATH/Views/backend/partials/top_header.php(25): CodeIgniter\Debug\Exceptions->errorHandler()
 2 SYSTEMPATH/View/View.php(213): include('/home/b33pwn0pw6vx/public_html/niua/app/Views/backend/partials/top_header.php')
 3 SYSTEMPATH/View/View.php(216): CodeIgniter\View\View->CodeIgniter\View\{closure}()
 4 SYSTEMPATH/Common.php(1184): CodeIgniter\View\View->render()
 5 APPPATH/Views/backend/app.php(57): view()
 6 SYSTEMPATH/View/View.php(213): include('/home/b33pwn0pw6vx/public_html/niua/app/Views/backend/app.php')
 7 SYSTEMPATH/View/View.php(216): CodeIgniter\View\View->CodeIgniter\View\{closure}()
 8 SYSTEMPATH/View/View.php(229): CodeIgniter\View\View->render()
 9 SYSTEMPATH/Common.php(1184): CodeIgniter\View\View->render()
10 APPPATH/Controllers/Frontend.php(354): view()
11 SYSTEMPATH/CodeIgniter.php(934): App\Controllers\Frontend->odk_api()
12 SYSTEMPATH/CodeIgniter.php(499): CodeIgniter\CodeIgniter->runController()
13 SYSTEMPATH/CodeIgniter.php(368): CodeIgniter\CodeIgniter->handleRequest()
14 FCPATH/index.php(67): CodeIgniter\CodeIgniter->run()
INFO - 2023-09-28 16:42:23 --> Session: Class initialized using 'CodeIgniter\Session\Handlers\FileHandler' driver.
CRITICAL - 2023-09-28 16:42:25 --> Trying to access array offset on value of type null
in APPPATH/Views/backend/partials/top_header.php on line 25.
 1 APPPATH/Views/backend/partials/top_header.php(25): CodeIgniter\Debug\Exceptions->errorHandler()
 2 SYSTEMPATH/View/View.php(213): include('/home/b33pwn0pw6vx/public_html/niua/app/Views/backend/partials/top_header.php')
 3 SYSTEMPATH/View/View.php(216): CodeIgniter\View\View->CodeIgniter\View\{closure}()
 4 SYSTEMPATH/Common.php(1184): CodeIgniter\View\View->render()
 5 APPPATH/Views/backend/app.php(57): view()
 6 SYSTEMPATH/View/View.php(213): include('/home/b33pwn0pw6vx/public_html/niua/app/Views/backend/app.php')
 7 SYSTEMPATH/View/View.php(216): CodeIgniter\View\View->CodeIgniter\View\{closure}()
 8 SYSTEMPATH/View/View.php(229): CodeIgniter\View\View->render()
 9 SYSTEMPATH/Common.php(1184): CodeIgniter\View\View->render()
10 APPPATH/Controllers/Frontend.php(354): view()
11 SYSTEMPATH/CodeIgniter.php(934): App\Controllers\Frontend->odk_api()
12 SYSTEMPATH/CodeIgniter.php(499): CodeIgniter\CodeIgniter->runController()
13 SYSTEMPATH/CodeIgniter.php(368): CodeIgniter\CodeIgniter->handleRequest()
14 FCPATH/index.php(67): CodeIgniter\CodeIgniter->run()
INFO - 2023-09-28 16:42:25 --> Session: Class initialized using 'CodeIgniter\Session\Handlers\FileHandler' driver.
CRITICAL - 2023-09-28 16:42:27 --> Trying to access array offset on value of type null
in APPPATH/Views/backend/partials/top_header.php on line 25.
 1 APPPATH/Views/backend/partials/top_header.php(25): CodeIgniter\Debug\Exceptions->errorHandler()
 2 SYSTEMPATH/View/View.php(213): include('/home/b33pwn0pw6vx/public_html/niua/app/Views/backend/partials/top_header.php')
 3 SYSTEMPATH/View/View.php(216): CodeIgniter\View\View->CodeIgniter\View\{closure}()
 4 SYSTEMPATH/Common.php(1184): CodeIgniter\View\View->render()
 5 APPPATH/Views/backend/app.php(57): view()
 6 SYSTEMPATH/View/View.php(213): include('/home/b33pwn0pw6vx/public_html/niua/app/Views/backend/app.php')
 7 SYSTEMPATH/View/View.php(216): CodeIgniter\View\View->CodeIgniter\View\{closure}()
 8 SYSTEMPATH/View/View.php(229): CodeIgniter\View\View->render()
 9 SYSTEMPATH/Common.php(1184): CodeIgniter\View\View->render()
10 APPPATH/Controllers/Frontend.php(354): view()
11 SYSTEMPATH/CodeIgniter.php(934): App\Controllers\Frontend->odk_api()
12 SYSTEMPATH/CodeIgniter.php(499): CodeIgniter\CodeIgniter->runController()
13 SYSTEMPATH/CodeIgniter.php(368): CodeIgniter\CodeIgniter->handleRequest()
14 FCPATH/index.php(67): CodeIgniter\CodeIgniter->run()
INFO - 2023-09-28 16:42:32 --> Session: Class initialized using 'CodeIgniter\Session\Handlers\FileHandler' driver.
CRITICAL - 2023-09-28 16:42:34 --> Trying to access array offset on value of type null
in APPPATH/Views/backend/partials/top_header.php on line 25.
 1 APPPATH/Views/backend/partials/top_header.php(25): CodeIgniter\Debug\Exceptions->errorHandler()
 2 SYSTEMPATH/View/View.php(213): include('/home/b33pwn0pw6vx/public_html/niua/app/Views/backend/partials/top_header.php')
 3 SYSTEMPATH/View/View.php(216): CodeIgniter\View\View->CodeIgniter\View\{closure}()
 4 SYSTEMPATH/Common.php(1184): CodeIgniter\View\View->render()
 5 APPPATH/Views/backend/app.php(57): view()
 6 SYSTEMPATH/View/View.php(213): include('/home/b33pwn0pw6vx/public_html/niua/app/Views/backend/app.php')
 7 SYSTEMPATH/View/View.php(216): CodeIgniter\View\View->CodeIgniter\View\{closure}()
 8 SYSTEMPATH/View/View.php(229): CodeIgniter\View\View->render()
 9 SYSTEMPATH/Common.php(1184): CodeIgniter\View\View->render()
10 APPPATH/Controllers/Frontend.php(354): view()
11 SYSTEMPATH/CodeIgniter.php(934): App\Controllers\Frontend->odk_api()
12 SYSTEMPATH/CodeIgniter.php(499): CodeIgniter\CodeIgniter->runController()
13 SYSTEMPATH/CodeIgniter.php(368): CodeIgniter\CodeIgniter->handleRequest()
14 FCPATH/index.php(67): CodeIgniter\CodeIgniter->run()
INFO - 2023-09-28 16:43:06 --> Session: Class initialized using 'CodeIgniter\Session\Handlers\FileHandler' driver.
CRITICAL - 2023-09-28 16:43:07 --> Trying to access array offset on value of type null
in APPPATH/Views/backend/partials/top_header.php on line 25.
 1 APPPATH/Views/backend/partials/top_header.php(25): CodeIgniter\Debug\Exceptions->errorHandler()
 2 SYSTEMPATH/View/View.php(213): include('/home/b33pwn0pw6vx/public_html/niua/app/Views/backend/partials/top_header.php')
 3 SYSTEMPATH/View/View.php(216): CodeIgniter\View\View->CodeIgniter\View\{closure}()
 4 SYSTEMPATH/Common.php(1184): CodeIgniter\View\View->render()
 5 APPPATH/Views/backend/app.php(57): view()
 6 SYSTEMPATH/View/View.php(213): include('/home/b33pwn0pw6vx/public_html/niua/app/Views/backend/app.php')
 7 SYSTEMPATH/View/View.php(216): CodeIgniter\View\View->CodeIgniter\View\{closure}()
 8 SYSTEMPATH/View/View.php(229): CodeIgniter\View\View->render()
 9 SYSTEMPATH/Common.php(1184): CodeIgniter\View\View->render()
10 APPPATH/Controllers/Frontend.php(354): view()
11 SYSTEMPATH/CodeIgniter.php(934): App\Controllers\Frontend->odk_api()
12 SYSTEMPATH/CodeIgniter.php(499): CodeIgniter\CodeIgniter->runController()
13 SYSTEMPATH/CodeIgniter.php(368): CodeIgniter\CodeIgniter->handleRequest()
14 FCPATH/index.php(67): CodeIgniter\CodeIgniter->run()
INFO - 2023-09-28 16:46:29 --> Session: Class initialized using 'CodeIgniter\Session\Handlers\FileHandler' driver.
INFO - 2023-09-28 16:47:06 --> Session: Class initialized using 'CodeIgniter\Session\Handlers\FileHandler' driver.
INFO - 2023-09-28 16:47:08 --> Cart Class Initialized
INFO - 2023-09-28 16:47:21 --> Session: Class initialized using 'CodeIgniter\Session\Handlers\FileHandler' driver.
INFO - 2023-09-28 16:47:23 --> Cart Class Initialized
INFO - 2023-09-28 16:47:32 --> Session: Class initialized using 'CodeIgniter\Session\Handlers\FileHandler' driver.
INFO - 2023-09-28 16:47:34 --> Cart Class Initialized
INFO - 2023-09-28 16:48:16 --> Session: Class initialized using 'CodeIgniter\Session\Handlers\FileHandler' driver.
INFO - 2023-09-28 16:49:26 --> Session: Class initialized using 'CodeIgniter\Session\Handlers\FileHandler' driver.
INFO - 2023-09-28 16:50:40 --> Session: Class initialized using 'CodeIgniter\Session\Handlers\FileHandler' driver.
INFO - 2023-09-28 16:51:58 --> Session: Class initialized using 'CodeIgniter\Session\Handlers\FileHandler' driver.
INFO - 2023-09-28 16:52:05 --> Session: Class initialized using 'CodeIgniter\Session\Handlers\FileHandler' driver.
INFO - 2023-09-28 16:52:14 --> Session: Class initialized using 'CodeIgniter\Session\Handlers\FileHandler' driver.
INFO - 2023-09-28 16:52:27 --> Session: Class initialized using 'CodeIgniter\Session\Handlers\FileHandler' driver.
INFO - 2023-09-28 16:52:27 --> Session: Class initialized using 'CodeIgniter\Session\Handlers\FileHandler' driver.
INFO - 2023-09-28 16:52:32 --> Session: Class initialized using 'CodeIgniter\Session\Handlers\FileHandler' driver.
INFO - 2023-09-28 16:52:34 --> Session: Class initialized using 'CodeIgniter\Session\Handlers\FileHandler' driver.
INFO - 2023-09-28 16:52:39 --> Session: Class initialized using 'CodeIgniter\Session\Handlers\FileHandler' driver.
INFO - 2023-09-28 16:52:39 --> Session: Class initialized using 'CodeIgniter\Session\Handlers\FileHandler' driver.
INFO - 2023-09-28 16:59:37 --> Session: Class initialized using 'CodeIgniter\Session\Handlers\FileHandler' driver.
INFO - 2023-09-28 17:01:12 --> Session: Class initialized using 'CodeIgniter\Session\Handlers\FileHandler' driver.
CRITICAL - 2023-09-28 17:01:14 --> Trying to access array offset on value of type null
in APPPATH/Views/backend/partials/top_header.php on line 25.
 1 APPPATH/Views/backend/partials/top_header.php(25): CodeIgniter\Debug\Exceptions->errorHandler()
 2 SYSTEMPATH/View/View.php(213): include('/home/b33pwn0pw6vx/public_html/niua/app/Views/backend/partials/top_header.php')
 3 SYSTEMPATH/View/View.php(216): CodeIgniter\View\View->CodeIgniter\View\{closure}()
 4 SYSTEMPATH/Common.php(1184): CodeIgniter\View\View->render()
 5 APPPATH/Views/backend/app.php(57): view()
 6 SYSTEMPATH/View/View.php(213): include('/home/b33pwn0pw6vx/public_html/niua/app/Views/backend/app.php')
 7 SYSTEMPATH/View/View.php(216): CodeIgniter\View\View->CodeIgniter\View\{closure}()
 8 SYSTEMPATH/View/View.php(229): CodeIgniter\View\View->render()
 9 SYSTEMPATH/Common.php(1184): CodeIgniter\View\View->render()
10 APPPATH/Controllers/Frontend.php(354): view()
11 SYSTEMPATH/CodeIgniter.php(934): App\Controllers\Frontend->odk_api()
12 SYSTEMPATH/CodeIgniter.php(499): CodeIgniter\CodeIgniter->runController()
13 SYSTEMPATH/CodeIgniter.php(368): CodeIgniter\CodeIgniter->handleRequest()
14 FCPATH/index.php(67): CodeIgniter\CodeIgniter->run()
INFO - 2023-09-28 17:02:19 --> Session: Class initialized using 'CodeIgniter\Session\Handlers\FileHandler' driver.
CRITICAL - 2023-09-28 17:02:20 --> Trying to access array offset on value of type null
in APPPATH/Views/backend/partials/top_header.php on line 25.
 1 APPPATH/Views/backend/partials/top_header.php(25): CodeIgniter\Debug\Exceptions->errorHandler()
 2 SYSTEMPATH/View/View.php(213): include('/home/b33pwn0pw6vx/public_html/niua/app/Views/backend/partials/top_header.php')
 3 SYSTEMPATH/View/View.php(216): CodeIgniter\View\View->CodeIgniter\View\{closure}()
 4 SYSTEMPATH/Common.php(1184): CodeIgniter\View\View->render()
 5 APPPATH/Views/backend/app.php(57): view()
 6 SYSTEMPATH/View/View.php(213): include('/home/b33pwn0pw6vx/public_html/niua/app/Views/backend/app.php')
 7 SYSTEMPATH/View/View.php(216): CodeIgniter\View\View->CodeIgniter\View\{closure}()
 8 SYSTEMPATH/View/View.php(229): CodeIgniter\View\View->render()
 9 SYSTEMPATH/Common.php(1184): CodeIgniter\View\View->render()
10 APPPATH/Controllers/Frontend.php(354): view()
11 SYSTEMPATH/CodeIgniter.php(934): App\Controllers\Frontend->odk_api()
12 SYSTEMPATH/CodeIgniter.php(499): CodeIgniter\CodeIgniter->runController()
13 SYSTEMPATH/CodeIgniter.php(368): CodeIgniter\CodeIgniter->handleRequest()
14 FCPATH/index.php(67): CodeIgniter\CodeIgniter->run()
INFO - 2023-09-28 17:05:39 --> Session: Class initialized using 'CodeIgniter\Session\Handlers\FileHandler' driver.
INFO - 2023-09-28 17:05:49 --> Session: Class initialized using 'CodeIgniter\Session\Handlers\FileHandler' driver.
INFO - 2023-09-28 17:05:55 --> Session: Class initialized using 'CodeIgniter\Session\Handlers\FileHandler' driver.
INFO - 2023-09-28 17:06:30 --> Session: Class initialized using 'CodeIgniter\Session\Handlers\FileHandler' driver.
CRITICAL - 2023-09-28 17:06:32 --> Trying to access array offset on value of type null
in APPPATH/Views/backend/partials/top_header.php on line 25.
 1 APPPATH/Views/backend/partials/top_header.php(25): CodeIgniter\Debug\Exceptions->errorHandler()
 2 SYSTEMPATH/View/View.php(213): include('/home/b33pwn0pw6vx/public_html/niua/app/Views/backend/partials/top_header.php')
 3 SYSTEMPATH/View/View.php(216): CodeIgniter\View\View->CodeIgniter\View\{closure}()
 4 SYSTEMPATH/Common.php(1184): CodeIgniter\View\View->render()
 5 APPPATH/Views/backend/app.php(57): view()
 6 SYSTEMPATH/View/View.php(213): include('/home/b33pwn0pw6vx/public_html/niua/app/Views/backend/app.php')
 7 SYSTEMPATH/View/View.php(216): CodeIgniter\View\View->CodeIgniter\View\{closure}()
 8 SYSTEMPATH/View/View.php(229): CodeIgniter\View\View->render()
 9 SYSTEMPATH/Common.php(1184): CodeIgniter\View\View->render()
10 APPPATH/Controllers/Administrator/Admin.php(313): view()
11 SYSTEMPATH/CodeIgniter.php(934): App\Controllers\Administrator\Admin->odk_api()
12 SYSTEMPATH/CodeIgniter.php(499): CodeIgniter\CodeIgniter->runController()
13 SYSTEMPATH/CodeIgniter.php(368): CodeIgniter\CodeIgniter->handleRequest()
14 FCPATH/index.php(67): CodeIgniter\CodeIgniter->run()
INFO - 2023-09-28 17:07:42 --> Session: Class initialized using 'CodeIgniter\Session\Handlers\FileHandler' driver.
INFO - 2023-09-28 17:08:22 --> Session: Class initialized using 'CodeIgniter\Session\Handlers\FileHandler' driver.
CRITICAL - 2023-09-28 17:08:24 --> Trying to access array offset on value of type null
in APPPATH/Views/backend/partials/top_header.php on line 25.
 1 APPPATH/Views/backend/partials/top_header.php(25): CodeIgniter\Debug\Exceptions->errorHandler()
 2 SYSTEMPATH/View/View.php(213): include('/home/b33pwn0pw6vx/public_html/niua/app/Views/backend/partials/top_header.php')
 3 SYSTEMPATH/View/View.php(216): CodeIgniter\View\View->CodeIgniter\View\{closure}()
 4 SYSTEMPATH/Common.php(1184): CodeIgniter\View\View->render()
 5 APPPATH/Views/backend/app.php(57): view()
 6 SYSTEMPATH/View/View.php(213): include('/home/b33pwn0pw6vx/public_html/niua/app/Views/backend/app.php')
 7 SYSTEMPATH/View/View.php(216): CodeIgniter\View\View->CodeIgniter\View\{closure}()
 8 SYSTEMPATH/View/View.php(229): CodeIgniter\View\View->render()
 9 SYSTEMPATH/Common.php(1184): CodeIgniter\View\View->render()
10 APPPATH/Controllers/Administrator/Admin.php(313): view()
11 SYSTEMPATH/CodeIgniter.php(934): App\Controllers\Administrator\Admin->odk_api()
12 SYSTEMPATH/CodeIgniter.php(499): CodeIgniter\CodeIgniter->runController()
13 SYSTEMPATH/CodeIgniter.php(368): CodeIgniter\CodeIgniter->handleRequest()
14 FCPATH/index.php(67): CodeIgniter\CodeIgniter->run()
INFO - 2023-09-28 17:08:26 --> Session: Class initialized using 'CodeIgniter\Session\Handlers\FileHandler' driver.
CRITICAL - 2023-09-28 17:08:28 --> Trying to access array offset on value of type null
in APPPATH/Views/backend/partials/top_header.php on line 25.
 1 APPPATH/Views/backend/partials/top_header.php(25): CodeIgniter\Debug\Exceptions->errorHandler()
 2 SYSTEMPATH/View/View.php(213): include('/home/b33pwn0pw6vx/public_html/niua/app/Views/backend/partials/top_header.php')
 3 SYSTEMPATH/View/View.php(216): CodeIgniter\View\View->CodeIgniter\View\{closure}()
 4 SYSTEMPATH/Common.php(1184): CodeIgniter\View\View->render()
 5 APPPATH/Views/backend/app.php(57): view()
 6 SYSTEMPATH/View/View.php(213): include('/home/b33pwn0pw6vx/public_html/niua/app/Views/backend/app.php')
 7 SYSTEMPATH/View/View.php(216): CodeIgniter\View\View->CodeIgniter\View\{closure}()
 8 SYSTEMPATH/View/View.php(229): CodeIgniter\View\View->render()
 9 SYSTEMPATH/Common.php(1184): CodeIgniter\View\View->render()
10 APPPATH/Controllers/Administrator/Admin.php(313): view()
11 SYSTEMPATH/CodeIgniter.php(934): App\Controllers\Administrator\Admin->odk_api()
12 SYSTEMPATH/CodeIgniter.php(499): CodeIgniter\CodeIgniter->runController()
13 SYSTEMPATH/CodeIgniter.php(368): CodeIgniter\CodeIgniter->handleRequest()
14 FCPATH/index.php(67): CodeIgniter\CodeIgniter->run()
INFO - 2023-09-28 17:12:39 --> Session: Class initialized using 'CodeIgniter\Session\Handlers\FileHandler' driver.
CRITICAL - 2023-09-28 17:12:41 --> Trying to access array offset on value of type null
in APPPATH/Views/backend/partials/top_header.php on line 25.
 1 APPPATH/Views/backend/partials/top_header.php(25): CodeIgniter\Debug\Exceptions->errorHandler()
 2 SYSTEMPATH/View/View.php(213): include('/home/b33pwn0pw6vx/public_html/niua/app/Views/backend/partials/top_header.php')
 3 SYSTEMPATH/View/View.php(216): CodeIgniter\View\View->CodeIgniter\View\{closure}()
 4 SYSTEMPATH/Common.php(1184): CodeIgniter\View\View->render()
 5 APPPATH/Views/backend/app.php(57): view()
 6 SYSTEMPATH/View/View.php(213): include('/home/b33pwn0pw6vx/public_html/niua/app/Views/backend/app.php')
 7 SYSTEMPATH/View/View.php(216): CodeIgniter\View\View->CodeIgniter\View\{closure}()
 8 SYSTEMPATH/View/View.php(229): CodeIgniter\View\View->render()
 9 SYSTEMPATH/Common.php(1184): CodeIgniter\View\View->render()
10 APPPATH/Controllers/Administrator/Admin.php(313): view()
11 SYSTEMPATH/CodeIgniter.php(934): App\Controllers\Administrator\Admin->odk_api()
12 SYSTEMPATH/CodeIgniter.php(499): CodeIgniter\CodeIgniter->runController()
13 SYSTEMPATH/CodeIgniter.php(368): CodeIgniter\CodeIgniter->handleRequest()
14 FCPATH/index.php(67): CodeIgniter\CodeIgniter->run()
INFO - 2023-09-28 17:13:05 --> Session: Class initialized using 'CodeIgniter\Session\Handlers\FileHandler' driver.
CRITICAL - 2023-09-28 17:13:07 --> View themes, no current section.
in SYSTEMPATH/View/View.php on line 394.
 1 APPPATH/Views/backend/odktest.php(2): CodeIgniter\View\View->endSection()
 2 SYSTEMPATH/View/View.php(213): include('/home/b33pwn0pw6vx/public_html/niua/app/Views/backend/odktest.php')
 3 SYSTEMPATH/View/View.php(216): CodeIgniter\View\View->CodeIgniter\View\{closure}()
 4 SYSTEMPATH/Common.php(1184): CodeIgniter\View\View->render()
 5 APPPATH/Controllers/Administrator/Admin.php(313): view()
 6 SYSTEMPATH/CodeIgniter.php(934): App\Controllers\Administrator\Admin->odk_api()
 7 SYSTEMPATH/CodeIgniter.php(499): CodeIgniter\CodeIgniter->runController()
 8 SYSTEMPATH/CodeIgniter.php(368): CodeIgniter\CodeIgniter->handleRequest()
 9 FCPATH/index.php(67): CodeIgniter\CodeIgniter->run()
INFO - 2023-09-28 17:13:34 --> Session: Class initialized using 'CodeIgniter\Session\Handlers\FileHandler' driver.
CRITICAL - 2023-09-28 17:13:36 --> View themes, no current section.
in SYSTEMPATH/View/View.php on line 394.
 1 APPPATH/Views/backend/odktest.php(2): CodeIgniter\View\View->endSection()
 2 SYSTEMPATH/View/View.php(213): include('/home/b33pwn0pw6vx/public_html/niua/app/Views/backend/odktest.php')
 3 SYSTEMPATH/View/View.php(216): CodeIgniter\View\View->CodeIgniter\View\{closure}()
 4 SYSTEMPATH/Common.php(1184): CodeIgniter\View\View->render()
 5 APPPATH/Controllers/Administrator/Admin.php(313): view()
 6 SYSTEMPATH/CodeIgniter.php(934): App\Controllers\Administrator\Admin->odk_api()
 7 SYSTEMPATH/CodeIgniter.php(499): CodeIgniter\CodeIgniter->runController()
 8 SYSTEMPATH/CodeIgniter.php(368): CodeIgniter\CodeIgniter->handleRequest()
 9 FCPATH/index.php(67): CodeIgniter\CodeIgniter->run()
INFO - 2023-09-28 17:13:39 --> Session: Class initialized using 'CodeIgniter\Session\Handlers\FileHandler' driver.
CRITICAL - 2023-09-28 17:13:40 --> View themes, no current section.
in SYSTEMPATH/View/View.php on line 394.
 1 APPPATH/Views/backend/odktest.php(2): CodeIgniter\View\View->endSection()
 2 SYSTEMPATH/View/View.php(213): include('/home/b33pwn0pw6vx/public_html/niua/app/Views/backend/odktest.php')
 3 SYSTEMPATH/View/View.php(216): CodeIgniter\View\View->CodeIgniter\View\{closure}()
 4 SYSTEMPATH/Common.php(1184): CodeIgniter\View\View->render()
 5 APPPATH/Controllers/Administrator/Admin.php(313): view()
 6 SYSTEMPATH/CodeIgniter.php(934): App\Controllers\Administrator\Admin->odk_api()
 7 SYSTEMPATH/CodeIgniter.php(499): CodeIgniter\CodeIgniter->runController()
 8 SYSTEMPATH/CodeIgniter.php(368): CodeIgniter\CodeIgniter->handleRequest()
 9 FCPATH/index.php(67): CodeIgniter\CodeIgniter->run()
INFO - 2023-09-28 17:13:59 --> Session: Class initialized using 'CodeIgniter\Session\Handlers\FileHandler' driver.
CRITICAL - 2023-09-28 17:14:01 --> View themes, no current section.
in SYSTEMPATH/View/View.php on line 394.
 1 APPPATH/Views/backend/odktest.php(2): CodeIgniter\View\View->endSection()
 2 SYSTEMPATH/View/View.php(213): include('/home/b33pwn0pw6vx/public_html/niua/app/Views/backend/odktest.php')
 3 SYSTEMPATH/View/View.php(216): CodeIgniter\View\View->CodeIgniter\View\{closure}()
 4 SYSTEMPATH/Common.php(1184): CodeIgniter\View\View->render()
 5 APPPATH/Controllers/Administrator/Admin.php(313): view()
 6 SYSTEMPATH/CodeIgniter.php(934): App\Controllers\Administrator\Admin->odk_api()
 7 SYSTEMPATH/CodeIgniter.php(499): CodeIgniter\CodeIgniter->runController()
 8 SYSTEMPATH/CodeIgniter.php(368): CodeIgniter\CodeIgniter->handleRequest()
 9 FCPATH/index.php(67): CodeIgniter\CodeIgniter->run()
INFO - 2023-09-28 17:14:07 --> Session: Class initialized using 'CodeIgniter\Session\Handlers\FileHandler' driver.
CRITICAL - 2023-09-28 17:14:09 --> View themes, no current section.
in SYSTEMPATH/View/View.php on line 394.
 1 APPPATH/Views/backend/odktest.php(2): CodeIgniter\View\View->endSection()
 2 SYSTEMPATH/View/View.php(213): include('/home/b33pwn0pw6vx/public_html/niua/app/Views/backend/odktest.php')
 3 SYSTEMPATH/View/View.php(216): CodeIgniter\View\View->CodeIgniter\View\{closure}()
 4 SYSTEMPATH/Common.php(1184): CodeIgniter\View\View->render()
 5 APPPATH/Controllers/Administrator/Admin.php(313): view()
 6 SYSTEMPATH/CodeIgniter.php(934): App\Controllers\Administrator\Admin->odk_api()
 7 SYSTEMPATH/CodeIgniter.php(499): CodeIgniter\CodeIgniter->runController()
 8 SYSTEMPATH/CodeIgniter.php(368): CodeIgniter\CodeIgniter->handleRequest()
 9 FCPATH/index.php(67): CodeIgniter\CodeIgniter->run()
INFO - 2023-09-28 17:14:36 --> Session: Class initialized using 'CodeIgniter\Session\Handlers\FileHandler' driver.
INFO - 2023-09-28 17:15:00 --> Session: Class initialized using 'CodeIgniter\Session\Handlers\FileHandler' driver.
INFO - 2023-09-28 17:15:38 --> Session: Class initialized using 'CodeIgniter\Session\Handlers\FileHandler' driver.
INFO - 2023-09-28 17:15:42 --> Session: Class initialized using 'CodeIgniter\Session\Handlers\FileHandler' driver.
INFO - 2023-09-28 17:16:08 --> Session: Class initialized using 'CodeIgniter\Session\Handlers\FileHandler' driver.
INFO - 2023-09-28 17:16:17 --> Session: Class initialized using 'CodeIgniter\Session\Handlers\FileHandler' driver.
INFO - 2023-09-28 17:25:26 --> Session: Class initialized using 'CodeIgniter\Session\Handlers\FileHandler' driver.
INFO - 2023-09-28 17:35:41 --> Session: Class initialized using 'CodeIgniter\Session\Handlers\FileHandler' driver.
INFO - 2023-09-28 17:35:45 --> Session: Class initialized using 'CodeIgniter\Session\Handlers\FileHandler' driver.
INFO - 2023-09-28 17:35:56 --> Session: Class initialized using 'CodeIgniter\Session\Handlers\FileHandler' driver.
INFO - 2023-09-28 17:36:25 --> Session: Class initialized using 'CodeIgniter\Session\Handlers\FileHandler' driver.
INFO - 2023-09-28 17:38:32 --> Session: Class initialized using 'CodeIgniter\Session\Handlers\FileHandler' driver.
INFO - 2023-09-28 17:38:39 --> Session: Class initialized using 'CodeIgniter\Session\Handlers\FileHandler' driver.
INFO - 2023-09-28 17:39:04 --> Session: Class initialized using 'CodeIgniter\Session\Handlers\FileHandler' driver.
INFO - 2023-09-28 17:41:12 --> Session: Class initialized using 'CodeIgniter\Session\Handlers\FileHandler' driver.
INFO - 2023-09-28 17:41:17 --> Session: Class initialized using 'CodeIgniter\Session\Handlers\FileHandler' driver.
INFO - 2023-09-28 17:41:20 --> Session: Class initialized using 'CodeIgniter\Session\Handlers\FileHandler' driver.
INFO - 2023-09-28 17:41:23 --> Session: Class initialized using 'CodeIgniter\Session\Handlers\FileHandler' driver.
INFO - 2023-09-28 17:41:26 --> Session: Class initialized using 'CodeIgniter\Session\Handlers\FileHandler' driver.
INFO - 2023-09-28 17:41:28 --> Session: Class initialized using 'CodeIgniter\Session\Handlers\FileHandler' driver.
INFO - 2023-09-28 17:41:30 --> Session: Class initialized using 'CodeIgniter\Session\Handlers\FileHandler' driver.
INFO - 2023-09-28 17:43:18 --> Session: Class initialized using 'CodeIgniter\Session\Handlers\FileHandler' driver.
INFO - 2023-09-28 17:43:23 --> Session: Class initialized using 'CodeIgniter\Session\Handlers\FileHandler' driver.
INFO - 2023-09-28 17:45:12 --> Session: Class initialized using 'CodeIgniter\Session\Handlers\FileHandler' driver.
INFO - 2023-09-28 17:45:20 --> Session: Class initialized using 'CodeIgniter\Session\Handlers\FileHandler' driver.
INFO - 2023-09-28 17:51:31 --> Session: Class initialized using 'CodeIgniter\Session\Handlers\FileHandler' driver.
INFO - 2023-09-28 17:54:19 --> Session: Class initialized using 'CodeIgniter\Session\Handlers\FileHandler' driver.
INFO - 2023-09-28 17:56:20 --> Session: Class initialized using 'CodeIgniter\Session\Handlers\FileHandler' driver.
INFO - 2023-09-28 17:58:47 --> Session: Class initialized using 'CodeIgniter\Session\Handlers\FileHandler' driver.
INFO - 2023-09-28 17:59:16 --> Session: Class initialized using 'CodeIgniter\Session\Handlers\FileHandler' driver.
INFO - 2023-09-28 17:59:28 --> Session: Class initialized using 'CodeIgniter\Session\Handlers\FileHandler' driver.
INFO - 2023-09-28 17:59:30 --> Session: Class initialized using 'CodeIgniter\Session\Handlers\FileHandler' driver.
INFO - 2023-09-28 17:59:49 --> Session: Class initialized using 'CodeIgniter\Session\Handlers\FileHandler' driver.
INFO - 2023-09-28 18:00:14 --> Session: Class initialized using 'CodeIgniter\Session\Handlers\FileHandler' driver.
INFO - 2023-09-28 18:00:17 --> Session: Class initialized using 'CodeIgniter\Session\Handlers\FileHandler' driver.
INFO - 2023-09-28 18:02:24 --> Session: Class initialized using 'CodeIgniter\Session\Handlers\FileHandler' driver.
INFO - 2023-09-28 18:02:39 --> Session: Class initialized using 'CodeIgniter\Session\Handlers\FileHandler' driver.
INFO - 2023-09-28 18:04:23 --> Session: Class initialized using 'CodeIgniter\Session\Handlers\FileHandler' driver.
INFO - 2023-09-28 18:04:27 --> Session: Class initialized using 'CodeIgniter\Session\Handlers\FileHandler' driver.
INFO - 2023-09-28 18:04:51 --> Session: Class initialized using 'CodeIgniter\Session\Handlers\FileHandler' driver.
INFO - 2023-09-28 18:06:37 --> Session: Class initialized using 'CodeIgniter\Session\Handlers\FileHandler' driver.
INFO - 2023-09-28 18:06:45 --> Session: Class initialized using 'CodeIgniter\Session\Handlers\FileHandler' driver.
INFO - 2023-09-28 18:07:19 --> Session: Class initialized using 'CodeIgniter\Session\Handlers\FileHandler' driver.
INFO - 2023-09-28 18:08:02 --> Session: Class initialized using 'CodeIgniter\Session\Handlers\FileHandler' driver.
INFO - 2023-09-28 18:08:09 --> Session: Class initialized using 'CodeIgniter\Session\Handlers\FileHandler' driver.
INFO - 2023-09-28 18:12:34 --> Session: Class initialized using 'CodeIgniter\Session\Handlers\FileHandler' driver.
INFO - 2023-09-28 18:12:48 --> Session: Class initialized using 'CodeIgniter\Session\Handlers\FileHandler' driver.
INFO - 2023-09-28 18:12:58 --> Session: Class initialized using 'CodeIgniter\Session\Handlers\FileHandler' driver.
INFO - 2023-09-28 18:14:01 --> Session: Class initialized using 'CodeIgniter\Session\Handlers\FileHandler' driver.
INFO - 2023-09-28 18:15:50 --> Session: Class initialized using 'CodeIgniter\Session\Handlers\FileHandler' driver.
